[36m[2021-04-10 13:21:41 DEBUG] [cli:73][39m ###############################################################################
[36m[2021-04-10 13:21:41 DEBUG] [cli:74][39m Running command 'run'
[36m[2021-04-10 13:21:41 DEBUG] [cli:78][39m Using settings file '/home/luisreciomelero/.chaostoolkit/settings.yaml'
[36m[2021-04-10 13:21:42 DEBUG] [settings:26][39m The Chaos Toolkit settings file could not be found at '/home/luisreciomelero/.chaostoolkit/settings.yaml'.
[36m[2021-04-10 13:21:42 DEBUG] [__init__:355][39m No controls to apply on 'loader'
[36m[2021-04-10 13:21:42 DEBUG] [__init__:355][39m No controls to apply on 'loader'
[36m[2021-04-10 13:21:42 DEBUG] [caching:25][39m Building activity cache...
[36m[2021-04-10 13:21:42 DEBUG] [caching:35][39m Cached 4 activities
[32m[2021-04-10 13:21:42 INFO] [experiment:47][39m Validating the experiment's syntax
[36m[2021-04-10 13:21:42 DEBUG] [configuration:54][39m Loading configuration...
[36m[2021-04-10 13:21:42 DEBUG] [secret:75][39m Loading secrets...
[36m[2021-04-10 13:21:42 DEBUG] [secret:92][39m Secrets loaded
[32m[2021-04-10 13:21:43 INFO] [experiment:96][39m Experiment looks valid
[36m[2021-04-10 13:21:43 DEBUG] [caching:42][39m Clearing activities cache
[36m[2021-04-10 13:21:43 DEBUG] [caching:25][39m Building activity cache...
[36m[2021-04-10 13:21:43 DEBUG] [caching:35][39m Cached 4 activities
[36m[2021-04-10 13:21:43 DEBUG] [configuration:54][39m Loading configuration...
[36m[2021-04-10 13:21:43 DEBUG] [secret:75][39m Loading secrets...
[36m[2021-04-10 13:21:43 DEBUG] [secret:92][39m Secrets loaded
[32m[2021-04-10 13:21:43 INFO] [run:323][39m Running experiment: What happens if we terminate a Pod?
[36m[2021-04-10 13:21:43 DEBUG] [__init__:39][39m Initializing controls
[32m[2021-04-10 13:21:43 INFO] [run:342][39m Steady-state strategy: default
[32m[2021-04-10 13:21:43 INFO] [run:345][39m Rollbacks strategy: default
[36m[2021-04-10 13:21:43 DEBUG] [__init__:355][39m No controls to apply on 'experiment'
[36m[2021-04-10 13:21:43 DEBUG] [run:466][39m Running steady-state hypothesis before the method
[32m[2021-04-10 13:21:43 INFO] [hypothesis:183][39m Steady state hypothesis: Pod exists
[36m[2021-04-10 13:21:43 DEBUG] [__init__:355][39m No controls to apply on 'hypothesis'
[36m[2021-04-10 13:21:43 DEBUG] [__init__:355][39m No controls to apply on 'activity'
[32m[2021-04-10 13:21:43 INFO] [activity:161][39m Probe: pod-exists
[36m[2021-04-10 13:21:43 DEBUG] [python:34][39m Activity 'pod-exists' loaded from '/home/luisreciomelero/.local/lib/python3.8/site-packages/chaosk8s/pod/probes.py'
[36m[2021-04-10 13:21:43 DEBUG] [__init__:65][39m Using Kubernetes context: default
[36m[2021-04-10 13:21:44 DEBUG] [probes:202][39m Found 1 pods matching label 'app=crud-app, component=ms-create' in ns 'default'
[36m[2021-04-10 13:21:44 DEBUG] [activity:180][39m   => succeeded with '1'
[36m[2021-04-10 13:21:44 DEBUG] [__init__:355][39m No controls to apply on 'activity'
[36m[2021-04-10 13:21:44 DEBUG] [hypothesis:211][39m allowed tolerance is 1
[36m[2021-04-10 13:21:44 DEBUG] [__init__:355][39m No controls to apply on 'activity'
[32m[2021-04-10 13:21:44 INFO] [activity:161][39m Probe: pod-in-phase
[36m[2021-04-10 13:21:44 DEBUG] [python:34][39m Activity 'pod-in-phase' loaded from '/home/luisreciomelero/.local/lib/python3.8/site-packages/chaosk8s/pod/probes.py'
[36m[2021-04-10 13:21:44 DEBUG] [__init__:65][39m Using Kubernetes context: default
[36m[2021-04-10 13:21:44 DEBUG] [probes:97][39m Found 1 pods matching label 'app=crud-app, component=ms-create' in ns 'default'
[36m[2021-04-10 13:21:44 DEBUG] [activity:180][39m   => succeeded with 'True'
[36m[2021-04-10 13:21:44 DEBUG] [__init__:355][39m No controls to apply on 'activity'
[36m[2021-04-10 13:21:44 DEBUG] [hypothesis:211][39m allowed tolerance is True
[36m[2021-04-10 13:21:44 DEBUG] [__init__:355][39m No controls to apply on 'activity'
[32m[2021-04-10 13:21:44 INFO] [activity:161][39m Probe: pod-in-conditions
[36m[2021-04-10 13:21:44 DEBUG] [python:34][39m Activity 'pod-in-conditions' loaded from '/home/luisreciomelero/.local/lib/python3.8/site-packages/chaosk8s/pod/probes.py'
[36m[2021-04-10 13:21:44 DEBUG] [__init__:65][39m Using Kubernetes context: default
[36m[2021-04-10 13:21:44 DEBUG] [probes:130][39m Found 1 pods matching label 'app=crud-app, component=ms-create' in ns 'default'
[36m[2021-04-10 13:21:44 DEBUG] [activity:180][39m   => succeeded with 'True'
[36m[2021-04-10 13:21:44 DEBUG] [__init__:355][39m No controls to apply on 'activity'
[36m[2021-04-10 13:21:44 DEBUG] [hypothesis:211][39m allowed tolerance is True
[32m[2021-04-10 13:21:44 INFO] [hypothesis:221][39m Steady state hypothesis is met!
[36m[2021-04-10 13:21:44 DEBUG] [__init__:355][39m No controls to apply on 'hypothesis'
[32m[2021-04-10 13:21:44 INFO] [run:553][39m Playing your experiment's method now...
[36m[2021-04-10 13:21:44 DEBUG] [__init__:355][39m No controls to apply on 'method'
[36m[2021-04-10 13:21:44 DEBUG] [__init__:355][39m No controls to apply on 'activity'
[32m[2021-04-10 13:21:44 INFO] [activity:161][39m Action: terminate-pod
[36m[2021-04-10 13:21:44 DEBUG] [python:34][39m Activity 'terminate-pod' loaded from '/home/luisreciomelero/.local/lib/python3.8/site-packages/chaosk8s/pod/actions.py'
[36m[2021-04-10 13:21:44 DEBUG] [__init__:65][39m Using Kubernetes context: default
[36m[2021-04-10 13:21:44 DEBUG] [actions:193][39m Found 1 pods labelled 'app=crud-app, component=ms-create' in ns default
[36m[2021-04-10 13:21:44 DEBUG] [activity:182][39m   => succeeded without any result value
[32m[2021-04-10 13:21:44 INFO] [activity:198][39m Pausing after activity for 40s...
[36m[2021-04-10 13:22:24 DEBUG] [__init__:355][39m No controls to apply on 'activity'
[36m[2021-04-10 13:22:24 DEBUG] [__init__:355][39m No controls to apply on 'method'
[36m[2021-04-10 13:22:24 DEBUG] [run:496][39m Running steady-state hypothesis after the method
[32m[2021-04-10 13:22:24 INFO] [hypothesis:183][39m Steady state hypothesis: Pod exists
[36m[2021-04-10 13:22:24 DEBUG] [__init__:355][39m No controls to apply on 'hypothesis'
[36m[2021-04-10 13:22:24 DEBUG] [__init__:355][39m No controls to apply on 'activity'
[32m[2021-04-10 13:22:24 INFO] [activity:161][39m Probe: pod-exists
[36m[2021-04-10 13:22:24 DEBUG] [python:34][39m Activity 'pod-exists' loaded from '/home/luisreciomelero/.local/lib/python3.8/site-packages/chaosk8s/pod/probes.py'
[36m[2021-04-10 13:22:24 DEBUG] [__init__:65][39m Using Kubernetes context: default
[36m[2021-04-10 13:22:24 DEBUG] [probes:202][39m Found 1 pods matching label 'app=crud-app, component=ms-create' in ns 'default'
[36m[2021-04-10 13:22:24 DEBUG] [activity:180][39m   => succeeded with '1'
[36m[2021-04-10 13:22:24 DEBUG] [__init__:355][39m No controls to apply on 'activity'
[36m[2021-04-10 13:22:24 DEBUG] [hypothesis:211][39m allowed tolerance is 1
[36m[2021-04-10 13:22:24 DEBUG] [__init__:355][39m No controls to apply on 'activity'
[32m[2021-04-10 13:22:24 INFO] [activity:161][39m Probe: pod-in-phase
[36m[2021-04-10 13:22:24 DEBUG] [python:34][39m Activity 'pod-in-phase' loaded from '/home/luisreciomelero/.local/lib/python3.8/site-packages/chaosk8s/pod/probes.py'
[36m[2021-04-10 13:22:24 DEBUG] [__init__:65][39m Using Kubernetes context: default
[36m[2021-04-10 13:22:24 DEBUG] [probes:97][39m Found 1 pods matching label 'app=crud-app, component=ms-create' in ns 'default'
[36m[2021-04-10 13:22:24 DEBUG] [activity:180][39m   => succeeded with 'True'
[36m[2021-04-10 13:22:24 DEBUG] [__init__:355][39m No controls to apply on 'activity'
[36m[2021-04-10 13:22:24 DEBUG] [hypothesis:211][39m allowed tolerance is True
[36m[2021-04-10 13:22:24 DEBUG] [__init__:355][39m No controls to apply on 'activity'
[32m[2021-04-10 13:22:24 INFO] [activity:161][39m Probe: pod-in-conditions
[36m[2021-04-10 13:22:24 DEBUG] [python:34][39m Activity 'pod-in-conditions' loaded from '/home/luisreciomelero/.local/lib/python3.8/site-packages/chaosk8s/pod/probes.py'
[36m[2021-04-10 13:22:24 DEBUG] [__init__:65][39m Using Kubernetes context: default
[36m[2021-04-10 13:22:24 DEBUG] [probes:130][39m Found 1 pods matching label 'app=crud-app, component=ms-create' in ns 'default'
[36m[2021-04-10 13:22:24 DEBUG] [activity:235][39m Activity failed
    Traceback (most recent call last):
      File "/home/luisreciomelero/.local/lib/python3.8/site-packages/chaoslib/provider/python.py", line 55, in run_python_activity
        return func(**arguments)
      File "/home/luisreciomelero/.local/lib/python3.8/site-packages/chaosk8s/pod/probes.py", line 149, in pods_in_conditions
        raise ActivityFailed("pod {name} does not match the following "
    chaoslib.exceptions.ActivityFailed: pod ms-create-depl-5f7d6d568-mhb4n does not match the following given condition: {'type': 'Ready', 'status': 'True'}
    
    During handling of the above exception, another exception occurred:
    
    Traceback (most recent call last):
      File "/home/luisreciomelero/.local/lib/python3.8/site-packages/chaoslib/activity.py", line 228, in run_activity
        result = run_python_activity(activity, configuration, secrets)
      File "/home/luisreciomelero/.local/lib/python3.8/site-packages/chaoslib/provider/python.py", line 57, in run_python_activity
        raise ActivityFailed(
      File "/home/luisreciomelero/.local/lib/python3.8/site-packages/chaoslib/provider/python.py", line 55, in run_python_activity
        return func(**arguments)
      File "/home/luisreciomelero/.local/lib/python3.8/site-packages/chaosk8s/pod/probes.py", line 149, in pods_in_conditions
        raise ActivityFailed("pod {name} does not match the following "
    chaoslib.exceptions.ActivityFailed: chaoslib.exceptions.ActivityFailed: pod ms-create-depl-5f7d6d568-mhb4n does not match the following given condition: {'type': 'Ready', 'status': 'True'}
[31m[2021-04-10 13:22:25 ERROR] [activity:188][39m   => failed: chaoslib.exceptions.ActivityFailed: pod ms-create-depl-5f7d6d568-mhb4n does not match the following given condition: {'type': 'Ready', 'status': 'True'}
[36m[2021-04-10 13:22:25 DEBUG] [__init__:355][39m No controls to apply on 'activity'
[33m[2021-04-10 13:22:25 WARNING] [hypothesis:200][39m Probe terminated unexpectedly, so its tolerance could not be validated
[36m[2021-04-10 13:22:25 DEBUG] [__init__:355][39m No controls to apply on 'hypothesis'
[31m[2021-04-10 13:22:25 CRITICAL] [run:507][39m Steady state probe 'pod-in-conditions' is not in the given tolerance so failing this experiment
[32m[2021-04-10 13:22:25 INFO] [run:421][39m Experiment ended with status: deviated
[32m[2021-04-10 13:22:25 INFO] [run:423][39m The steady-state has deviated, a weakness may have been discovered
[36m[2021-04-10 13:22:25 DEBUG] [__init__:355][39m No controls to apply on 'experiment'
[36m[2021-04-10 13:22:25 DEBUG] [__init__:72][39m Cleaning up controls
[36m[2021-04-10 13:22:25 DEBUG] [caching:42][39m Clearing activities cache
[36m[2021-04-10 13:24:52 DEBUG] [cli:73][39m ###############################################################################
[36m[2021-04-10 13:24:52 DEBUG] [cli:74][39m Running command 'run'
[36m[2021-04-10 13:24:52 DEBUG] [cli:78][39m Using settings file '/home/luisreciomelero/.chaostoolkit/settings.yaml'
[36m[2021-04-10 13:24:53 DEBUG] [settings:26][39m The Chaos Toolkit settings file could not be found at '/home/luisreciomelero/.chaostoolkit/settings.yaml'.
[36m[2021-04-10 13:24:53 DEBUG] [__init__:355][39m No controls to apply on 'loader'
[36m[2021-04-10 13:24:53 DEBUG] [__init__:355][39m No controls to apply on 'loader'
[36m[2021-04-10 13:24:53 DEBUG] [caching:25][39m Building activity cache...
[36m[2021-04-10 13:24:53 DEBUG] [caching:35][39m Cached 4 activities
[32m[2021-04-10 13:24:53 INFO] [experiment:47][39m Validating the experiment's syntax
[36m[2021-04-10 13:24:53 DEBUG] [configuration:54][39m Loading configuration...
[36m[2021-04-10 13:24:53 DEBUG] [secret:75][39m Loading secrets...
[36m[2021-04-10 13:24:53 DEBUG] [secret:92][39m Secrets loaded
[32m[2021-04-10 13:24:53 INFO] [experiment:96][39m Experiment looks valid
[36m[2021-04-10 13:24:53 DEBUG] [caching:42][39m Clearing activities cache
[36m[2021-04-10 13:24:53 DEBUG] [caching:25][39m Building activity cache...
[36m[2021-04-10 13:24:53 DEBUG] [caching:35][39m Cached 4 activities
[36m[2021-04-10 13:24:53 DEBUG] [configuration:54][39m Loading configuration...
[36m[2021-04-10 13:24:53 DEBUG] [secret:75][39m Loading secrets...
[36m[2021-04-10 13:24:53 DEBUG] [secret:92][39m Secrets loaded
[32m[2021-04-10 13:24:53 INFO] [run:323][39m Running experiment: What happens if we terminate a Pod?
[36m[2021-04-10 13:24:53 DEBUG] [__init__:39][39m Initializing controls
[32m[2021-04-10 13:24:53 INFO] [run:342][39m Steady-state strategy: default
[32m[2021-04-10 13:24:53 INFO] [run:345][39m Rollbacks strategy: default
[36m[2021-04-10 13:24:53 DEBUG] [__init__:355][39m No controls to apply on 'experiment'
[36m[2021-04-10 13:24:53 DEBUG] [run:466][39m Running steady-state hypothesis before the method
[32m[2021-04-10 13:24:53 INFO] [hypothesis:183][39m Steady state hypothesis: Pod exists
[36m[2021-04-10 13:24:53 DEBUG] [__init__:355][39m No controls to apply on 'hypothesis'
[36m[2021-04-10 13:24:53 DEBUG] [__init__:355][39m No controls to apply on 'activity'
[32m[2021-04-10 13:24:53 INFO] [activity:161][39m Probe: pod-exists
[36m[2021-04-10 13:24:53 DEBUG] [python:34][39m Activity 'pod-exists' loaded from '/home/luisreciomelero/.local/lib/python3.8/site-packages/chaosk8s/pod/probes.py'
[36m[2021-04-10 13:24:53 DEBUG] [__init__:65][39m Using Kubernetes context: default
[36m[2021-04-10 13:24:53 DEBUG] [probes:202][39m Found 1 pods matching label 'app=crud-app, component=ms-create' in ns 'default'
[36m[2021-04-10 13:24:53 DEBUG] [activity:180][39m   => succeeded with '1'
[36m[2021-04-10 13:24:53 DEBUG] [__init__:355][39m No controls to apply on 'activity'
[36m[2021-04-10 13:24:53 DEBUG] [hypothesis:211][39m allowed tolerance is 1
[36m[2021-04-10 13:24:53 DEBUG] [__init__:355][39m No controls to apply on 'activity'
[32m[2021-04-10 13:24:53 INFO] [activity:161][39m Probe: pod-in-phase
[36m[2021-04-10 13:24:53 DEBUG] [python:34][39m Activity 'pod-in-phase' loaded from '/home/luisreciomelero/.local/lib/python3.8/site-packages/chaosk8s/pod/probes.py'
[36m[2021-04-10 13:24:53 DEBUG] [__init__:65][39m Using Kubernetes context: default
[36m[2021-04-10 13:24:53 DEBUG] [probes:97][39m Found 1 pods matching label 'app=crud-app, component=ms-create' in ns 'default'
[36m[2021-04-10 13:24:53 DEBUG] [activity:180][39m   => succeeded with 'True'
[36m[2021-04-10 13:24:53 DEBUG] [__init__:355][39m No controls to apply on 'activity'
[36m[2021-04-10 13:24:53 DEBUG] [hypothesis:211][39m allowed tolerance is True
[36m[2021-04-10 13:24:53 DEBUG] [__init__:355][39m No controls to apply on 'activity'
[32m[2021-04-10 13:24:53 INFO] [activity:161][39m Probe: pod-in-conditions
[36m[2021-04-10 13:24:53 DEBUG] [python:34][39m Activity 'pod-in-conditions' loaded from '/home/luisreciomelero/.local/lib/python3.8/site-packages/chaosk8s/pod/probes.py'
[36m[2021-04-10 13:24:53 DEBUG] [__init__:65][39m Using Kubernetes context: default
[36m[2021-04-10 13:24:53 DEBUG] [probes:130][39m Found 1 pods matching label 'app=crud-app, component=ms-create' in ns 'default'
[36m[2021-04-10 13:24:53 DEBUG] [activity:180][39m   => succeeded with 'True'
[36m[2021-04-10 13:24:53 DEBUG] [__init__:355][39m No controls to apply on 'activity'
[36m[2021-04-10 13:24:53 DEBUG] [hypothesis:211][39m allowed tolerance is True
[32m[2021-04-10 13:24:53 INFO] [hypothesis:221][39m Steady state hypothesis is met!
[36m[2021-04-10 13:24:53 DEBUG] [__init__:355][39m No controls to apply on 'hypothesis'
[32m[2021-04-10 13:24:53 INFO] [run:553][39m Playing your experiment's method now...
[36m[2021-04-10 13:24:53 DEBUG] [__init__:355][39m No controls to apply on 'method'
[36m[2021-04-10 13:24:53 DEBUG] [__init__:355][39m No controls to apply on 'activity'
[32m[2021-04-10 13:24:53 INFO] [activity:161][39m Action: terminate-pod
[36m[2021-04-10 13:24:53 DEBUG] [python:34][39m Activity 'terminate-pod' loaded from '/home/luisreciomelero/.local/lib/python3.8/site-packages/chaosk8s/pod/actions.py'
[36m[2021-04-10 13:24:53 DEBUG] [__init__:65][39m Using Kubernetes context: default
[36m[2021-04-10 13:24:53 DEBUG] [actions:193][39m Found 1 pods labelled 'app=crud-app, component=ms-create' in ns default
[36m[2021-04-10 13:24:53 DEBUG] [activity:182][39m   => succeeded without any result value
[32m[2021-04-10 13:24:53 INFO] [activity:198][39m Pausing after activity for 80s...
[36m[2021-04-10 13:26:13 DEBUG] [__init__:355][39m No controls to apply on 'activity'
[36m[2021-04-10 13:26:13 DEBUG] [__init__:355][39m No controls to apply on 'method'
[36m[2021-04-10 13:26:13 DEBUG] [run:496][39m Running steady-state hypothesis after the method
[32m[2021-04-10 13:26:13 INFO] [hypothesis:183][39m Steady state hypothesis: Pod exists
[36m[2021-04-10 13:26:13 DEBUG] [__init__:355][39m No controls to apply on 'hypothesis'
[36m[2021-04-10 13:26:13 DEBUG] [__init__:355][39m No controls to apply on 'activity'
[32m[2021-04-10 13:26:13 INFO] [activity:161][39m Probe: pod-exists
[36m[2021-04-10 13:26:13 DEBUG] [python:34][39m Activity 'pod-exists' loaded from '/home/luisreciomelero/.local/lib/python3.8/site-packages/chaosk8s/pod/probes.py'
[36m[2021-04-10 13:26:14 DEBUG] [__init__:65][39m Using Kubernetes context: default
[36m[2021-04-10 13:26:18 DEBUG] [probes:202][39m Found 1 pods matching label 'app=crud-app, component=ms-create' in ns 'default'
[36m[2021-04-10 13:26:18 DEBUG] [activity:180][39m   => succeeded with '1'
[36m[2021-04-10 13:26:18 DEBUG] [__init__:355][39m No controls to apply on 'activity'
[36m[2021-04-10 13:26:18 DEBUG] [hypothesis:211][39m allowed tolerance is 1
[36m[2021-04-10 13:26:18 DEBUG] [__init__:355][39m No controls to apply on 'activity'
[32m[2021-04-10 13:26:18 INFO] [activity:161][39m Probe: pod-in-phase
[36m[2021-04-10 13:26:18 DEBUG] [python:34][39m Activity 'pod-in-phase' loaded from '/home/luisreciomelero/.local/lib/python3.8/site-packages/chaosk8s/pod/probes.py'
[36m[2021-04-10 13:26:18 DEBUG] [__init__:65][39m Using Kubernetes context: default
[36m[2021-04-10 13:26:21 DEBUG] [probes:97][39m Found 1 pods matching label 'app=crud-app, component=ms-create' in ns 'default'
[36m[2021-04-10 13:26:21 DEBUG] [activity:180][39m   => succeeded with 'True'
[36m[2021-04-10 13:26:21 DEBUG] [__init__:355][39m No controls to apply on 'activity'
[36m[2021-04-10 13:26:21 DEBUG] [hypothesis:211][39m allowed tolerance is True
[36m[2021-04-10 13:26:21 DEBUG] [__init__:355][39m No controls to apply on 'activity'
[32m[2021-04-10 13:26:21 INFO] [activity:161][39m Probe: pod-in-conditions
[36m[2021-04-10 13:26:21 DEBUG] [python:34][39m Activity 'pod-in-conditions' loaded from '/home/luisreciomelero/.local/lib/python3.8/site-packages/chaosk8s/pod/probes.py'
[36m[2021-04-10 13:26:21 DEBUG] [__init__:65][39m Using Kubernetes context: default
[36m[2021-04-10 13:26:22 DEBUG] [probes:130][39m Found 1 pods matching label 'app=crud-app, component=ms-create' in ns 'default'
[36m[2021-04-10 13:26:22 DEBUG] [activity:235][39m Activity failed
    Traceback (most recent call last):
      File "/home/luisreciomelero/.local/lib/python3.8/site-packages/chaoslib/provider/python.py", line 55, in run_python_activity
        return func(**arguments)
      File "/home/luisreciomelero/.local/lib/python3.8/site-packages/chaosk8s/pod/probes.py", line 149, in pods_in_conditions
        raise ActivityFailed("pod {name} does not match the following "
    chaoslib.exceptions.ActivityFailed: pod ms-create-depl-5f7d6d568-pn775 does not match the following given condition: {'type': 'Ready', 'status': 'True'}
    
    During handling of the above exception, another exception occurred:
    
    Traceback (most recent call last):
      File "/home/luisreciomelero/.local/lib/python3.8/site-packages/chaoslib/activity.py", line 228, in run_activity
        result = run_python_activity(activity, configuration, secrets)
      File "/home/luisreciomelero/.local/lib/python3.8/site-packages/chaoslib/provider/python.py", line 57, in run_python_activity
        raise ActivityFailed(
      File "/home/luisreciomelero/.local/lib/python3.8/site-packages/chaoslib/provider/python.py", line 55, in run_python_activity
        return func(**arguments)
      File "/home/luisreciomelero/.local/lib/python3.8/site-packages/chaosk8s/pod/probes.py", line 149, in pods_in_conditions
        raise ActivityFailed("pod {name} does not match the following "
    chaoslib.exceptions.ActivityFailed: chaoslib.exceptions.ActivityFailed: pod ms-create-depl-5f7d6d568-pn775 does not match the following given condition: {'type': 'Ready', 'status': 'True'}
[31m[2021-04-10 13:26:23 ERROR] [activity:188][39m   => failed: chaoslib.exceptions.ActivityFailed: pod ms-create-depl-5f7d6d568-pn775 does not match the following given condition: {'type': 'Ready', 'status': 'True'}
[36m[2021-04-10 13:26:23 DEBUG] [__init__:355][39m No controls to apply on 'activity'
[33m[2021-04-10 13:26:23 WARNING] [hypothesis:200][39m Probe terminated unexpectedly, so its tolerance could not be validated
[36m[2021-04-10 13:26:23 DEBUG] [__init__:355][39m No controls to apply on 'hypothesis'
[31m[2021-04-10 13:26:23 CRITICAL] [run:507][39m Steady state probe 'pod-in-conditions' is not in the given tolerance so failing this experiment
[32m[2021-04-10 13:26:23 INFO] [run:421][39m Experiment ended with status: deviated
[32m[2021-04-10 13:26:23 INFO] [run:423][39m The steady-state has deviated, a weakness may have been discovered
[36m[2021-04-10 13:26:23 DEBUG] [__init__:355][39m No controls to apply on 'experiment'
[36m[2021-04-10 13:26:23 DEBUG] [__init__:72][39m Cleaning up controls
[36m[2021-04-10 13:26:23 DEBUG] [caching:42][39m Clearing activities cache
[36m[2021-04-10 13:28:43 DEBUG] [cli:73][39m ###############################################################################
[36m[2021-04-10 13:28:43 DEBUG] [cli:74][39m Running command 'run'
[36m[2021-04-10 13:28:43 DEBUG] [cli:78][39m Using settings file '/home/luisreciomelero/.chaostoolkit/settings.yaml'
[36m[2021-04-10 13:28:44 DEBUG] [settings:26][39m The Chaos Toolkit settings file could not be found at '/home/luisreciomelero/.chaostoolkit/settings.yaml'.
[36m[2021-04-10 13:28:44 DEBUG] [__init__:355][39m No controls to apply on 'loader'
[36m[2021-04-10 13:28:44 DEBUG] [__init__:355][39m No controls to apply on 'loader'
[36m[2021-04-10 13:28:44 DEBUG] [caching:25][39m Building activity cache...
[36m[2021-04-10 13:28:44 DEBUG] [caching:35][39m Cached 4 activities
[32m[2021-04-10 13:28:44 INFO] [experiment:47][39m Validating the experiment's syntax
[36m[2021-04-10 13:28:44 DEBUG] [configuration:54][39m Loading configuration...
[36m[2021-04-10 13:28:44 DEBUG] [secret:75][39m Loading secrets...
[36m[2021-04-10 13:28:44 DEBUG] [secret:92][39m Secrets loaded
[32m[2021-04-10 13:28:47 INFO] [experiment:96][39m Experiment looks valid
[36m[2021-04-10 13:28:47 DEBUG] [caching:42][39m Clearing activities cache
[36m[2021-04-10 13:28:47 DEBUG] [caching:25][39m Building activity cache...
[36m[2021-04-10 13:28:47 DEBUG] [caching:35][39m Cached 4 activities
[36m[2021-04-10 13:28:47 DEBUG] [configuration:54][39m Loading configuration...
[36m[2021-04-10 13:28:47 DEBUG] [secret:75][39m Loading secrets...
[36m[2021-04-10 13:28:47 DEBUG] [secret:92][39m Secrets loaded
[32m[2021-04-10 13:28:47 INFO] [run:323][39m Running experiment: What happens if we terminate a Pod?
[36m[2021-04-10 13:28:47 DEBUG] [__init__:39][39m Initializing controls
[32m[2021-04-10 13:28:47 INFO] [run:342][39m Steady-state strategy: default
[32m[2021-04-10 13:28:47 INFO] [run:345][39m Rollbacks strategy: default
[36m[2021-04-10 13:28:47 DEBUG] [__init__:355][39m No controls to apply on 'experiment'
[36m[2021-04-10 13:28:47 DEBUG] [run:466][39m Running steady-state hypothesis before the method
[32m[2021-04-10 13:28:47 INFO] [hypothesis:183][39m Steady state hypothesis: Pod exists
[36m[2021-04-10 13:28:47 DEBUG] [__init__:355][39m No controls to apply on 'hypothesis'
[36m[2021-04-10 13:28:47 DEBUG] [__init__:355][39m No controls to apply on 'activity'
[32m[2021-04-10 13:28:47 INFO] [activity:161][39m Probe: pod-exists
[36m[2021-04-10 13:28:47 DEBUG] [python:34][39m Activity 'pod-exists' loaded from '/home/luisreciomelero/.local/lib/python3.8/site-packages/chaosk8s/pod/probes.py'
[36m[2021-04-10 13:28:47 DEBUG] [__init__:65][39m Using Kubernetes context: default
[36m[2021-04-10 13:28:47 DEBUG] [probes:202][39m Found 1 pods matching label 'app=crud-app, component=ms-create' in ns 'default'
[36m[2021-04-10 13:28:47 DEBUG] [activity:180][39m   => succeeded with '1'
[36m[2021-04-10 13:28:47 DEBUG] [__init__:355][39m No controls to apply on 'activity'
[36m[2021-04-10 13:28:47 DEBUG] [hypothesis:211][39m allowed tolerance is 1
[36m[2021-04-10 13:28:47 DEBUG] [__init__:355][39m No controls to apply on 'activity'
[32m[2021-04-10 13:28:47 INFO] [activity:161][39m Probe: pod-in-phase
[36m[2021-04-10 13:28:47 DEBUG] [python:34][39m Activity 'pod-in-phase' loaded from '/home/luisreciomelero/.local/lib/python3.8/site-packages/chaosk8s/pod/probes.py'
[36m[2021-04-10 13:28:47 DEBUG] [__init__:65][39m Using Kubernetes context: default
[36m[2021-04-10 13:28:47 DEBUG] [probes:97][39m Found 1 pods matching label 'app=crud-app, component=ms-create' in ns 'default'
[36m[2021-04-10 13:28:47 DEBUG] [activity:180][39m   => succeeded with 'True'
[36m[2021-04-10 13:28:47 DEBUG] [__init__:355][39m No controls to apply on 'activity'
[36m[2021-04-10 13:28:47 DEBUG] [hypothesis:211][39m allowed tolerance is True
[36m[2021-04-10 13:28:47 DEBUG] [__init__:355][39m No controls to apply on 'activity'
[32m[2021-04-10 13:28:47 INFO] [activity:161][39m Probe: pod-in-conditions
[36m[2021-04-10 13:28:47 DEBUG] [python:34][39m Activity 'pod-in-conditions' loaded from '/home/luisreciomelero/.local/lib/python3.8/site-packages/chaosk8s/pod/probes.py'
[36m[2021-04-10 13:28:47 DEBUG] [__init__:65][39m Using Kubernetes context: default
[36m[2021-04-10 13:28:47 DEBUG] [probes:130][39m Found 1 pods matching label 'app=crud-app, component=ms-create' in ns 'default'
[36m[2021-04-10 13:28:47 DEBUG] [activity:180][39m   => succeeded with 'True'
[36m[2021-04-10 13:28:47 DEBUG] [__init__:355][39m No controls to apply on 'activity'
[36m[2021-04-10 13:28:47 DEBUG] [hypothesis:211][39m allowed tolerance is True
[32m[2021-04-10 13:28:47 INFO] [hypothesis:221][39m Steady state hypothesis is met!
[36m[2021-04-10 13:28:47 DEBUG] [__init__:355][39m No controls to apply on 'hypothesis'
[32m[2021-04-10 13:28:47 INFO] [run:553][39m Playing your experiment's method now...
[36m[2021-04-10 13:28:47 DEBUG] [__init__:355][39m No controls to apply on 'method'
[36m[2021-04-10 13:28:47 DEBUG] [__init__:355][39m No controls to apply on 'activity'
[32m[2021-04-10 13:28:47 INFO] [activity:161][39m Action: terminate-pod
[36m[2021-04-10 13:28:47 DEBUG] [python:34][39m Activity 'terminate-pod' loaded from '/home/luisreciomelero/.local/lib/python3.8/site-packages/chaosk8s/pod/actions.py'
[36m[2021-04-10 13:28:47 DEBUG] [__init__:65][39m Using Kubernetes context: default
[36m[2021-04-10 13:28:47 DEBUG] [actions:193][39m Found 1 pods labelled 'app=crud-app, component=ms-create' in ns default
[36m[2021-04-10 13:28:47 DEBUG] [activity:182][39m   => succeeded without any result value
[32m[2021-04-10 13:28:47 INFO] [activity:198][39m Pausing after activity for 120s...
[36m[2021-04-10 13:30:47 DEBUG] [__init__:355][39m No controls to apply on 'activity'
[36m[2021-04-10 13:30:47 DEBUG] [__init__:355][39m No controls to apply on 'method'
[36m[2021-04-10 13:30:47 DEBUG] [run:496][39m Running steady-state hypothesis after the method
[32m[2021-04-10 13:30:47 INFO] [hypothesis:183][39m Steady state hypothesis: Pod exists
[36m[2021-04-10 13:30:47 DEBUG] [__init__:355][39m No controls to apply on 'hypothesis'
[36m[2021-04-10 13:30:47 DEBUG] [__init__:355][39m No controls to apply on 'activity'
[32m[2021-04-10 13:30:47 INFO] [activity:161][39m Probe: pod-exists
[36m[2021-04-10 13:30:47 DEBUG] [python:34][39m Activity 'pod-exists' loaded from '/home/luisreciomelero/.local/lib/python3.8/site-packages/chaosk8s/pod/probes.py'
[36m[2021-04-10 13:30:47 DEBUG] [__init__:65][39m Using Kubernetes context: default
[36m[2021-04-10 13:30:47 DEBUG] [probes:202][39m Found 1 pods matching label 'app=crud-app, component=ms-create' in ns 'default'
[36m[2021-04-10 13:30:47 DEBUG] [activity:180][39m   => succeeded with '1'
[36m[2021-04-10 13:30:47 DEBUG] [__init__:355][39m No controls to apply on 'activity'
[36m[2021-04-10 13:30:47 DEBUG] [hypothesis:211][39m allowed tolerance is 1
[36m[2021-04-10 13:30:47 DEBUG] [__init__:355][39m No controls to apply on 'activity'
[32m[2021-04-10 13:30:47 INFO] [activity:161][39m Probe: pod-in-phase
[36m[2021-04-10 13:30:47 DEBUG] [python:34][39m Activity 'pod-in-phase' loaded from '/home/luisreciomelero/.local/lib/python3.8/site-packages/chaosk8s/pod/probes.py'
[36m[2021-04-10 13:30:47 DEBUG] [__init__:65][39m Using Kubernetes context: default
[36m[2021-04-10 13:30:47 DEBUG] [probes:97][39m Found 1 pods matching label 'app=crud-app, component=ms-create' in ns 'default'
[36m[2021-04-10 13:30:47 DEBUG] [activity:180][39m   => succeeded with 'True'
[36m[2021-04-10 13:30:47 DEBUG] [__init__:355][39m No controls to apply on 'activity'
[36m[2021-04-10 13:30:47 DEBUG] [hypothesis:211][39m allowed tolerance is True
[36m[2021-04-10 13:30:47 DEBUG] [__init__:355][39m No controls to apply on 'activity'
[32m[2021-04-10 13:30:47 INFO] [activity:161][39m Probe: pod-in-conditions
[36m[2021-04-10 13:30:47 DEBUG] [python:34][39m Activity 'pod-in-conditions' loaded from '/home/luisreciomelero/.local/lib/python3.8/site-packages/chaosk8s/pod/probes.py'
[36m[2021-04-10 13:30:47 DEBUG] [__init__:65][39m Using Kubernetes context: default
[36m[2021-04-10 13:30:47 DEBUG] [probes:130][39m Found 1 pods matching label 'app=crud-app, component=ms-create' in ns 'default'
[36m[2021-04-10 13:30:47 DEBUG] [activity:235][39m Activity failed
    Traceback (most recent call last):
      File "/home/luisreciomelero/.local/lib/python3.8/site-packages/chaoslib/provider/python.py", line 55, in run_python_activity
        return func(**arguments)
      File "/home/luisreciomelero/.local/lib/python3.8/site-packages/chaosk8s/pod/probes.py", line 149, in pods_in_conditions
        raise ActivityFailed("pod {name} does not match the following "
    chaoslib.exceptions.ActivityFailed: pod ms-create-depl-5f7d6d568-2lf2f does not match the following given condition: {'type': 'Ready', 'status': 'True'}
    
    During handling of the above exception, another exception occurred:
    
    Traceback (most recent call last):
      File "/home/luisreciomelero/.local/lib/python3.8/site-packages/chaoslib/activity.py", line 228, in run_activity
        result = run_python_activity(activity, configuration, secrets)
      File "/home/luisreciomelero/.local/lib/python3.8/site-packages/chaoslib/provider/python.py", line 57, in run_python_activity
        raise ActivityFailed(
      File "/home/luisreciomelero/.local/lib/python3.8/site-packages/chaoslib/provider/python.py", line 55, in run_python_activity
        return func(**arguments)
      File "/home/luisreciomelero/.local/lib/python3.8/site-packages/chaosk8s/pod/probes.py", line 149, in pods_in_conditions
        raise ActivityFailed("pod {name} does not match the following "
    chaoslib.exceptions.ActivityFailed: chaoslib.exceptions.ActivityFailed: pod ms-create-depl-5f7d6d568-2lf2f does not match the following given condition: {'type': 'Ready', 'status': 'True'}
[31m[2021-04-10 13:30:47 ERROR] [activity:188][39m   => failed: chaoslib.exceptions.ActivityFailed: pod ms-create-depl-5f7d6d568-2lf2f does not match the following given condition: {'type': 'Ready', 'status': 'True'}
[36m[2021-04-10 13:30:47 DEBUG] [__init__:355][39m No controls to apply on 'activity'
[33m[2021-04-10 13:30:47 WARNING] [hypothesis:200][39m Probe terminated unexpectedly, so its tolerance could not be validated
[36m[2021-04-10 13:30:47 DEBUG] [__init__:355][39m No controls to apply on 'hypothesis'
[31m[2021-04-10 13:30:47 CRITICAL] [run:507][39m Steady state probe 'pod-in-conditions' is not in the given tolerance so failing this experiment
[32m[2021-04-10 13:30:47 INFO] [run:421][39m Experiment ended with status: deviated
[32m[2021-04-10 13:30:47 INFO] [run:423][39m The steady-state has deviated, a weakness may have been discovered
[36m[2021-04-10 13:30:47 DEBUG] [__init__:355][39m No controls to apply on 'experiment'
[36m[2021-04-10 13:30:47 DEBUG] [__init__:72][39m Cleaning up controls
[36m[2021-04-10 13:30:47 DEBUG] [caching:42][39m Clearing activities cache
[36m[2021-04-10 13:36:50 DEBUG] [cli:73][39m ###############################################################################
[36m[2021-04-10 13:36:50 DEBUG] [cli:74][39m Running command 'run'
[36m[2021-04-10 13:36:50 DEBUG] [cli:78][39m Using settings file '/home/luisreciomelero/.chaostoolkit/settings.yaml'
[36m[2021-04-10 13:36:51 DEBUG] [settings:26][39m The Chaos Toolkit settings file could not be found at '/home/luisreciomelero/.chaostoolkit/settings.yaml'.
[36m[2021-04-10 13:36:51 DEBUG] [__init__:355][39m No controls to apply on 'loader'
[36m[2021-04-10 13:36:51 DEBUG] [__init__:355][39m No controls to apply on 'loader'
[36m[2021-04-10 13:36:51 DEBUG] [caching:25][39m Building activity cache...
[36m[2021-04-10 13:36:51 DEBUG] [caching:35][39m Cached 4 activities
[32m[2021-04-10 13:36:51 INFO] [experiment:47][39m Validating the experiment's syntax
[36m[2021-04-10 13:36:51 DEBUG] [configuration:54][39m Loading configuration...
[36m[2021-04-10 13:36:51 DEBUG] [secret:75][39m Loading secrets...
[36m[2021-04-10 13:36:51 DEBUG] [secret:92][39m Secrets loaded
[32m[2021-04-10 13:36:56 INFO] [experiment:96][39m Experiment looks valid
[36m[2021-04-10 13:36:56 DEBUG] [caching:42][39m Clearing activities cache
[36m[2021-04-10 13:36:56 DEBUG] [caching:25][39m Building activity cache...
[36m[2021-04-10 13:36:56 DEBUG] [caching:35][39m Cached 4 activities
[36m[2021-04-10 13:36:56 DEBUG] [configuration:54][39m Loading configuration...
[36m[2021-04-10 13:36:56 DEBUG] [secret:75][39m Loading secrets...
[36m[2021-04-10 13:36:56 DEBUG] [secret:92][39m Secrets loaded
[32m[2021-04-10 13:36:56 INFO] [run:323][39m Running experiment: What happens if we terminate a Pod?
[36m[2021-04-10 13:36:56 DEBUG] [__init__:39][39m Initializing controls
[32m[2021-04-10 13:36:56 INFO] [run:342][39m Steady-state strategy: default
[32m[2021-04-10 13:36:56 INFO] [run:345][39m Rollbacks strategy: default
[36m[2021-04-10 13:36:56 DEBUG] [__init__:355][39m No controls to apply on 'experiment'
[36m[2021-04-10 13:36:56 DEBUG] [run:466][39m Running steady-state hypothesis before the method
[32m[2021-04-10 13:36:56 INFO] [hypothesis:183][39m Steady state hypothesis: Pod exists
[36m[2021-04-10 13:36:56 DEBUG] [__init__:355][39m No controls to apply on 'hypothesis'
[36m[2021-04-10 13:36:56 DEBUG] [__init__:355][39m No controls to apply on 'activity'
[32m[2021-04-10 13:36:56 INFO] [activity:161][39m Probe: pod-exists
[36m[2021-04-10 13:36:56 DEBUG] [python:34][39m Activity 'pod-exists' loaded from '/home/luisreciomelero/.local/lib/python3.8/site-packages/chaosk8s/pod/probes.py'
[36m[2021-04-10 13:36:56 DEBUG] [__init__:65][39m Using Kubernetes context: default
[36m[2021-04-10 13:36:56 DEBUG] [probes:202][39m Found 1 pods matching label 'app=crud-app, component=ms-create' in ns 'default'
[36m[2021-04-10 13:36:56 DEBUG] [activity:180][39m   => succeeded with '1'
[36m[2021-04-10 13:36:56 DEBUG] [__init__:355][39m No controls to apply on 'activity'
[36m[2021-04-10 13:36:56 DEBUG] [hypothesis:211][39m allowed tolerance is 1
[36m[2021-04-10 13:36:56 DEBUG] [__init__:355][39m No controls to apply on 'activity'
[32m[2021-04-10 13:36:56 INFO] [activity:161][39m Probe: pod-in-phase
[36m[2021-04-10 13:36:56 DEBUG] [python:34][39m Activity 'pod-in-phase' loaded from '/home/luisreciomelero/.local/lib/python3.8/site-packages/chaosk8s/pod/probes.py'
[36m[2021-04-10 13:36:56 DEBUG] [__init__:65][39m Using Kubernetes context: default
[36m[2021-04-10 13:36:56 DEBUG] [probes:97][39m Found 1 pods matching label 'app=crud-app, component=ms-create' in ns 'default'
[36m[2021-04-10 13:36:56 DEBUG] [activity:180][39m   => succeeded with 'True'
[36m[2021-04-10 13:36:56 DEBUG] [__init__:355][39m No controls to apply on 'activity'
[36m[2021-04-10 13:36:56 DEBUG] [hypothesis:211][39m allowed tolerance is True
[36m[2021-04-10 13:36:56 DEBUG] [__init__:355][39m No controls to apply on 'activity'
[32m[2021-04-10 13:36:56 INFO] [activity:161][39m Probe: pod-in-conditions
[36m[2021-04-10 13:36:56 DEBUG] [python:34][39m Activity 'pod-in-conditions' loaded from '/home/luisreciomelero/.local/lib/python3.8/site-packages/chaosk8s/pod/probes.py'
[36m[2021-04-10 13:36:56 DEBUG] [__init__:65][39m Using Kubernetes context: default
[36m[2021-04-10 13:36:56 DEBUG] [probes:130][39m Found 1 pods matching label 'app=crud-app, component=ms-create' in ns 'default'
[36m[2021-04-10 13:36:56 DEBUG] [activity:180][39m   => succeeded with 'True'
[36m[2021-04-10 13:36:56 DEBUG] [__init__:355][39m No controls to apply on 'activity'
[36m[2021-04-10 13:36:56 DEBUG] [hypothesis:211][39m allowed tolerance is True
[32m[2021-04-10 13:36:56 INFO] [hypothesis:221][39m Steady state hypothesis is met!
[36m[2021-04-10 13:36:56 DEBUG] [__init__:355][39m No controls to apply on 'hypothesis'
[32m[2021-04-10 13:36:56 INFO] [run:553][39m Playing your experiment's method now...
[36m[2021-04-10 13:36:56 DEBUG] [__init__:355][39m No controls to apply on 'method'
[36m[2021-04-10 13:36:56 DEBUG] [__init__:355][39m No controls to apply on 'activity'
[32m[2021-04-10 13:36:56 INFO] [activity:161][39m Action: terminate-pod
[36m[2021-04-10 13:36:56 DEBUG] [python:34][39m Activity 'terminate-pod' loaded from '/home/luisreciomelero/.local/lib/python3.8/site-packages/chaosk8s/pod/actions.py'
[36m[2021-04-10 13:36:56 DEBUG] [__init__:65][39m Using Kubernetes context: default
[36m[2021-04-10 13:36:56 DEBUG] [actions:193][39m Found 1 pods labelled 'app=crud-app, component=ms-create' in ns default
[36m[2021-04-10 13:36:56 DEBUG] [activity:182][39m   => succeeded without any result value
[32m[2021-04-10 13:36:56 INFO] [activity:198][39m Pausing after activity for 150s...
[36m[2021-04-10 13:39:27 DEBUG] [__init__:355][39m No controls to apply on 'activity'
[36m[2021-04-10 13:39:27 DEBUG] [__init__:355][39m No controls to apply on 'method'
[36m[2021-04-10 13:39:27 DEBUG] [run:496][39m Running steady-state hypothesis after the method
[32m[2021-04-10 13:39:27 INFO] [hypothesis:183][39m Steady state hypothesis: Pod exists
[36m[2021-04-10 13:39:27 DEBUG] [__init__:355][39m No controls to apply on 'hypothesis'
[36m[2021-04-10 13:39:27 DEBUG] [__init__:355][39m No controls to apply on 'activity'
[32m[2021-04-10 13:39:27 INFO] [activity:161][39m Probe: pod-exists
[36m[2021-04-10 13:39:27 DEBUG] [python:34][39m Activity 'pod-exists' loaded from '/home/luisreciomelero/.local/lib/python3.8/site-packages/chaosk8s/pod/probes.py'
[36m[2021-04-10 13:39:27 DEBUG] [__init__:65][39m Using Kubernetes context: default
[36m[2021-04-10 13:39:27 DEBUG] [probes:202][39m Found 1 pods matching label 'app=crud-app, component=ms-create' in ns 'default'
[36m[2021-04-10 13:39:27 DEBUG] [activity:180][39m   => succeeded with '1'
[36m[2021-04-10 13:39:27 DEBUG] [__init__:355][39m No controls to apply on 'activity'
[36m[2021-04-10 13:39:27 DEBUG] [hypothesis:211][39m allowed tolerance is 1
[36m[2021-04-10 13:39:27 DEBUG] [__init__:355][39m No controls to apply on 'activity'
[32m[2021-04-10 13:39:27 INFO] [activity:161][39m Probe: pod-in-phase
[36m[2021-04-10 13:39:27 DEBUG] [python:34][39m Activity 'pod-in-phase' loaded from '/home/luisreciomelero/.local/lib/python3.8/site-packages/chaosk8s/pod/probes.py'
[36m[2021-04-10 13:39:27 DEBUG] [__init__:65][39m Using Kubernetes context: default
[36m[2021-04-10 13:39:27 DEBUG] [probes:97][39m Found 1 pods matching label 'app=crud-app, component=ms-create' in ns 'default'
[36m[2021-04-10 13:39:27 DEBUG] [activity:180][39m   => succeeded with 'True'
[36m[2021-04-10 13:39:27 DEBUG] [__init__:355][39m No controls to apply on 'activity'
[36m[2021-04-10 13:39:27 DEBUG] [hypothesis:211][39m allowed tolerance is True
[36m[2021-04-10 13:39:27 DEBUG] [__init__:355][39m No controls to apply on 'activity'
[32m[2021-04-10 13:39:27 INFO] [activity:161][39m Probe: pod-in-conditions
[36m[2021-04-10 13:39:27 DEBUG] [python:34][39m Activity 'pod-in-conditions' loaded from '/home/luisreciomelero/.local/lib/python3.8/site-packages/chaosk8s/pod/probes.py'
[36m[2021-04-10 13:39:27 DEBUG] [__init__:65][39m Using Kubernetes context: default
[36m[2021-04-10 13:39:27 DEBUG] [probes:130][39m Found 1 pods matching label 'app=crud-app, component=ms-create' in ns 'default'
[36m[2021-04-10 13:39:27 DEBUG] [activity:235][39m Activity failed
    Traceback (most recent call last):
      File "/home/luisreciomelero/.local/lib/python3.8/site-packages/chaoslib/provider/python.py", line 55, in run_python_activity
        return func(**arguments)
      File "/home/luisreciomelero/.local/lib/python3.8/site-packages/chaosk8s/pod/probes.py", line 149, in pods_in_conditions
        raise ActivityFailed("pod {name} does not match the following "
    chaoslib.exceptions.ActivityFailed: pod ms-create-depl-5f7d6d568-lzn2d does not match the following given condition: {'type': 'Ready', 'status': 'True'}
    
    During handling of the above exception, another exception occurred:
    
    Traceback (most recent call last):
      File "/home/luisreciomelero/.local/lib/python3.8/site-packages/chaoslib/activity.py", line 228, in run_activity
        result = run_python_activity(activity, configuration, secrets)
      File "/home/luisreciomelero/.local/lib/python3.8/site-packages/chaoslib/provider/python.py", line 57, in run_python_activity
        raise ActivityFailed(
      File "/home/luisreciomelero/.local/lib/python3.8/site-packages/chaoslib/provider/python.py", line 55, in run_python_activity
        return func(**arguments)
      File "/home/luisreciomelero/.local/lib/python3.8/site-packages/chaosk8s/pod/probes.py", line 149, in pods_in_conditions
        raise ActivityFailed("pod {name} does not match the following "
    chaoslib.exceptions.ActivityFailed: chaoslib.exceptions.ActivityFailed: pod ms-create-depl-5f7d6d568-lzn2d does not match the following given condition: {'type': 'Ready', 'status': 'True'}
[31m[2021-04-10 13:39:28 ERROR] [activity:188][39m   => failed: chaoslib.exceptions.ActivityFailed: pod ms-create-depl-5f7d6d568-lzn2d does not match the following given condition: {'type': 'Ready', 'status': 'True'}
[36m[2021-04-10 13:39:28 DEBUG] [__init__:355][39m No controls to apply on 'activity'
[33m[2021-04-10 13:39:28 WARNING] [hypothesis:200][39m Probe terminated unexpectedly, so its tolerance could not be validated
[36m[2021-04-10 13:39:28 DEBUG] [__init__:355][39m No controls to apply on 'hypothesis'
[31m[2021-04-10 13:39:28 CRITICAL] [run:507][39m Steady state probe 'pod-in-conditions' is not in the given tolerance so failing this experiment
[32m[2021-04-10 13:39:28 INFO] [run:421][39m Experiment ended with status: deviated
[32m[2021-04-10 13:39:28 INFO] [run:423][39m The steady-state has deviated, a weakness may have been discovered
[36m[2021-04-10 13:39:28 DEBUG] [__init__:355][39m No controls to apply on 'experiment'
[36m[2021-04-10 13:39:28 DEBUG] [__init__:72][39m Cleaning up controls
[36m[2021-04-10 13:39:28 DEBUG] [caching:42][39m Clearing activities cache
[36m[2021-04-10 13:40:35 DEBUG] [cli:73][39m ###############################################################################
[36m[2021-04-10 13:40:35 DEBUG] [cli:74][39m Running command 'run'
[36m[2021-04-10 13:40:35 DEBUG] [cli:78][39m Using settings file '/home/luisreciomelero/.chaostoolkit/settings.yaml'
[36m[2021-04-10 13:40:36 DEBUG] [settings:26][39m The Chaos Toolkit settings file could not be found at '/home/luisreciomelero/.chaostoolkit/settings.yaml'.
[36m[2021-04-10 13:40:36 DEBUG] [__init__:355][39m No controls to apply on 'loader'
[36m[2021-04-10 13:40:36 DEBUG] [__init__:355][39m No controls to apply on 'loader'
[36m[2021-04-10 13:40:36 DEBUG] [caching:25][39m Building activity cache...
[36m[2021-04-10 13:40:36 DEBUG] [caching:35][39m Cached 4 activities
[32m[2021-04-10 13:40:36 INFO] [experiment:47][39m Validating the experiment's syntax
[36m[2021-04-10 13:40:36 DEBUG] [configuration:54][39m Loading configuration...
[36m[2021-04-10 13:40:36 DEBUG] [secret:75][39m Loading secrets...
[36m[2021-04-10 13:40:36 DEBUG] [secret:92][39m Secrets loaded
[32m[2021-04-10 13:40:39 INFO] [experiment:96][39m Experiment looks valid
[36m[2021-04-10 13:40:39 DEBUG] [caching:42][39m Clearing activities cache
[36m[2021-04-10 13:40:39 DEBUG] [caching:25][39m Building activity cache...
[36m[2021-04-10 13:40:39 DEBUG] [caching:35][39m Cached 4 activities
[36m[2021-04-10 13:40:39 DEBUG] [configuration:54][39m Loading configuration...
[36m[2021-04-10 13:40:39 DEBUG] [secret:75][39m Loading secrets...
[36m[2021-04-10 13:40:39 DEBUG] [secret:92][39m Secrets loaded
[32m[2021-04-10 13:40:39 INFO] [run:323][39m Running experiment: What happens if we terminate a Pod?
[36m[2021-04-10 13:40:39 DEBUG] [__init__:39][39m Initializing controls
[32m[2021-04-10 13:40:39 INFO] [run:342][39m Steady-state strategy: default
[32m[2021-04-10 13:40:39 INFO] [run:345][39m Rollbacks strategy: default
[36m[2021-04-10 13:40:39 DEBUG] [__init__:355][39m No controls to apply on 'experiment'
[36m[2021-04-10 13:40:39 DEBUG] [run:466][39m Running steady-state hypothesis before the method
[32m[2021-04-10 13:40:39 INFO] [hypothesis:183][39m Steady state hypothesis: Pod exists
[36m[2021-04-10 13:40:39 DEBUG] [__init__:355][39m No controls to apply on 'hypothesis'
[36m[2021-04-10 13:40:39 DEBUG] [__init__:355][39m No controls to apply on 'activity'
[32m[2021-04-10 13:40:39 INFO] [activity:161][39m Probe: pod-exists
[36m[2021-04-10 13:40:39 DEBUG] [python:34][39m Activity 'pod-exists' loaded from '/home/luisreciomelero/.local/lib/python3.8/site-packages/chaosk8s/pod/probes.py'
[36m[2021-04-10 13:40:39 DEBUG] [__init__:65][39m Using Kubernetes context: default
[36m[2021-04-10 13:40:39 DEBUG] [probes:202][39m Found 1 pods matching label 'app=crud-app, component=ms-create' in ns 'default'
[36m[2021-04-10 13:40:39 DEBUG] [activity:180][39m   => succeeded with '1'
[36m[2021-04-10 13:40:39 DEBUG] [__init__:355][39m No controls to apply on 'activity'
[36m[2021-04-10 13:40:39 DEBUG] [hypothesis:211][39m allowed tolerance is 1
[36m[2021-04-10 13:40:39 DEBUG] [__init__:355][39m No controls to apply on 'activity'
[32m[2021-04-10 13:40:39 INFO] [activity:161][39m Probe: pod-in-phase
[36m[2021-04-10 13:40:39 DEBUG] [python:34][39m Activity 'pod-in-phase' loaded from '/home/luisreciomelero/.local/lib/python3.8/site-packages/chaosk8s/pod/probes.py'
[36m[2021-04-10 13:40:39 DEBUG] [__init__:65][39m Using Kubernetes context: default
[36m[2021-04-10 13:40:39 DEBUG] [probes:97][39m Found 1 pods matching label 'app=crud-app, component=ms-create' in ns 'default'
[36m[2021-04-10 13:40:39 DEBUG] [activity:180][39m   => succeeded with 'True'
[36m[2021-04-10 13:40:39 DEBUG] [__init__:355][39m No controls to apply on 'activity'
[36m[2021-04-10 13:40:39 DEBUG] [hypothesis:211][39m allowed tolerance is True
[36m[2021-04-10 13:40:39 DEBUG] [__init__:355][39m No controls to apply on 'activity'
[32m[2021-04-10 13:40:39 INFO] [activity:161][39m Probe: pod-in-conditions
[36m[2021-04-10 13:40:39 DEBUG] [python:34][39m Activity 'pod-in-conditions' loaded from '/home/luisreciomelero/.local/lib/python3.8/site-packages/chaosk8s/pod/probes.py'
[36m[2021-04-10 13:40:39 DEBUG] [__init__:65][39m Using Kubernetes context: default
[36m[2021-04-10 13:40:39 DEBUG] [probes:130][39m Found 1 pods matching label 'app=crud-app, component=ms-create' in ns 'default'
[36m[2021-04-10 13:40:39 DEBUG] [activity:180][39m   => succeeded with 'True'
[36m[2021-04-10 13:40:39 DEBUG] [__init__:355][39m No controls to apply on 'activity'
[36m[2021-04-10 13:40:39 DEBUG] [hypothesis:211][39m allowed tolerance is True
[32m[2021-04-10 13:40:39 INFO] [hypothesis:221][39m Steady state hypothesis is met!
[36m[2021-04-10 13:40:39 DEBUG] [__init__:355][39m No controls to apply on 'hypothesis'
[32m[2021-04-10 13:40:39 INFO] [run:553][39m Playing your experiment's method now...
[36m[2021-04-10 13:40:39 DEBUG] [__init__:355][39m No controls to apply on 'method'
[36m[2021-04-10 13:40:39 DEBUG] [__init__:355][39m No controls to apply on 'activity'
[32m[2021-04-10 13:40:39 INFO] [activity:161][39m Action: terminate-pod
[36m[2021-04-10 13:40:39 DEBUG] [python:34][39m Activity 'terminate-pod' loaded from '/home/luisreciomelero/.local/lib/python3.8/site-packages/chaosk8s/pod/actions.py'
[36m[2021-04-10 13:40:39 DEBUG] [__init__:65][39m Using Kubernetes context: default
[36m[2021-04-10 13:40:39 DEBUG] [actions:193][39m Found 1 pods labelled 'app=crud-app, component=ms-create' in ns default
[36m[2021-04-10 13:40:39 DEBUG] [activity:182][39m   => succeeded without any result value
[32m[2021-04-10 13:40:39 INFO] [activity:198][39m Pausing after activity for 200s...
[36m[2021-04-10 13:43:59 DEBUG] [__init__:355][39m No controls to apply on 'activity'
[36m[2021-04-10 13:43:59 DEBUG] [__init__:355][39m No controls to apply on 'method'
[36m[2021-04-10 13:43:59 DEBUG] [run:496][39m Running steady-state hypothesis after the method
[32m[2021-04-10 13:43:59 INFO] [hypothesis:183][39m Steady state hypothesis: Pod exists
[36m[2021-04-10 13:43:59 DEBUG] [__init__:355][39m No controls to apply on 'hypothesis'
[36m[2021-04-10 13:43:59 DEBUG] [__init__:355][39m No controls to apply on 'activity'
[32m[2021-04-10 13:43:59 INFO] [activity:161][39m Probe: pod-exists
[36m[2021-04-10 13:43:59 DEBUG] [python:34][39m Activity 'pod-exists' loaded from '/home/luisreciomelero/.local/lib/python3.8/site-packages/chaosk8s/pod/probes.py'
[36m[2021-04-10 13:43:59 DEBUG] [__init__:65][39m Using Kubernetes context: default
[36m[2021-04-10 13:43:59 DEBUG] [probes:202][39m Found 1 pods matching label 'app=crud-app, component=ms-create' in ns 'default'
[36m[2021-04-10 13:43:59 DEBUG] [activity:180][39m   => succeeded with '1'
[36m[2021-04-10 13:43:59 DEBUG] [__init__:355][39m No controls to apply on 'activity'
[36m[2021-04-10 13:43:59 DEBUG] [hypothesis:211][39m allowed tolerance is 1
[36m[2021-04-10 13:43:59 DEBUG] [__init__:355][39m No controls to apply on 'activity'
[32m[2021-04-10 13:43:59 INFO] [activity:161][39m Probe: pod-in-phase
[36m[2021-04-10 13:43:59 DEBUG] [python:34][39m Activity 'pod-in-phase' loaded from '/home/luisreciomelero/.local/lib/python3.8/site-packages/chaosk8s/pod/probes.py'
[36m[2021-04-10 13:43:59 DEBUG] [__init__:65][39m Using Kubernetes context: default
[36m[2021-04-10 13:43:59 DEBUG] [probes:97][39m Found 1 pods matching label 'app=crud-app, component=ms-create' in ns 'default'
[36m[2021-04-10 13:43:59 DEBUG] [activity:180][39m   => succeeded with 'True'
[36m[2021-04-10 13:43:59 DEBUG] [__init__:355][39m No controls to apply on 'activity'
[36m[2021-04-10 13:43:59 DEBUG] [hypothesis:211][39m allowed tolerance is True
[36m[2021-04-10 13:43:59 DEBUG] [__init__:355][39m No controls to apply on 'activity'
[32m[2021-04-10 13:43:59 INFO] [activity:161][39m Probe: pod-in-conditions
[36m[2021-04-10 13:43:59 DEBUG] [python:34][39m Activity 'pod-in-conditions' loaded from '/home/luisreciomelero/.local/lib/python3.8/site-packages/chaosk8s/pod/probes.py'
[36m[2021-04-10 13:43:59 DEBUG] [__init__:65][39m Using Kubernetes context: default
[36m[2021-04-10 13:43:59 DEBUG] [probes:130][39m Found 1 pods matching label 'app=crud-app, component=ms-create' in ns 'default'
[36m[2021-04-10 13:43:59 DEBUG] [activity:180][39m   => succeeded with 'True'
[36m[2021-04-10 13:43:59 DEBUG] [__init__:355][39m No controls to apply on 'activity'
[36m[2021-04-10 13:43:59 DEBUG] [hypothesis:211][39m allowed tolerance is True
[32m[2021-04-10 13:43:59 INFO] [hypothesis:221][39m Steady state hypothesis is met!
[36m[2021-04-10 13:43:59 DEBUG] [__init__:355][39m No controls to apply on 'hypothesis'
[32m[2021-04-10 13:43:59 INFO] [run:809][39m Let's rollback...
[36m[2021-04-10 13:43:59 DEBUG] [__init__:355][39m No controls to apply on 'rollback'
[32m[2021-04-10 13:43:59 INFO] [rollback:25][39m No declared rollbacks, let's move on.
[36m[2021-04-10 13:43:59 DEBUG] [__init__:355][39m No controls to apply on 'rollback'
[32m[2021-04-10 13:43:59 INFO] [run:421][39m Experiment ended with status: completed
[36m[2021-04-10 13:43:59 DEBUG] [__init__:355][39m No controls to apply on 'experiment'
[36m[2021-04-10 13:43:59 DEBUG] [__init__:72][39m Cleaning up controls
[36m[2021-04-10 13:43:59 DEBUG] [caching:42][39m Clearing activities cache
[36m[2021-04-11 12:53:31 DEBUG] [cli:73][39m ###############################################################################
[36m[2021-04-11 12:53:31 DEBUG] [cli:74][39m Running command 'run'
[36m[2021-04-11 12:53:31 DEBUG] [cli:78][39m Using settings file '/home/luisreciomelero/.chaostoolkit/settings.yaml'
[36m[2021-04-11 12:53:32 DEBUG] [settings:26][39m The Chaos Toolkit settings file could not be found at '/home/luisreciomelero/.chaostoolkit/settings.yaml'.
[36m[2021-04-11 12:53:32 DEBUG] [__init__:355][39m No controls to apply on 'loader'
[36m[2021-04-11 12:53:32 DEBUG] [__init__:355][39m No controls to apply on 'loader'
[36m[2021-04-11 12:53:32 DEBUG] [caching:25][39m Building activity cache...
[36m[2021-04-11 12:53:32 DEBUG] [caching:35][39m Cached 4 activities
[32m[2021-04-11 12:53:32 INFO] [experiment:47][39m Validating the experiment's syntax
[36m[2021-04-11 12:53:32 DEBUG] [configuration:54][39m Loading configuration...
[36m[2021-04-11 12:53:32 DEBUG] [secret:75][39m Loading secrets...
[36m[2021-04-11 12:53:32 DEBUG] [secret:92][39m Secrets loaded
[32m[2021-04-11 12:53:38 INFO] [experiment:96][39m Experiment looks valid
[36m[2021-04-11 12:53:38 DEBUG] [caching:42][39m Clearing activities cache
[36m[2021-04-11 12:53:38 DEBUG] [caching:25][39m Building activity cache...
[36m[2021-04-11 12:53:38 DEBUG] [caching:35][39m Cached 4 activities
[36m[2021-04-11 12:53:38 DEBUG] [configuration:54][39m Loading configuration...
[36m[2021-04-11 12:53:38 DEBUG] [secret:75][39m Loading secrets...
[36m[2021-04-11 12:53:38 DEBUG] [secret:92][39m Secrets loaded
[32m[2021-04-11 12:53:38 INFO] [run:323][39m Running experiment: ¿Qué ocurre cuando eliminamos el microservicio delete?
[36m[2021-04-11 12:53:38 DEBUG] [__init__:39][39m Initializing controls
[32m[2021-04-11 12:53:38 INFO] [run:342][39m Steady-state strategy: default
[32m[2021-04-11 12:53:38 INFO] [run:345][39m Rollbacks strategy: default
[36m[2021-04-11 12:53:38 DEBUG] [__init__:355][39m No controls to apply on 'experiment'
[36m[2021-04-11 12:53:38 DEBUG] [run:466][39m Running steady-state hypothesis before the method
[32m[2021-04-11 12:53:38 INFO] [hypothesis:183][39m Steady state hypothesis: Pod exists
[36m[2021-04-11 12:53:38 DEBUG] [__init__:355][39m No controls to apply on 'hypothesis'
[36m[2021-04-11 12:53:38 DEBUG] [__init__:355][39m No controls to apply on 'activity'
[32m[2021-04-11 12:53:38 INFO] [activity:161][39m Probe: pod-exists
[36m[2021-04-11 12:53:38 DEBUG] [python:34][39m Activity 'pod-exists' loaded from '/home/luisreciomelero/.local/lib/python3.8/site-packages/chaosk8s/pod/probes.py'
[36m[2021-04-11 12:53:38 DEBUG] [__init__:65][39m Using Kubernetes context: default
[36m[2021-04-11 12:53:38 DEBUG] [probes:202][39m Found 1 pods matching label 'app=crud-app, component=ms-delete' in ns 'default'
[36m[2021-04-11 12:53:38 DEBUG] [activity:180][39m   => succeeded with '1'
[36m[2021-04-11 12:53:38 DEBUG] [__init__:355][39m No controls to apply on 'activity'
[36m[2021-04-11 12:53:38 DEBUG] [hypothesis:211][39m allowed tolerance is 1
[36m[2021-04-11 12:53:38 DEBUG] [__init__:355][39m No controls to apply on 'activity'
[32m[2021-04-11 12:53:38 INFO] [activity:161][39m Probe: pod-in-phase
[36m[2021-04-11 12:53:38 DEBUG] [python:34][39m Activity 'pod-in-phase' loaded from '/home/luisreciomelero/.local/lib/python3.8/site-packages/chaosk8s/pod/probes.py'
[36m[2021-04-11 12:53:38 DEBUG] [__init__:65][39m Using Kubernetes context: default
[36m[2021-04-11 12:53:38 DEBUG] [probes:97][39m Found 1 pods matching label 'app=crud-app, component=ms-delete' in ns 'default'
[36m[2021-04-11 12:53:38 DEBUG] [activity:180][39m   => succeeded with 'True'
[36m[2021-04-11 12:53:38 DEBUG] [__init__:355][39m No controls to apply on 'activity'
[36m[2021-04-11 12:53:38 DEBUG] [hypothesis:211][39m allowed tolerance is True
[36m[2021-04-11 12:53:38 DEBUG] [__init__:355][39m No controls to apply on 'activity'
[32m[2021-04-11 12:53:38 INFO] [activity:161][39m Probe: pod-in-conditions
[36m[2021-04-11 12:53:38 DEBUG] [python:34][39m Activity 'pod-in-conditions' loaded from '/home/luisreciomelero/.local/lib/python3.8/site-packages/chaosk8s/pod/probes.py'
[36m[2021-04-11 12:53:38 DEBUG] [__init__:65][39m Using Kubernetes context: default
[36m[2021-04-11 12:53:38 DEBUG] [probes:130][39m Found 1 pods matching label 'app=crud-app, component=ms-delete' in ns 'default'
[36m[2021-04-11 12:53:38 DEBUG] [activity:180][39m   => succeeded with 'True'
[36m[2021-04-11 12:53:38 DEBUG] [__init__:355][39m No controls to apply on 'activity'
[36m[2021-04-11 12:53:38 DEBUG] [hypothesis:211][39m allowed tolerance is True
[32m[2021-04-11 12:53:38 INFO] [hypothesis:221][39m Steady state hypothesis is met!
[36m[2021-04-11 12:53:38 DEBUG] [__init__:355][39m No controls to apply on 'hypothesis'
[32m[2021-04-11 12:53:38 INFO] [run:553][39m Playing your experiment's method now...
[36m[2021-04-11 12:53:38 DEBUG] [__init__:355][39m No controls to apply on 'method'
[36m[2021-04-11 12:53:38 DEBUG] [__init__:355][39m No controls to apply on 'activity'
[32m[2021-04-11 12:53:38 INFO] [activity:161][39m Action: terminate-pod
[36m[2021-04-11 12:53:38 DEBUG] [python:34][39m Activity 'terminate-pod' loaded from '/home/luisreciomelero/.local/lib/python3.8/site-packages/chaosk8s/pod/actions.py'
[36m[2021-04-11 12:53:38 DEBUG] [__init__:65][39m Using Kubernetes context: default
[36m[2021-04-11 12:53:38 DEBUG] [actions:193][39m Found 1 pods labelled 'app=crud-app, component=ms-delete' in ns default
[36m[2021-04-11 12:53:38 DEBUG] [activity:182][39m   => succeeded without any result value
[32m[2021-04-11 12:53:38 INFO] [activity:198][39m Pausing after activity for 200s...
[36m[2021-04-11 12:56:58 DEBUG] [__init__:355][39m No controls to apply on 'activity'
[36m[2021-04-11 12:56:58 DEBUG] [__init__:355][39m No controls to apply on 'method'
[36m[2021-04-11 12:56:58 DEBUG] [run:496][39m Running steady-state hypothesis after the method
[32m[2021-04-11 12:56:58 INFO] [hypothesis:183][39m Steady state hypothesis: Pod exists
[36m[2021-04-11 12:56:58 DEBUG] [__init__:355][39m No controls to apply on 'hypothesis'
[36m[2021-04-11 12:56:58 DEBUG] [__init__:355][39m No controls to apply on 'activity'
[32m[2021-04-11 12:56:58 INFO] [activity:161][39m Probe: pod-exists
[36m[2021-04-11 12:56:58 DEBUG] [python:34][39m Activity 'pod-exists' loaded from '/home/luisreciomelero/.local/lib/python3.8/site-packages/chaosk8s/pod/probes.py'
[36m[2021-04-11 12:56:58 DEBUG] [__init__:65][39m Using Kubernetes context: default
[36m[2021-04-11 12:56:58 DEBUG] [probes:202][39m Found 1 pods matching label 'app=crud-app, component=ms-delete' in ns 'default'
[36m[2021-04-11 12:56:58 DEBUG] [activity:180][39m   => succeeded with '1'
[36m[2021-04-11 12:56:58 DEBUG] [__init__:355][39m No controls to apply on 'activity'
[36m[2021-04-11 12:56:58 DEBUG] [hypothesis:211][39m allowed tolerance is 1
[36m[2021-04-11 12:56:58 DEBUG] [__init__:355][39m No controls to apply on 'activity'
[32m[2021-04-11 12:56:58 INFO] [activity:161][39m Probe: pod-in-phase
[36m[2021-04-11 12:56:58 DEBUG] [python:34][39m Activity 'pod-in-phase' loaded from '/home/luisreciomelero/.local/lib/python3.8/site-packages/chaosk8s/pod/probes.py'
[36m[2021-04-11 12:56:58 DEBUG] [__init__:65][39m Using Kubernetes context: default
[36m[2021-04-11 12:56:58 DEBUG] [probes:97][39m Found 1 pods matching label 'app=crud-app, component=ms-delete' in ns 'default'
[36m[2021-04-11 12:56:58 DEBUG] [activity:180][39m   => succeeded with 'True'
[36m[2021-04-11 12:56:58 DEBUG] [__init__:355][39m No controls to apply on 'activity'
[36m[2021-04-11 12:56:58 DEBUG] [hypothesis:211][39m allowed tolerance is True
[36m[2021-04-11 12:56:58 DEBUG] [__init__:355][39m No controls to apply on 'activity'
[32m[2021-04-11 12:56:58 INFO] [activity:161][39m Probe: pod-in-conditions
[36m[2021-04-11 12:56:58 DEBUG] [python:34][39m Activity 'pod-in-conditions' loaded from '/home/luisreciomelero/.local/lib/python3.8/site-packages/chaosk8s/pod/probes.py'
[36m[2021-04-11 12:56:58 DEBUG] [__init__:65][39m Using Kubernetes context: default
[36m[2021-04-11 12:56:58 DEBUG] [probes:130][39m Found 1 pods matching label 'app=crud-app, component=ms-delete' in ns 'default'
[36m[2021-04-11 12:56:58 DEBUG] [activity:180][39m   => succeeded with 'True'
[36m[2021-04-11 12:56:58 DEBUG] [__init__:355][39m No controls to apply on 'activity'
[36m[2021-04-11 12:56:58 DEBUG] [hypothesis:211][39m allowed tolerance is True
[32m[2021-04-11 12:56:58 INFO] [hypothesis:221][39m Steady state hypothesis is met!
[36m[2021-04-11 12:56:58 DEBUG] [__init__:355][39m No controls to apply on 'hypothesis'
[32m[2021-04-11 12:56:58 INFO] [run:809][39m Let's rollback...
[36m[2021-04-11 12:56:58 DEBUG] [__init__:355][39m No controls to apply on 'rollback'
[32m[2021-04-11 12:56:58 INFO] [rollback:25][39m No declared rollbacks, let's move on.
[36m[2021-04-11 12:56:58 DEBUG] [__init__:355][39m No controls to apply on 'rollback'
[32m[2021-04-11 12:56:58 INFO] [run:421][39m Experiment ended with status: completed
[36m[2021-04-11 12:56:58 DEBUG] [__init__:355][39m No controls to apply on 'experiment'
[36m[2021-04-11 12:56:58 DEBUG] [__init__:72][39m Cleaning up controls
[36m[2021-04-11 12:56:58 DEBUG] [caching:42][39m Clearing activities cache
[36m[2021-04-11 12:57:24 DEBUG] [cli:73][39m ###############################################################################
[36m[2021-04-11 12:57:24 DEBUG] [cli:74][39m Running command 'run'
[36m[2021-04-11 12:57:24 DEBUG] [cli:78][39m Using settings file '/home/luisreciomelero/.chaostoolkit/settings.yaml'
[36m[2021-04-11 12:57:25 DEBUG] [settings:26][39m The Chaos Toolkit settings file could not be found at '/home/luisreciomelero/.chaostoolkit/settings.yaml'.
[36m[2021-04-11 12:57:25 DEBUG] [__init__:355][39m No controls to apply on 'loader'
[36m[2021-04-11 12:57:25 DEBUG] [__init__:355][39m No controls to apply on 'loader'
[36m[2021-04-11 12:57:25 DEBUG] [caching:25][39m Building activity cache...
[36m[2021-04-11 12:57:25 DEBUG] [caching:35][39m Cached 4 activities
[32m[2021-04-11 12:57:25 INFO] [experiment:47][39m Validating the experiment's syntax
[36m[2021-04-11 12:57:25 DEBUG] [configuration:54][39m Loading configuration...
[36m[2021-04-11 12:57:25 DEBUG] [secret:75][39m Loading secrets...
[36m[2021-04-11 12:57:25 DEBUG] [secret:92][39m Secrets loaded
[32m[2021-04-11 12:57:25 INFO] [experiment:96][39m Experiment looks valid
[36m[2021-04-11 12:57:25 DEBUG] [caching:42][39m Clearing activities cache
[36m[2021-04-11 12:57:25 DEBUG] [caching:25][39m Building activity cache...
[36m[2021-04-11 12:57:25 DEBUG] [caching:35][39m Cached 4 activities
[36m[2021-04-11 12:57:25 DEBUG] [configuration:54][39m Loading configuration...
[36m[2021-04-11 12:57:25 DEBUG] [secret:75][39m Loading secrets...
[36m[2021-04-11 12:57:25 DEBUG] [secret:92][39m Secrets loaded
[32m[2021-04-11 12:57:25 INFO] [run:323][39m Running experiment: ¿Qué ocurre cuando eliminamos el microservicio mailer?
[36m[2021-04-11 12:57:25 DEBUG] [__init__:39][39m Initializing controls
[32m[2021-04-11 12:57:25 INFO] [run:342][39m Steady-state strategy: default
[32m[2021-04-11 12:57:25 INFO] [run:345][39m Rollbacks strategy: default
[36m[2021-04-11 12:57:25 DEBUG] [__init__:355][39m No controls to apply on 'experiment'
[36m[2021-04-11 12:57:25 DEBUG] [run:466][39m Running steady-state hypothesis before the method
[32m[2021-04-11 12:57:25 INFO] [hypothesis:183][39m Steady state hypothesis: Pod exists
[36m[2021-04-11 12:57:25 DEBUG] [__init__:355][39m No controls to apply on 'hypothesis'
[36m[2021-04-11 12:57:25 DEBUG] [__init__:355][39m No controls to apply on 'activity'
[32m[2021-04-11 12:57:25 INFO] [activity:161][39m Probe: pod-exists
[36m[2021-04-11 12:57:25 DEBUG] [python:34][39m Activity 'pod-exists' loaded from '/home/luisreciomelero/.local/lib/python3.8/site-packages/chaosk8s/pod/probes.py'
[36m[2021-04-11 12:57:25 DEBUG] [__init__:65][39m Using Kubernetes context: default
[36m[2021-04-11 12:57:25 DEBUG] [probes:202][39m Found 1 pods matching label 'app=mailer-app, component=ms-mailer' in ns 'default'
[36m[2021-04-11 12:57:25 DEBUG] [activity:180][39m   => succeeded with '1'
[36m[2021-04-11 12:57:25 DEBUG] [__init__:355][39m No controls to apply on 'activity'
[36m[2021-04-11 12:57:25 DEBUG] [hypothesis:211][39m allowed tolerance is 1
[36m[2021-04-11 12:57:25 DEBUG] [__init__:355][39m No controls to apply on 'activity'
[32m[2021-04-11 12:57:25 INFO] [activity:161][39m Probe: pod-in-phase
[36m[2021-04-11 12:57:25 DEBUG] [python:34][39m Activity 'pod-in-phase' loaded from '/home/luisreciomelero/.local/lib/python3.8/site-packages/chaosk8s/pod/probes.py'
[36m[2021-04-11 12:57:25 DEBUG] [__init__:65][39m Using Kubernetes context: default
[36m[2021-04-11 12:57:25 DEBUG] [probes:97][39m Found 1 pods matching label 'app=mailer-app, component=ms-mailer' in ns 'default'
[36m[2021-04-11 12:57:25 DEBUG] [activity:180][39m   => succeeded with 'True'
[36m[2021-04-11 12:57:25 DEBUG] [__init__:355][39m No controls to apply on 'activity'
[36m[2021-04-11 12:57:25 DEBUG] [hypothesis:211][39m allowed tolerance is True
[36m[2021-04-11 12:57:25 DEBUG] [__init__:355][39m No controls to apply on 'activity'
[32m[2021-04-11 12:57:25 INFO] [activity:161][39m Probe: pod-in-conditions
[36m[2021-04-11 12:57:25 DEBUG] [python:34][39m Activity 'pod-in-conditions' loaded from '/home/luisreciomelero/.local/lib/python3.8/site-packages/chaosk8s/pod/probes.py'
[36m[2021-04-11 12:57:25 DEBUG] [__init__:65][39m Using Kubernetes context: default
[36m[2021-04-11 12:57:25 DEBUG] [probes:130][39m Found 1 pods matching label 'app=mailer-app, component=ms-mailer' in ns 'default'
[36m[2021-04-11 12:57:25 DEBUG] [activity:180][39m   => succeeded with 'True'
[36m[2021-04-11 12:57:25 DEBUG] [__init__:355][39m No controls to apply on 'activity'
[36m[2021-04-11 12:57:25 DEBUG] [hypothesis:211][39m allowed tolerance is True
[32m[2021-04-11 12:57:25 INFO] [hypothesis:221][39m Steady state hypothesis is met!
[36m[2021-04-11 12:57:25 DEBUG] [__init__:355][39m No controls to apply on 'hypothesis'
[32m[2021-04-11 12:57:25 INFO] [run:553][39m Playing your experiment's method now...
[36m[2021-04-11 12:57:25 DEBUG] [__init__:355][39m No controls to apply on 'method'
[36m[2021-04-11 12:57:25 DEBUG] [__init__:355][39m No controls to apply on 'activity'
[32m[2021-04-11 12:57:25 INFO] [activity:161][39m Action: terminate-pod
[36m[2021-04-11 12:57:25 DEBUG] [python:34][39m Activity 'terminate-pod' loaded from '/home/luisreciomelero/.local/lib/python3.8/site-packages/chaosk8s/pod/actions.py'
[36m[2021-04-11 12:57:25 DEBUG] [__init__:65][39m Using Kubernetes context: default
[36m[2021-04-11 12:57:25 DEBUG] [actions:193][39m Found 1 pods labelled 'app=mailer-app, component=ms-mailer' in ns default
[36m[2021-04-11 12:57:25 DEBUG] [activity:182][39m   => succeeded without any result value
[32m[2021-04-11 12:57:25 INFO] [activity:198][39m Pausing after activity for 200s...
[36m[2021-04-11 13:00:45 DEBUG] [__init__:355][39m No controls to apply on 'activity'
[36m[2021-04-11 13:00:45 DEBUG] [__init__:355][39m No controls to apply on 'method'
[36m[2021-04-11 13:00:45 DEBUG] [run:496][39m Running steady-state hypothesis after the method
[32m[2021-04-11 13:00:45 INFO] [hypothesis:183][39m Steady state hypothesis: Pod exists
[36m[2021-04-11 13:00:45 DEBUG] [__init__:355][39m No controls to apply on 'hypothesis'
[36m[2021-04-11 13:00:45 DEBUG] [__init__:355][39m No controls to apply on 'activity'
[32m[2021-04-11 13:00:45 INFO] [activity:161][39m Probe: pod-exists
[36m[2021-04-11 13:00:45 DEBUG] [python:34][39m Activity 'pod-exists' loaded from '/home/luisreciomelero/.local/lib/python3.8/site-packages/chaosk8s/pod/probes.py'
[36m[2021-04-11 13:00:45 DEBUG] [__init__:65][39m Using Kubernetes context: default
[36m[2021-04-11 13:00:45 DEBUG] [probes:202][39m Found 1 pods matching label 'app=mailer-app, component=ms-mailer' in ns 'default'
[36m[2021-04-11 13:00:45 DEBUG] [activity:180][39m   => succeeded with '1'
[36m[2021-04-11 13:00:45 DEBUG] [__init__:355][39m No controls to apply on 'activity'
[36m[2021-04-11 13:00:45 DEBUG] [hypothesis:211][39m allowed tolerance is 1
[36m[2021-04-11 13:00:45 DEBUG] [__init__:355][39m No controls to apply on 'activity'
[32m[2021-04-11 13:00:45 INFO] [activity:161][39m Probe: pod-in-phase
[36m[2021-04-11 13:00:45 DEBUG] [python:34][39m Activity 'pod-in-phase' loaded from '/home/luisreciomelero/.local/lib/python3.8/site-packages/chaosk8s/pod/probes.py'
[36m[2021-04-11 13:00:45 DEBUG] [__init__:65][39m Using Kubernetes context: default
[36m[2021-04-11 13:00:45 DEBUG] [probes:97][39m Found 1 pods matching label 'app=mailer-app, component=ms-mailer' in ns 'default'
[36m[2021-04-11 13:00:45 DEBUG] [activity:180][39m   => succeeded with 'True'
[36m[2021-04-11 13:00:45 DEBUG] [__init__:355][39m No controls to apply on 'activity'
[36m[2021-04-11 13:00:45 DEBUG] [hypothesis:211][39m allowed tolerance is True
[36m[2021-04-11 13:00:45 DEBUG] [__init__:355][39m No controls to apply on 'activity'
[32m[2021-04-11 13:00:45 INFO] [activity:161][39m Probe: pod-in-conditions
[36m[2021-04-11 13:00:45 DEBUG] [python:34][39m Activity 'pod-in-conditions' loaded from '/home/luisreciomelero/.local/lib/python3.8/site-packages/chaosk8s/pod/probes.py'
[36m[2021-04-11 13:00:45 DEBUG] [__init__:65][39m Using Kubernetes context: default
[36m[2021-04-11 13:00:45 DEBUG] [probes:130][39m Found 1 pods matching label 'app=mailer-app, component=ms-mailer' in ns 'default'
[36m[2021-04-11 13:00:45 DEBUG] [activity:180][39m   => succeeded with 'True'
[36m[2021-04-11 13:00:45 DEBUG] [__init__:355][39m No controls to apply on 'activity'
[36m[2021-04-11 13:00:45 DEBUG] [hypothesis:211][39m allowed tolerance is True
[32m[2021-04-11 13:00:45 INFO] [hypothesis:221][39m Steady state hypothesis is met!
[36m[2021-04-11 13:00:45 DEBUG] [__init__:355][39m No controls to apply on 'hypothesis'
[32m[2021-04-11 13:00:45 INFO] [run:809][39m Let's rollback...
[36m[2021-04-11 13:00:45 DEBUG] [__init__:355][39m No controls to apply on 'rollback'
[32m[2021-04-11 13:00:45 INFO] [rollback:25][39m No declared rollbacks, let's move on.
[36m[2021-04-11 13:00:45 DEBUG] [__init__:355][39m No controls to apply on 'rollback'
[32m[2021-04-11 13:00:45 INFO] [run:421][39m Experiment ended with status: completed
[36m[2021-04-11 13:00:45 DEBUG] [__init__:355][39m No controls to apply on 'experiment'
[36m[2021-04-11 13:00:45 DEBUG] [__init__:72][39m Cleaning up controls
[36m[2021-04-11 13:00:45 DEBUG] [caching:42][39m Clearing activities cache
[36m[2021-04-11 13:01:07 DEBUG] [cli:73][39m ###############################################################################
[36m[2021-04-11 13:01:07 DEBUG] [cli:74][39m Running command 'run'
[36m[2021-04-11 13:01:07 DEBUG] [cli:78][39m Using settings file '/home/luisreciomelero/.chaostoolkit/settings.yaml'
[36m[2021-04-11 13:01:08 DEBUG] [settings:26][39m The Chaos Toolkit settings file could not be found at '/home/luisreciomelero/.chaostoolkit/settings.yaml'.
[36m[2021-04-11 13:01:08 DEBUG] [__init__:355][39m No controls to apply on 'loader'
[36m[2021-04-11 13:01:08 DEBUG] [__init__:355][39m No controls to apply on 'loader'
[36m[2021-04-11 13:01:08 DEBUG] [caching:25][39m Building activity cache...
[36m[2021-04-11 13:01:08 DEBUG] [caching:35][39m Cached 4 activities
[32m[2021-04-11 13:01:08 INFO] [experiment:47][39m Validating the experiment's syntax
[36m[2021-04-11 13:01:08 DEBUG] [configuration:54][39m Loading configuration...
[36m[2021-04-11 13:01:08 DEBUG] [secret:75][39m Loading secrets...
[36m[2021-04-11 13:01:08 DEBUG] [secret:92][39m Secrets loaded
[32m[2021-04-11 13:01:09 INFO] [experiment:96][39m Experiment looks valid
[36m[2021-04-11 13:01:09 DEBUG] [caching:42][39m Clearing activities cache
[36m[2021-04-11 13:01:09 DEBUG] [caching:25][39m Building activity cache...
[36m[2021-04-11 13:01:09 DEBUG] [caching:35][39m Cached 4 activities
[36m[2021-04-11 13:01:09 DEBUG] [configuration:54][39m Loading configuration...
[36m[2021-04-11 13:01:09 DEBUG] [secret:75][39m Loading secrets...
[36m[2021-04-11 13:01:09 DEBUG] [secret:92][39m Secrets loaded
[32m[2021-04-11 13:01:09 INFO] [run:323][39m Running experiment: ¿Qué ocurre cuando eliminamos el microservicio update?
[36m[2021-04-11 13:01:09 DEBUG] [__init__:39][39m Initializing controls
[32m[2021-04-11 13:01:09 INFO] [run:342][39m Steady-state strategy: default
[32m[2021-04-11 13:01:09 INFO] [run:345][39m Rollbacks strategy: default
[36m[2021-04-11 13:01:09 DEBUG] [__init__:355][39m No controls to apply on 'experiment'
[36m[2021-04-11 13:01:09 DEBUG] [run:466][39m Running steady-state hypothesis before the method
[32m[2021-04-11 13:01:09 INFO] [hypothesis:183][39m Steady state hypothesis: Pod exists
[36m[2021-04-11 13:01:09 DEBUG] [__init__:355][39m No controls to apply on 'hypothesis'
[36m[2021-04-11 13:01:09 DEBUG] [__init__:355][39m No controls to apply on 'activity'
[32m[2021-04-11 13:01:09 INFO] [activity:161][39m Probe: pod-exists
[36m[2021-04-11 13:01:09 DEBUG] [python:34][39m Activity 'pod-exists' loaded from '/home/luisreciomelero/.local/lib/python3.8/site-packages/chaosk8s/pod/probes.py'
[36m[2021-04-11 13:01:09 DEBUG] [__init__:65][39m Using Kubernetes context: default
[36m[2021-04-11 13:01:09 DEBUG] [probes:202][39m Found 1 pods matching label 'app=crud-app, component=ms-update' in ns 'default'
[36m[2021-04-11 13:01:09 DEBUG] [activity:180][39m   => succeeded with '1'
[36m[2021-04-11 13:01:09 DEBUG] [__init__:355][39m No controls to apply on 'activity'
[36m[2021-04-11 13:01:09 DEBUG] [hypothesis:211][39m allowed tolerance is 1
[36m[2021-04-11 13:01:09 DEBUG] [__init__:355][39m No controls to apply on 'activity'
[32m[2021-04-11 13:01:09 INFO] [activity:161][39m Probe: pod-in-phase
[36m[2021-04-11 13:01:09 DEBUG] [python:34][39m Activity 'pod-in-phase' loaded from '/home/luisreciomelero/.local/lib/python3.8/site-packages/chaosk8s/pod/probes.py'
[36m[2021-04-11 13:01:09 DEBUG] [__init__:65][39m Using Kubernetes context: default
[36m[2021-04-11 13:01:09 DEBUG] [probes:97][39m Found 1 pods matching label 'app=crud-app, component=ms-update' in ns 'default'
[36m[2021-04-11 13:01:09 DEBUG] [activity:180][39m   => succeeded with 'True'
[36m[2021-04-11 13:01:09 DEBUG] [__init__:355][39m No controls to apply on 'activity'
[36m[2021-04-11 13:01:09 DEBUG] [hypothesis:211][39m allowed tolerance is True
[36m[2021-04-11 13:01:09 DEBUG] [__init__:355][39m No controls to apply on 'activity'
[32m[2021-04-11 13:01:09 INFO] [activity:161][39m Probe: pod-in-conditions
[36m[2021-04-11 13:01:09 DEBUG] [python:34][39m Activity 'pod-in-conditions' loaded from '/home/luisreciomelero/.local/lib/python3.8/site-packages/chaosk8s/pod/probes.py'
[36m[2021-04-11 13:01:09 DEBUG] [__init__:65][39m Using Kubernetes context: default
[36m[2021-04-11 13:01:09 DEBUG] [probes:130][39m Found 1 pods matching label 'app=crud-app, component=ms-update' in ns 'default'
[36m[2021-04-11 13:01:09 DEBUG] [activity:180][39m   => succeeded with 'True'
[36m[2021-04-11 13:01:09 DEBUG] [__init__:355][39m No controls to apply on 'activity'
[36m[2021-04-11 13:01:09 DEBUG] [hypothesis:211][39m allowed tolerance is True
[32m[2021-04-11 13:01:09 INFO] [hypothesis:221][39m Steady state hypothesis is met!
[36m[2021-04-11 13:01:09 DEBUG] [__init__:355][39m No controls to apply on 'hypothesis'
[32m[2021-04-11 13:01:09 INFO] [run:553][39m Playing your experiment's method now...
[36m[2021-04-11 13:01:09 DEBUG] [__init__:355][39m No controls to apply on 'method'
[36m[2021-04-11 13:01:09 DEBUG] [__init__:355][39m No controls to apply on 'activity'
[32m[2021-04-11 13:01:09 INFO] [activity:161][39m Action: terminate-pod
[36m[2021-04-11 13:01:09 DEBUG] [python:34][39m Activity 'terminate-pod' loaded from '/home/luisreciomelero/.local/lib/python3.8/site-packages/chaosk8s/pod/actions.py'
[36m[2021-04-11 13:01:09 DEBUG] [__init__:65][39m Using Kubernetes context: default
[36m[2021-04-11 13:01:09 DEBUG] [actions:193][39m Found 1 pods labelled 'app=crud-app, component=ms-update' in ns default
[36m[2021-04-11 13:01:09 DEBUG] [activity:182][39m   => succeeded without any result value
[32m[2021-04-11 13:01:09 INFO] [activity:198][39m Pausing after activity for 200s...
[36m[2021-04-11 13:04:29 DEBUG] [__init__:355][39m No controls to apply on 'activity'
[36m[2021-04-11 13:04:29 DEBUG] [__init__:355][39m No controls to apply on 'method'
[36m[2021-04-11 13:04:29 DEBUG] [run:496][39m Running steady-state hypothesis after the method
[32m[2021-04-11 13:04:29 INFO] [hypothesis:183][39m Steady state hypothesis: Pod exists
[36m[2021-04-11 13:04:29 DEBUG] [__init__:355][39m No controls to apply on 'hypothesis'
[36m[2021-04-11 13:04:29 DEBUG] [__init__:355][39m No controls to apply on 'activity'
[32m[2021-04-11 13:04:29 INFO] [activity:161][39m Probe: pod-exists
[36m[2021-04-11 13:04:29 DEBUG] [python:34][39m Activity 'pod-exists' loaded from '/home/luisreciomelero/.local/lib/python3.8/site-packages/chaosk8s/pod/probes.py'
[36m[2021-04-11 13:04:29 DEBUG] [__init__:65][39m Using Kubernetes context: default
[36m[2021-04-11 13:04:30 DEBUG] [probes:202][39m Found 1 pods matching label 'app=crud-app, component=ms-update' in ns 'default'
[36m[2021-04-11 13:04:30 DEBUG] [activity:180][39m   => succeeded with '1'
[36m[2021-04-11 13:04:30 DEBUG] [__init__:355][39m No controls to apply on 'activity'
[36m[2021-04-11 13:04:30 DEBUG] [hypothesis:211][39m allowed tolerance is 1
[36m[2021-04-11 13:04:30 DEBUG] [__init__:355][39m No controls to apply on 'activity'
[32m[2021-04-11 13:04:30 INFO] [activity:161][39m Probe: pod-in-phase
[36m[2021-04-11 13:04:30 DEBUG] [python:34][39m Activity 'pod-in-phase' loaded from '/home/luisreciomelero/.local/lib/python3.8/site-packages/chaosk8s/pod/probes.py'
[36m[2021-04-11 13:04:30 DEBUG] [__init__:65][39m Using Kubernetes context: default
[36m[2021-04-11 13:04:30 DEBUG] [probes:97][39m Found 1 pods matching label 'app=crud-app, component=ms-update' in ns 'default'
[36m[2021-04-11 13:04:30 DEBUG] [activity:180][39m   => succeeded with 'True'
[36m[2021-04-11 13:04:30 DEBUG] [__init__:355][39m No controls to apply on 'activity'
[36m[2021-04-11 13:04:30 DEBUG] [hypothesis:211][39m allowed tolerance is True
[36m[2021-04-11 13:04:30 DEBUG] [__init__:355][39m No controls to apply on 'activity'
[32m[2021-04-11 13:04:30 INFO] [activity:161][39m Probe: pod-in-conditions
[36m[2021-04-11 13:04:30 DEBUG] [python:34][39m Activity 'pod-in-conditions' loaded from '/home/luisreciomelero/.local/lib/python3.8/site-packages/chaosk8s/pod/probes.py'
[36m[2021-04-11 13:04:30 DEBUG] [__init__:65][39m Using Kubernetes context: default
[36m[2021-04-11 13:04:30 DEBUG] [probes:130][39m Found 1 pods matching label 'app=crud-app, component=ms-update' in ns 'default'
[36m[2021-04-11 13:04:30 DEBUG] [activity:180][39m   => succeeded with 'True'
[36m[2021-04-11 13:04:30 DEBUG] [__init__:355][39m No controls to apply on 'activity'
[36m[2021-04-11 13:04:30 DEBUG] [hypothesis:211][39m allowed tolerance is True
[32m[2021-04-11 13:04:30 INFO] [hypothesis:221][39m Steady state hypothesis is met!
[36m[2021-04-11 13:04:30 DEBUG] [__init__:355][39m No controls to apply on 'hypothesis'
[32m[2021-04-11 13:04:30 INFO] [run:809][39m Let's rollback...
[36m[2021-04-11 13:04:30 DEBUG] [__init__:355][39m No controls to apply on 'rollback'
[32m[2021-04-11 13:04:30 INFO] [rollback:25][39m No declared rollbacks, let's move on.
[36m[2021-04-11 13:04:30 DEBUG] [__init__:355][39m No controls to apply on 'rollback'
[32m[2021-04-11 13:04:30 INFO] [run:421][39m Experiment ended with status: completed
[36m[2021-04-11 13:04:30 DEBUG] [__init__:355][39m No controls to apply on 'experiment'
[36m[2021-04-11 13:04:30 DEBUG] [__init__:72][39m Cleaning up controls
[36m[2021-04-11 13:04:30 DEBUG] [caching:42][39m Clearing activities cache
[36m[2021-04-11 13:06:01 DEBUG] [cli:73][39m ###############################################################################
[36m[2021-04-11 13:06:01 DEBUG] [cli:74][39m Running command 'run'
[36m[2021-04-11 13:06:01 DEBUG] [cli:78][39m Using settings file '/home/luisreciomelero/.chaostoolkit/settings.yaml'
[36m[2021-04-11 13:06:02 DEBUG] [settings:26][39m The Chaos Toolkit settings file could not be found at '/home/luisreciomelero/.chaostoolkit/settings.yaml'.
[36m[2021-04-11 13:06:02 DEBUG] [__init__:355][39m No controls to apply on 'loader'
[36m[2021-04-11 13:06:02 DEBUG] [__init__:355][39m No controls to apply on 'loader'
[36m[2021-04-11 13:06:02 DEBUG] [caching:25][39m Building activity cache...
[36m[2021-04-11 13:06:02 DEBUG] [caching:35][39m Cached 4 activities
[32m[2021-04-11 13:06:02 INFO] [experiment:47][39m Validating the experiment's syntax
[36m[2021-04-11 13:06:02 DEBUG] [configuration:54][39m Loading configuration...
[36m[2021-04-11 13:06:02 DEBUG] [secret:75][39m Loading secrets...
[36m[2021-04-11 13:06:02 DEBUG] [secret:92][39m Secrets loaded
[32m[2021-04-11 13:06:03 INFO] [experiment:96][39m Experiment looks valid
[36m[2021-04-11 13:06:03 DEBUG] [caching:42][39m Clearing activities cache
[36m[2021-04-11 13:06:03 DEBUG] [caching:25][39m Building activity cache...
[36m[2021-04-11 13:06:03 DEBUG] [caching:35][39m Cached 4 activities
[36m[2021-04-11 13:06:03 DEBUG] [configuration:54][39m Loading configuration...
[36m[2021-04-11 13:06:03 DEBUG] [secret:75][39m Loading secrets...
[36m[2021-04-11 13:06:03 DEBUG] [secret:92][39m Secrets loaded
[32m[2021-04-11 13:06:03 INFO] [run:323][39m Running experiment: ¿Qué ocurre cuando eliminamos el microservicio read?
[36m[2021-04-11 13:06:03 DEBUG] [__init__:39][39m Initializing controls
[32m[2021-04-11 13:06:03 INFO] [run:342][39m Steady-state strategy: default
[32m[2021-04-11 13:06:03 INFO] [run:345][39m Rollbacks strategy: default
[36m[2021-04-11 13:06:03 DEBUG] [__init__:355][39m No controls to apply on 'experiment'
[36m[2021-04-11 13:06:03 DEBUG] [run:466][39m Running steady-state hypothesis before the method
[32m[2021-04-11 13:06:03 INFO] [hypothesis:183][39m Steady state hypothesis: Pod exists
[36m[2021-04-11 13:06:03 DEBUG] [__init__:355][39m No controls to apply on 'hypothesis'
[36m[2021-04-11 13:06:03 DEBUG] [__init__:355][39m No controls to apply on 'activity'
[32m[2021-04-11 13:06:03 INFO] [activity:161][39m Probe: pod-exists
[36m[2021-04-11 13:06:03 DEBUG] [python:34][39m Activity 'pod-exists' loaded from '/home/luisreciomelero/.local/lib/python3.8/site-packages/chaosk8s/pod/probes.py'
[36m[2021-04-11 13:06:03 DEBUG] [__init__:65][39m Using Kubernetes context: default
[36m[2021-04-11 13:06:03 DEBUG] [probes:202][39m Found 1 pods matching label 'app=read-app, component=ms-read' in ns 'default'
[36m[2021-04-11 13:06:03 DEBUG] [activity:180][39m   => succeeded with '1'
[36m[2021-04-11 13:06:03 DEBUG] [__init__:355][39m No controls to apply on 'activity'
[36m[2021-04-11 13:06:03 DEBUG] [hypothesis:211][39m allowed tolerance is 1
[36m[2021-04-11 13:06:03 DEBUG] [__init__:355][39m No controls to apply on 'activity'
[32m[2021-04-11 13:06:03 INFO] [activity:161][39m Probe: pod-in-phase
[36m[2021-04-11 13:06:03 DEBUG] [python:34][39m Activity 'pod-in-phase' loaded from '/home/luisreciomelero/.local/lib/python3.8/site-packages/chaosk8s/pod/probes.py'
[36m[2021-04-11 13:06:03 DEBUG] [__init__:65][39m Using Kubernetes context: default
[36m[2021-04-11 13:06:03 DEBUG] [probes:97][39m Found 1 pods matching label 'app=read-app, component=ms-read' in ns 'default'
[36m[2021-04-11 13:06:03 DEBUG] [activity:180][39m   => succeeded with 'True'
[36m[2021-04-11 13:06:03 DEBUG] [__init__:355][39m No controls to apply on 'activity'
[36m[2021-04-11 13:06:03 DEBUG] [hypothesis:211][39m allowed tolerance is True
[36m[2021-04-11 13:06:03 DEBUG] [__init__:355][39m No controls to apply on 'activity'
[32m[2021-04-11 13:06:03 INFO] [activity:161][39m Probe: pod-in-conditions
[36m[2021-04-11 13:06:03 DEBUG] [python:34][39m Activity 'pod-in-conditions' loaded from '/home/luisreciomelero/.local/lib/python3.8/site-packages/chaosk8s/pod/probes.py'
[36m[2021-04-11 13:06:03 DEBUG] [__init__:65][39m Using Kubernetes context: default
[36m[2021-04-11 13:06:03 DEBUG] [probes:130][39m Found 1 pods matching label 'app=read-app, component=ms-read' in ns 'default'
[36m[2021-04-11 13:06:03 DEBUG] [activity:180][39m   => succeeded with 'True'
[36m[2021-04-11 13:06:03 DEBUG] [__init__:355][39m No controls to apply on 'activity'
[36m[2021-04-11 13:06:03 DEBUG] [hypothesis:211][39m allowed tolerance is True
[32m[2021-04-11 13:06:03 INFO] [hypothesis:221][39m Steady state hypothesis is met!
[36m[2021-04-11 13:06:03 DEBUG] [__init__:355][39m No controls to apply on 'hypothesis'
[32m[2021-04-11 13:06:03 INFO] [run:553][39m Playing your experiment's method now...
[36m[2021-04-11 13:06:03 DEBUG] [__init__:355][39m No controls to apply on 'method'
[36m[2021-04-11 13:06:03 DEBUG] [__init__:355][39m No controls to apply on 'activity'
[32m[2021-04-11 13:06:03 INFO] [activity:161][39m Action: terminate-pod
[36m[2021-04-11 13:06:03 DEBUG] [python:34][39m Activity 'terminate-pod' loaded from '/home/luisreciomelero/.local/lib/python3.8/site-packages/chaosk8s/pod/actions.py'
[36m[2021-04-11 13:06:03 DEBUG] [__init__:65][39m Using Kubernetes context: default
[36m[2021-04-11 13:06:03 DEBUG] [actions:193][39m Found 1 pods labelled 'app=read-app, component=ms-read' in ns default
[36m[2021-04-11 13:06:03 DEBUG] [activity:182][39m   => succeeded without any result value
[32m[2021-04-11 13:06:03 INFO] [activity:198][39m Pausing after activity for 200s...
[36m[2021-04-11 13:09:23 DEBUG] [__init__:355][39m No controls to apply on 'activity'
[36m[2021-04-11 13:09:23 DEBUG] [__init__:355][39m No controls to apply on 'method'
[36m[2021-04-11 13:09:23 DEBUG] [run:496][39m Running steady-state hypothesis after the method
[32m[2021-04-11 13:09:23 INFO] [hypothesis:183][39m Steady state hypothesis: Pod exists
[36m[2021-04-11 13:09:23 DEBUG] [__init__:355][39m No controls to apply on 'hypothesis'
[36m[2021-04-11 13:09:23 DEBUG] [__init__:355][39m No controls to apply on 'activity'
[32m[2021-04-11 13:09:23 INFO] [activity:161][39m Probe: pod-exists
[36m[2021-04-11 13:09:23 DEBUG] [python:34][39m Activity 'pod-exists' loaded from '/home/luisreciomelero/.local/lib/python3.8/site-packages/chaosk8s/pod/probes.py'
[36m[2021-04-11 13:09:23 DEBUG] [__init__:65][39m Using Kubernetes context: default
[36m[2021-04-11 13:09:23 DEBUG] [probes:202][39m Found 1 pods matching label 'app=read-app, component=ms-read' in ns 'default'
[36m[2021-04-11 13:09:23 DEBUG] [activity:180][39m   => succeeded with '1'
[36m[2021-04-11 13:09:23 DEBUG] [__init__:355][39m No controls to apply on 'activity'
[36m[2021-04-11 13:09:23 DEBUG] [hypothesis:211][39m allowed tolerance is 1
[36m[2021-04-11 13:09:23 DEBUG] [__init__:355][39m No controls to apply on 'activity'
[32m[2021-04-11 13:09:23 INFO] [activity:161][39m Probe: pod-in-phase
[36m[2021-04-11 13:09:23 DEBUG] [python:34][39m Activity 'pod-in-phase' loaded from '/home/luisreciomelero/.local/lib/python3.8/site-packages/chaosk8s/pod/probes.py'
[36m[2021-04-11 13:09:23 DEBUG] [__init__:65][39m Using Kubernetes context: default
[36m[2021-04-11 13:09:23 DEBUG] [probes:97][39m Found 1 pods matching label 'app=read-app, component=ms-read' in ns 'default'
[36m[2021-04-11 13:09:23 DEBUG] [activity:180][39m   => succeeded with 'True'
[36m[2021-04-11 13:09:23 DEBUG] [__init__:355][39m No controls to apply on 'activity'
[36m[2021-04-11 13:09:23 DEBUG] [hypothesis:211][39m allowed tolerance is True
[36m[2021-04-11 13:09:23 DEBUG] [__init__:355][39m No controls to apply on 'activity'
[32m[2021-04-11 13:09:23 INFO] [activity:161][39m Probe: pod-in-conditions
[36m[2021-04-11 13:09:23 DEBUG] [python:34][39m Activity 'pod-in-conditions' loaded from '/home/luisreciomelero/.local/lib/python3.8/site-packages/chaosk8s/pod/probes.py'
[36m[2021-04-11 13:09:23 DEBUG] [__init__:65][39m Using Kubernetes context: default
[36m[2021-04-11 13:09:24 DEBUG] [probes:130][39m Found 1 pods matching label 'app=read-app, component=ms-read' in ns 'default'
[36m[2021-04-11 13:09:24 DEBUG] [activity:180][39m   => succeeded with 'True'
[36m[2021-04-11 13:09:24 DEBUG] [__init__:355][39m No controls to apply on 'activity'
[36m[2021-04-11 13:09:24 DEBUG] [hypothesis:211][39m allowed tolerance is True
[32m[2021-04-11 13:09:24 INFO] [hypothesis:221][39m Steady state hypothesis is met!
[36m[2021-04-11 13:09:24 DEBUG] [__init__:355][39m No controls to apply on 'hypothesis'
[32m[2021-04-11 13:09:24 INFO] [run:809][39m Let's rollback...
[36m[2021-04-11 13:09:24 DEBUG] [__init__:355][39m No controls to apply on 'rollback'
[32m[2021-04-11 13:09:24 INFO] [rollback:25][39m No declared rollbacks, let's move on.
[36m[2021-04-11 13:09:24 DEBUG] [__init__:355][39m No controls to apply on 'rollback'
[32m[2021-04-11 13:09:24 INFO] [run:421][39m Experiment ended with status: completed
[36m[2021-04-11 13:09:24 DEBUG] [__init__:355][39m No controls to apply on 'experiment'
[36m[2021-04-11 13:09:24 DEBUG] [__init__:72][39m Cleaning up controls
[36m[2021-04-11 13:09:24 DEBUG] [caching:42][39m Clearing activities cache
[36m[2021-04-11 13:09:54 DEBUG] [cli:73][39m ###############################################################################
[36m[2021-04-11 13:09:54 DEBUG] [cli:74][39m Running command 'run'
[36m[2021-04-11 13:09:54 DEBUG] [cli:78][39m Using settings file '/home/luisreciomelero/.chaostoolkit/settings.yaml'
[36m[2021-04-11 13:09:55 DEBUG] [settings:26][39m The Chaos Toolkit settings file could not be found at '/home/luisreciomelero/.chaostoolkit/settings.yaml'.
[36m[2021-04-11 13:09:55 DEBUG] [__init__:355][39m No controls to apply on 'loader'
[36m[2021-04-11 13:09:55 DEBUG] [__init__:355][39m No controls to apply on 'loader'
[36m[2021-04-11 13:09:55 DEBUG] [caching:25][39m Building activity cache...
[36m[2021-04-11 13:09:55 DEBUG] [caching:35][39m Cached 4 activities
[32m[2021-04-11 13:09:55 INFO] [experiment:47][39m Validating the experiment's syntax
[36m[2021-04-11 13:09:55 DEBUG] [configuration:54][39m Loading configuration...
[36m[2021-04-11 13:09:55 DEBUG] [secret:75][39m Loading secrets...
[36m[2021-04-11 13:09:55 DEBUG] [secret:92][39m Secrets loaded
[32m[2021-04-11 13:09:56 INFO] [experiment:96][39m Experiment looks valid
[36m[2021-04-11 13:09:56 DEBUG] [caching:42][39m Clearing activities cache
[36m[2021-04-11 13:09:56 DEBUG] [caching:25][39m Building activity cache...
[36m[2021-04-11 13:09:56 DEBUG] [caching:35][39m Cached 4 activities
[36m[2021-04-11 13:09:56 DEBUG] [configuration:54][39m Loading configuration...
[36m[2021-04-11 13:09:56 DEBUG] [secret:75][39m Loading secrets...
[36m[2021-04-11 13:09:56 DEBUG] [secret:92][39m Secrets loaded
[32m[2021-04-11 13:09:56 INFO] [run:323][39m Running experiment: ¿Qué ocurre cuando eliminamos el microservicio sender?
[36m[2021-04-11 13:09:56 DEBUG] [__init__:39][39m Initializing controls
[32m[2021-04-11 13:09:56 INFO] [run:342][39m Steady-state strategy: default
[32m[2021-04-11 13:09:56 INFO] [run:345][39m Rollbacks strategy: default
[36m[2021-04-11 13:09:56 DEBUG] [__init__:355][39m No controls to apply on 'experiment'
[36m[2021-04-11 13:09:56 DEBUG] [run:466][39m Running steady-state hypothesis before the method
[32m[2021-04-11 13:09:56 INFO] [hypothesis:183][39m Steady state hypothesis: Pod exists
[36m[2021-04-11 13:09:56 DEBUG] [__init__:355][39m No controls to apply on 'hypothesis'
[36m[2021-04-11 13:09:56 DEBUG] [__init__:355][39m No controls to apply on 'activity'
[32m[2021-04-11 13:09:56 INFO] [activity:161][39m Probe: pod-exists
[36m[2021-04-11 13:09:56 DEBUG] [python:34][39m Activity 'pod-exists' loaded from '/home/luisreciomelero/.local/lib/python3.8/site-packages/chaosk8s/pod/probes.py'
[36m[2021-04-11 13:09:56 DEBUG] [__init__:65][39m Using Kubernetes context: default
[36m[2021-04-11 13:09:56 DEBUG] [probes:202][39m Found 1 pods matching label 'app=sender-app, component=ms-sender' in ns 'default'
[36m[2021-04-11 13:09:56 DEBUG] [activity:180][39m   => succeeded with '1'
[36m[2021-04-11 13:09:56 DEBUG] [__init__:355][39m No controls to apply on 'activity'
[36m[2021-04-11 13:09:56 DEBUG] [hypothesis:211][39m allowed tolerance is 1
[36m[2021-04-11 13:09:56 DEBUG] [__init__:355][39m No controls to apply on 'activity'
[32m[2021-04-11 13:09:56 INFO] [activity:161][39m Probe: pod-in-phase
[36m[2021-04-11 13:09:56 DEBUG] [python:34][39m Activity 'pod-in-phase' loaded from '/home/luisreciomelero/.local/lib/python3.8/site-packages/chaosk8s/pod/probes.py'
[36m[2021-04-11 13:09:56 DEBUG] [__init__:65][39m Using Kubernetes context: default
[36m[2021-04-11 13:09:56 DEBUG] [probes:97][39m Found 1 pods matching label 'app=sender-app, component=ms-sender' in ns 'default'
[36m[2021-04-11 13:09:56 DEBUG] [activity:180][39m   => succeeded with 'True'
[36m[2021-04-11 13:09:56 DEBUG] [__init__:355][39m No controls to apply on 'activity'
[36m[2021-04-11 13:09:56 DEBUG] [hypothesis:211][39m allowed tolerance is True
[36m[2021-04-11 13:09:56 DEBUG] [__init__:355][39m No controls to apply on 'activity'
[32m[2021-04-11 13:09:56 INFO] [activity:161][39m Probe: pod-in-conditions
[36m[2021-04-11 13:09:56 DEBUG] [python:34][39m Activity 'pod-in-conditions' loaded from '/home/luisreciomelero/.local/lib/python3.8/site-packages/chaosk8s/pod/probes.py'
[36m[2021-04-11 13:09:56 DEBUG] [__init__:65][39m Using Kubernetes context: default
[36m[2021-04-11 13:09:56 DEBUG] [probes:130][39m Found 1 pods matching label 'app=sender-app, component=ms-sender' in ns 'default'
[36m[2021-04-11 13:09:56 DEBUG] [activity:180][39m   => succeeded with 'True'
[36m[2021-04-11 13:09:56 DEBUG] [__init__:355][39m No controls to apply on 'activity'
[36m[2021-04-11 13:09:56 DEBUG] [hypothesis:211][39m allowed tolerance is True
[32m[2021-04-11 13:09:56 INFO] [hypothesis:221][39m Steady state hypothesis is met!
[36m[2021-04-11 13:09:56 DEBUG] [__init__:355][39m No controls to apply on 'hypothesis'
[32m[2021-04-11 13:09:56 INFO] [run:553][39m Playing your experiment's method now...
[36m[2021-04-11 13:09:56 DEBUG] [__init__:355][39m No controls to apply on 'method'
[36m[2021-04-11 13:09:56 DEBUG] [__init__:355][39m No controls to apply on 'activity'
[32m[2021-04-11 13:09:56 INFO] [activity:161][39m Action: terminate-pod
[36m[2021-04-11 13:09:56 DEBUG] [python:34][39m Activity 'terminate-pod' loaded from '/home/luisreciomelero/.local/lib/python3.8/site-packages/chaosk8s/pod/actions.py'
[36m[2021-04-11 13:09:56 DEBUG] [__init__:65][39m Using Kubernetes context: default
[36m[2021-04-11 13:09:56 DEBUG] [actions:193][39m Found 1 pods labelled 'app=sender-app, component=ms-sender' in ns default
[36m[2021-04-11 13:09:56 DEBUG] [activity:182][39m   => succeeded without any result value
[32m[2021-04-11 13:09:56 INFO] [activity:198][39m Pausing after activity for 200s...
[36m[2021-04-11 13:13:16 DEBUG] [__init__:355][39m No controls to apply on 'activity'
[36m[2021-04-11 13:13:16 DEBUG] [__init__:355][39m No controls to apply on 'method'
[36m[2021-04-11 13:13:16 DEBUG] [run:496][39m Running steady-state hypothesis after the method
[32m[2021-04-11 13:13:16 INFO] [hypothesis:183][39m Steady state hypothesis: Pod exists
[36m[2021-04-11 13:13:16 DEBUG] [__init__:355][39m No controls to apply on 'hypothesis'
[36m[2021-04-11 13:13:16 DEBUG] [__init__:355][39m No controls to apply on 'activity'
[32m[2021-04-11 13:13:16 INFO] [activity:161][39m Probe: pod-exists
[36m[2021-04-11 13:13:16 DEBUG] [python:34][39m Activity 'pod-exists' loaded from '/home/luisreciomelero/.local/lib/python3.8/site-packages/chaosk8s/pod/probes.py'
[36m[2021-04-11 13:13:16 DEBUG] [__init__:65][39m Using Kubernetes context: default
[36m[2021-04-11 13:13:16 DEBUG] [probes:202][39m Found 1 pods matching label 'app=sender-app, component=ms-sender' in ns 'default'
[36m[2021-04-11 13:13:16 DEBUG] [activity:180][39m   => succeeded with '1'
[36m[2021-04-11 13:13:16 DEBUG] [__init__:355][39m No controls to apply on 'activity'
[36m[2021-04-11 13:13:16 DEBUG] [hypothesis:211][39m allowed tolerance is 1
[36m[2021-04-11 13:13:16 DEBUG] [__init__:355][39m No controls to apply on 'activity'
[32m[2021-04-11 13:13:16 INFO] [activity:161][39m Probe: pod-in-phase
[36m[2021-04-11 13:13:16 DEBUG] [python:34][39m Activity 'pod-in-phase' loaded from '/home/luisreciomelero/.local/lib/python3.8/site-packages/chaosk8s/pod/probes.py'
[36m[2021-04-11 13:13:16 DEBUG] [__init__:65][39m Using Kubernetes context: default
[36m[2021-04-11 13:13:16 DEBUG] [probes:97][39m Found 1 pods matching label 'app=sender-app, component=ms-sender' in ns 'default'
[36m[2021-04-11 13:13:16 DEBUG] [activity:180][39m   => succeeded with 'True'
[36m[2021-04-11 13:13:16 DEBUG] [__init__:355][39m No controls to apply on 'activity'
[36m[2021-04-11 13:13:16 DEBUG] [hypothesis:211][39m allowed tolerance is True
[36m[2021-04-11 13:13:16 DEBUG] [__init__:355][39m No controls to apply on 'activity'
[32m[2021-04-11 13:13:16 INFO] [activity:161][39m Probe: pod-in-conditions
[36m[2021-04-11 13:13:16 DEBUG] [python:34][39m Activity 'pod-in-conditions' loaded from '/home/luisreciomelero/.local/lib/python3.8/site-packages/chaosk8s/pod/probes.py'
[36m[2021-04-11 13:13:16 DEBUG] [__init__:65][39m Using Kubernetes context: default
[36m[2021-04-11 13:13:16 DEBUG] [probes:130][39m Found 1 pods matching label 'app=sender-app, component=ms-sender' in ns 'default'
[36m[2021-04-11 13:13:16 DEBUG] [activity:180][39m   => succeeded with 'True'
[36m[2021-04-11 13:13:16 DEBUG] [__init__:355][39m No controls to apply on 'activity'
[36m[2021-04-11 13:13:16 DEBUG] [hypothesis:211][39m allowed tolerance is True
[32m[2021-04-11 13:13:16 INFO] [hypothesis:221][39m Steady state hypothesis is met!
[36m[2021-04-11 13:13:16 DEBUG] [__init__:355][39m No controls to apply on 'hypothesis'
[32m[2021-04-11 13:13:16 INFO] [run:809][39m Let's rollback...
[36m[2021-04-11 13:13:16 DEBUG] [__init__:355][39m No controls to apply on 'rollback'
[32m[2021-04-11 13:13:16 INFO] [rollback:25][39m No declared rollbacks, let's move on.
[36m[2021-04-11 13:13:16 DEBUG] [__init__:355][39m No controls to apply on 'rollback'
[32m[2021-04-11 13:13:16 INFO] [run:421][39m Experiment ended with status: completed
[36m[2021-04-11 13:13:16 DEBUG] [__init__:355][39m No controls to apply on 'experiment'
[36m[2021-04-11 13:13:16 DEBUG] [__init__:72][39m Cleaning up controls
[36m[2021-04-11 13:13:16 DEBUG] [caching:42][39m Clearing activities cache
[36m[2021-04-11 13:18:18 DEBUG] [cli:73][39m ###############################################################################
[36m[2021-04-11 13:18:18 DEBUG] [cli:74][39m Running command 'run'
[36m[2021-04-11 13:18:18 DEBUG] [cli:78][39m Using settings file '/home/luisreciomelero/.chaostoolkit/settings.yaml'
[36m[2021-04-11 13:18:19 DEBUG] [settings:26][39m The Chaos Toolkit settings file could not be found at '/home/luisreciomelero/.chaostoolkit/settings.yaml'.
[36m[2021-04-11 13:18:19 DEBUG] [__init__:355][39m No controls to apply on 'loader'
[36m[2021-04-11 13:18:19 DEBUG] [__init__:355][39m No controls to apply on 'loader'
[32m[2021-04-11 13:18:19 INFO] [experiment:47][39m Validating the experiment's syntax
[36m[2021-04-11 13:18:19 DEBUG] [caching:42][39m Clearing activities cache
[31m[2021-04-11 13:18:19 ERROR] [cli:174][39m an empty experiment is not an experiment
[36m[2021-04-11 13:18:19 DEBUG] [cli:175][39m an empty experiment is not an experiment
[36m[2021-04-11 13:32:09 DEBUG] [cli:73][39m ###############################################################################
[36m[2021-04-11 13:32:09 DEBUG] [cli:74][39m Running command 'run'
[36m[2021-04-11 13:32:09 DEBUG] [cli:78][39m Using settings file '/home/luisreciomelero/.chaostoolkit/settings.yaml'
[36m[2021-04-11 13:32:10 DEBUG] [settings:26][39m The Chaos Toolkit settings file could not be found at '/home/luisreciomelero/.chaostoolkit/settings.yaml'.
[36m[2021-04-11 13:32:10 DEBUG] [__init__:355][39m No controls to apply on 'loader'
[36m[2021-04-11 13:32:10 DEBUG] [__init__:355][39m No controls to apply on 'loader'
[36m[2021-04-11 13:32:10 DEBUG] [caching:25][39m Building activity cache...
[36m[2021-04-11 13:32:10 DEBUG] [caching:35][39m Cached 4 activities
[32m[2021-04-11 13:32:10 INFO] [experiment:47][39m Validating the experiment's syntax
[36m[2021-04-11 13:32:10 DEBUG] [configuration:54][39m Loading configuration...
[36m[2021-04-11 13:32:10 DEBUG] [secret:75][39m Loading secrets...
[36m[2021-04-11 13:32:10 DEBUG] [secret:92][39m Secrets loaded
[32m[2021-04-11 13:32:10 INFO] [experiment:96][39m Experiment looks valid
[36m[2021-04-11 13:32:10 DEBUG] [caching:42][39m Clearing activities cache
[36m[2021-04-11 13:32:10 DEBUG] [caching:25][39m Building activity cache...
[36m[2021-04-11 13:32:10 DEBUG] [caching:35][39m Cached 4 activities
[36m[2021-04-11 13:32:10 DEBUG] [configuration:54][39m Loading configuration...
[36m[2021-04-11 13:32:10 DEBUG] [secret:75][39m Loading secrets...
[36m[2021-04-11 13:32:10 DEBUG] [secret:92][39m Secrets loaded
[32m[2021-04-11 13:32:10 INFO] [run:323][39m Running experiment: ¿Qué ocurre cuando eliminamos el pod donde se ejecuta el microgateway?
[36m[2021-04-11 13:32:10 DEBUG] [__init__:39][39m Initializing controls
[32m[2021-04-11 13:32:10 INFO] [run:342][39m Steady-state strategy: default
[32m[2021-04-11 13:32:10 INFO] [run:345][39m Rollbacks strategy: default
[36m[2021-04-11 13:32:10 DEBUG] [__init__:355][39m No controls to apply on 'experiment'
[36m[2021-04-11 13:32:10 DEBUG] [run:466][39m Running steady-state hypothesis before the method
[32m[2021-04-11 13:32:10 INFO] [hypothesis:183][39m Steady state hypothesis: Pod exists
[36m[2021-04-11 13:32:10 DEBUG] [__init__:355][39m No controls to apply on 'hypothesis'
[36m[2021-04-11 13:32:10 DEBUG] [__init__:355][39m No controls to apply on 'activity'
[32m[2021-04-11 13:32:10 INFO] [activity:161][39m Probe: pod-exists
[36m[2021-04-11 13:32:10 DEBUG] [python:34][39m Activity 'pod-exists' loaded from '/home/luisreciomelero/.local/lib/python3.8/site-packages/chaosk8s/pod/probes.py'
[36m[2021-04-11 13:32:10 DEBUG] [__init__:65][39m Using Kubernetes context: default
[36m[2021-04-11 13:32:10 DEBUG] [probes:202][39m Found 1 pods matching label 'app=mg-backend' in ns 'default'
[36m[2021-04-11 13:32:10 DEBUG] [activity:180][39m   => succeeded with '1'
[36m[2021-04-11 13:32:10 DEBUG] [__init__:355][39m No controls to apply on 'activity'
[36m[2021-04-11 13:32:10 DEBUG] [hypothesis:211][39m allowed tolerance is 1
[36m[2021-04-11 13:32:10 DEBUG] [__init__:355][39m No controls to apply on 'activity'
[32m[2021-04-11 13:32:10 INFO] [activity:161][39m Probe: pod-in-phase
[36m[2021-04-11 13:32:10 DEBUG] [python:34][39m Activity 'pod-in-phase' loaded from '/home/luisreciomelero/.local/lib/python3.8/site-packages/chaosk8s/pod/probes.py'
[36m[2021-04-11 13:32:10 DEBUG] [__init__:65][39m Using Kubernetes context: default
[36m[2021-04-11 13:32:10 DEBUG] [probes:97][39m Found 1 pods matching label 'app=mg-backend' in ns 'default'
[36m[2021-04-11 13:32:10 DEBUG] [activity:180][39m   => succeeded with 'True'
[36m[2021-04-11 13:32:10 DEBUG] [__init__:355][39m No controls to apply on 'activity'
[36m[2021-04-11 13:32:10 DEBUG] [hypothesis:211][39m allowed tolerance is True
[36m[2021-04-11 13:32:10 DEBUG] [__init__:355][39m No controls to apply on 'activity'
[32m[2021-04-11 13:32:10 INFO] [activity:161][39m Probe: pod-in-conditions
[36m[2021-04-11 13:32:10 DEBUG] [python:34][39m Activity 'pod-in-conditions' loaded from '/home/luisreciomelero/.local/lib/python3.8/site-packages/chaosk8s/pod/probes.py'
[36m[2021-04-11 13:32:10 DEBUG] [__init__:65][39m Using Kubernetes context: default
[36m[2021-04-11 13:32:10 DEBUG] [probes:130][39m Found 1 pods matching label 'app=mg-backend' in ns 'default'
[36m[2021-04-11 13:32:10 DEBUG] [activity:180][39m   => succeeded with 'True'
[36m[2021-04-11 13:32:10 DEBUG] [__init__:355][39m No controls to apply on 'activity'
[36m[2021-04-11 13:32:10 DEBUG] [hypothesis:211][39m allowed tolerance is True
[32m[2021-04-11 13:32:10 INFO] [hypothesis:221][39m Steady state hypothesis is met!
[36m[2021-04-11 13:32:10 DEBUG] [__init__:355][39m No controls to apply on 'hypothesis'
[32m[2021-04-11 13:32:10 INFO] [run:553][39m Playing your experiment's method now...
[36m[2021-04-11 13:32:10 DEBUG] [__init__:355][39m No controls to apply on 'method'
[36m[2021-04-11 13:32:10 DEBUG] [__init__:355][39m No controls to apply on 'activity'
[32m[2021-04-11 13:32:10 INFO] [activity:161][39m Action: terminate-pod
[36m[2021-04-11 13:32:10 DEBUG] [python:34][39m Activity 'terminate-pod' loaded from '/home/luisreciomelero/.local/lib/python3.8/site-packages/chaosk8s/pod/actions.py'
[36m[2021-04-11 13:32:10 DEBUG] [__init__:65][39m Using Kubernetes context: default
[36m[2021-04-11 13:32:10 DEBUG] [actions:193][39m Found 1 pods labelled 'app=mg-backend' in ns default
[36m[2021-04-11 13:32:10 DEBUG] [activity:182][39m   => succeeded without any result value
[32m[2021-04-11 13:32:10 INFO] [activity:198][39m Pausing after activity for 200s...
[36m[2021-04-11 13:35:30 DEBUG] [__init__:355][39m No controls to apply on 'activity'
[36m[2021-04-11 13:35:30 DEBUG] [__init__:355][39m No controls to apply on 'method'
[36m[2021-04-11 13:35:30 DEBUG] [run:496][39m Running steady-state hypothesis after the method
[32m[2021-04-11 13:35:30 INFO] [hypothesis:183][39m Steady state hypothesis: Pod exists
[36m[2021-04-11 13:35:30 DEBUG] [__init__:355][39m No controls to apply on 'hypothesis'
[36m[2021-04-11 13:35:30 DEBUG] [__init__:355][39m No controls to apply on 'activity'
[32m[2021-04-11 13:35:30 INFO] [activity:161][39m Probe: pod-exists
[36m[2021-04-11 13:35:30 DEBUG] [python:34][39m Activity 'pod-exists' loaded from '/home/luisreciomelero/.local/lib/python3.8/site-packages/chaosk8s/pod/probes.py'
[36m[2021-04-11 13:35:30 DEBUG] [__init__:65][39m Using Kubernetes context: default
[36m[2021-04-11 13:35:30 DEBUG] [probes:202][39m Found 1 pods matching label 'app=mg-backend' in ns 'default'
[36m[2021-04-11 13:35:30 DEBUG] [activity:180][39m   => succeeded with '1'
[36m[2021-04-11 13:35:30 DEBUG] [__init__:355][39m No controls to apply on 'activity'
[36m[2021-04-11 13:35:30 DEBUG] [hypothesis:211][39m allowed tolerance is 1
[36m[2021-04-11 13:35:30 DEBUG] [__init__:355][39m No controls to apply on 'activity'
[32m[2021-04-11 13:35:30 INFO] [activity:161][39m Probe: pod-in-phase
[36m[2021-04-11 13:35:30 DEBUG] [python:34][39m Activity 'pod-in-phase' loaded from '/home/luisreciomelero/.local/lib/python3.8/site-packages/chaosk8s/pod/probes.py'
[36m[2021-04-11 13:35:30 DEBUG] [__init__:65][39m Using Kubernetes context: default
[36m[2021-04-11 13:35:30 DEBUG] [probes:97][39m Found 1 pods matching label 'app=mg-backend' in ns 'default'
[36m[2021-04-11 13:35:30 DEBUG] [activity:180][39m   => succeeded with 'True'
[36m[2021-04-11 13:35:30 DEBUG] [__init__:355][39m No controls to apply on 'activity'
[36m[2021-04-11 13:35:30 DEBUG] [hypothesis:211][39m allowed tolerance is True
[36m[2021-04-11 13:35:30 DEBUG] [__init__:355][39m No controls to apply on 'activity'
[32m[2021-04-11 13:35:30 INFO] [activity:161][39m Probe: pod-in-conditions
[36m[2021-04-11 13:35:30 DEBUG] [python:34][39m Activity 'pod-in-conditions' loaded from '/home/luisreciomelero/.local/lib/python3.8/site-packages/chaosk8s/pod/probes.py'
[36m[2021-04-11 13:35:30 DEBUG] [__init__:65][39m Using Kubernetes context: default
[36m[2021-04-11 13:35:30 DEBUG] [probes:130][39m Found 1 pods matching label 'app=mg-backend' in ns 'default'
[36m[2021-04-11 13:35:30 DEBUG] [activity:180][39m   => succeeded with 'True'
[36m[2021-04-11 13:35:30 DEBUG] [__init__:355][39m No controls to apply on 'activity'
[36m[2021-04-11 13:35:30 DEBUG] [hypothesis:211][39m allowed tolerance is True
[32m[2021-04-11 13:35:30 INFO] [hypothesis:221][39m Steady state hypothesis is met!
[36m[2021-04-11 13:35:30 DEBUG] [__init__:355][39m No controls to apply on 'hypothesis'
[32m[2021-04-11 13:35:30 INFO] [run:809][39m Let's rollback...
[36m[2021-04-11 13:35:30 DEBUG] [__init__:355][39m No controls to apply on 'rollback'
[32m[2021-04-11 13:35:30 INFO] [rollback:25][39m No declared rollbacks, let's move on.
[36m[2021-04-11 13:35:30 DEBUG] [__init__:355][39m No controls to apply on 'rollback'
[32m[2021-04-11 13:35:30 INFO] [run:421][39m Experiment ended with status: completed
[36m[2021-04-11 13:35:30 DEBUG] [__init__:355][39m No controls to apply on 'experiment'
[36m[2021-04-11 13:35:30 DEBUG] [__init__:72][39m Cleaning up controls
[36m[2021-04-11 13:35:30 DEBUG] [caching:42][39m Clearing activities cache
[36m[2021-04-11 13:45:10 DEBUG] [cli:73][39m ###############################################################################
[36m[2021-04-11 13:45:10 DEBUG] [cli:74][39m Running command 'run'
[36m[2021-04-11 13:45:10 DEBUG] [cli:78][39m Using settings file '/home/luisreciomelero/.chaostoolkit/settings.yaml'
[36m[2021-04-11 13:45:10 DEBUG] [settings:26][39m The Chaos Toolkit settings file could not be found at '/home/luisreciomelero/.chaostoolkit/settings.yaml'.
[36m[2021-04-11 13:45:10 DEBUG] [__init__:355][39m No controls to apply on 'loader'
[36m[2021-04-11 13:45:10 DEBUG] [__init__:355][39m No controls to apply on 'loader'
[36m[2021-04-11 13:45:10 DEBUG] [caching:25][39m Building activity cache...
[36m[2021-04-11 13:45:10 DEBUG] [caching:35][39m Cached 4 activities
[32m[2021-04-11 13:45:10 INFO] [experiment:47][39m Validating the experiment's syntax
[36m[2021-04-11 13:45:10 DEBUG] [configuration:54][39m Loading configuration...
[36m[2021-04-11 13:45:10 DEBUG] [secret:75][39m Loading secrets...
[36m[2021-04-11 13:45:10 DEBUG] [secret:92][39m Secrets loaded
[32m[2021-04-11 13:45:11 INFO] [experiment:96][39m Experiment looks valid
[36m[2021-04-11 13:45:11 DEBUG] [caching:42][39m Clearing activities cache
[36m[2021-04-11 13:45:11 DEBUG] [caching:25][39m Building activity cache...
[36m[2021-04-11 13:45:11 DEBUG] [caching:35][39m Cached 4 activities
[36m[2021-04-11 13:45:11 DEBUG] [configuration:54][39m Loading configuration...
[36m[2021-04-11 13:45:11 DEBUG] [secret:75][39m Loading secrets...
[36m[2021-04-11 13:45:11 DEBUG] [secret:92][39m Secrets loaded
[32m[2021-04-11 13:45:11 INFO] [run:323][39m Running experiment: ¿Qué ocurre cuando eliminamos el pod donde se encuentra la base de datos?
[36m[2021-04-11 13:45:11 DEBUG] [__init__:39][39m Initializing controls
[32m[2021-04-11 13:45:11 INFO] [run:342][39m Steady-state strategy: default
[32m[2021-04-11 13:45:11 INFO] [run:345][39m Rollbacks strategy: default
[36m[2021-04-11 13:45:11 DEBUG] [__init__:355][39m No controls to apply on 'experiment'
[36m[2021-04-11 13:45:11 DEBUG] [run:466][39m Running steady-state hypothesis before the method
[32m[2021-04-11 13:45:11 INFO] [hypothesis:183][39m Steady state hypothesis: Pod exists
[36m[2021-04-11 13:45:11 DEBUG] [__init__:355][39m No controls to apply on 'hypothesis'
[36m[2021-04-11 13:45:11 DEBUG] [__init__:355][39m No controls to apply on 'activity'
[32m[2021-04-11 13:45:11 INFO] [activity:161][39m Probe: pod-exists
[36m[2021-04-11 13:45:11 DEBUG] [python:34][39m Activity 'pod-exists' loaded from '/home/luisreciomelero/.local/lib/python3.8/site-packages/chaosk8s/pod/probes.py'
[36m[2021-04-11 13:45:11 DEBUG] [__init__:65][39m Using Kubernetes context: default
[36m[2021-04-11 13:45:11 DEBUG] [probes:202][39m Found 1 pods matching label 'app=postgres-dep' in ns 'default'
[36m[2021-04-11 13:45:11 DEBUG] [activity:180][39m   => succeeded with '1'
[36m[2021-04-11 13:45:11 DEBUG] [__init__:355][39m No controls to apply on 'activity'
[36m[2021-04-11 13:45:11 DEBUG] [hypothesis:211][39m allowed tolerance is 1
[36m[2021-04-11 13:45:11 DEBUG] [__init__:355][39m No controls to apply on 'activity'
[32m[2021-04-11 13:45:11 INFO] [activity:161][39m Probe: pod-in-phase
[36m[2021-04-11 13:45:11 DEBUG] [python:34][39m Activity 'pod-in-phase' loaded from '/home/luisreciomelero/.local/lib/python3.8/site-packages/chaosk8s/pod/probes.py'
[36m[2021-04-11 13:45:11 DEBUG] [__init__:65][39m Using Kubernetes context: default
[36m[2021-04-11 13:45:11 DEBUG] [probes:97][39m Found 1 pods matching label 'app=postgres-dep' in ns 'default'
[36m[2021-04-11 13:45:11 DEBUG] [activity:180][39m   => succeeded with 'True'
[36m[2021-04-11 13:45:11 DEBUG] [__init__:355][39m No controls to apply on 'activity'
[36m[2021-04-11 13:45:11 DEBUG] [hypothesis:211][39m allowed tolerance is True
[36m[2021-04-11 13:45:11 DEBUG] [__init__:355][39m No controls to apply on 'activity'
[32m[2021-04-11 13:45:11 INFO] [activity:161][39m Probe: pod-in-conditions
[36m[2021-04-11 13:45:11 DEBUG] [python:34][39m Activity 'pod-in-conditions' loaded from '/home/luisreciomelero/.local/lib/python3.8/site-packages/chaosk8s/pod/probes.py'
[36m[2021-04-11 13:45:11 DEBUG] [__init__:65][39m Using Kubernetes context: default
[36m[2021-04-11 13:45:11 DEBUG] [probes:130][39m Found 1 pods matching label 'app=postgres-dep' in ns 'default'
[36m[2021-04-11 13:45:11 DEBUG] [activity:180][39m   => succeeded with 'True'
[36m[2021-04-11 13:45:11 DEBUG] [__init__:355][39m No controls to apply on 'activity'
[36m[2021-04-11 13:45:11 DEBUG] [hypothesis:211][39m allowed tolerance is True
[32m[2021-04-11 13:45:11 INFO] [hypothesis:221][39m Steady state hypothesis is met!
[36m[2021-04-11 13:45:11 DEBUG] [__init__:355][39m No controls to apply on 'hypothesis'
[32m[2021-04-11 13:45:11 INFO] [run:553][39m Playing your experiment's method now...
[36m[2021-04-11 13:45:11 DEBUG] [__init__:355][39m No controls to apply on 'method'
[36m[2021-04-11 13:45:11 DEBUG] [__init__:355][39m No controls to apply on 'activity'
[32m[2021-04-11 13:45:11 INFO] [activity:161][39m Action: terminate-pod
[36m[2021-04-11 13:45:11 DEBUG] [python:34][39m Activity 'terminate-pod' loaded from '/home/luisreciomelero/.local/lib/python3.8/site-packages/chaosk8s/pod/actions.py'
[36m[2021-04-11 13:45:11 DEBUG] [__init__:65][39m Using Kubernetes context: default
[36m[2021-04-11 13:45:11 DEBUG] [actions:193][39m Found 1 pods labelled 'app=postgres-dep' in ns default
[36m[2021-04-11 13:45:11 DEBUG] [activity:182][39m   => succeeded without any result value
[32m[2021-04-11 13:45:11 INFO] [activity:198][39m Pausing after activity for 200s...
[36m[2021-04-11 13:48:31 DEBUG] [__init__:355][39m No controls to apply on 'activity'
[36m[2021-04-11 13:48:31 DEBUG] [__init__:355][39m No controls to apply on 'method'
[36m[2021-04-11 13:48:31 DEBUG] [run:496][39m Running steady-state hypothesis after the method
[32m[2021-04-11 13:48:31 INFO] [hypothesis:183][39m Steady state hypothesis: Pod exists
[36m[2021-04-11 13:48:31 DEBUG] [__init__:355][39m No controls to apply on 'hypothesis'
[36m[2021-04-11 13:48:31 DEBUG] [__init__:355][39m No controls to apply on 'activity'
[32m[2021-04-11 13:48:31 INFO] [activity:161][39m Probe: pod-exists
[36m[2021-04-11 13:48:31 DEBUG] [python:34][39m Activity 'pod-exists' loaded from '/home/luisreciomelero/.local/lib/python3.8/site-packages/chaosk8s/pod/probes.py'
[36m[2021-04-11 13:48:31 DEBUG] [__init__:65][39m Using Kubernetes context: default
[36m[2021-04-11 13:48:31 DEBUG] [probes:202][39m Found 1 pods matching label 'app=postgres-dep' in ns 'default'
[36m[2021-04-11 13:48:31 DEBUG] [activity:180][39m   => succeeded with '1'
[36m[2021-04-11 13:48:31 DEBUG] [__init__:355][39m No controls to apply on 'activity'
[36m[2021-04-11 13:48:31 DEBUG] [hypothesis:211][39m allowed tolerance is 1
[36m[2021-04-11 13:48:31 DEBUG] [__init__:355][39m No controls to apply on 'activity'
[32m[2021-04-11 13:48:31 INFO] [activity:161][39m Probe: pod-in-phase
[36m[2021-04-11 13:48:31 DEBUG] [python:34][39m Activity 'pod-in-phase' loaded from '/home/luisreciomelero/.local/lib/python3.8/site-packages/chaosk8s/pod/probes.py'
[36m[2021-04-11 13:48:31 DEBUG] [__init__:65][39m Using Kubernetes context: default
[36m[2021-04-11 13:48:31 DEBUG] [probes:97][39m Found 1 pods matching label 'app=postgres-dep' in ns 'default'
[36m[2021-04-11 13:48:31 DEBUG] [activity:180][39m   => succeeded with 'True'
[36m[2021-04-11 13:48:31 DEBUG] [__init__:355][39m No controls to apply on 'activity'
[36m[2021-04-11 13:48:31 DEBUG] [hypothesis:211][39m allowed tolerance is True
[36m[2021-04-11 13:48:31 DEBUG] [__init__:355][39m No controls to apply on 'activity'
[32m[2021-04-11 13:48:31 INFO] [activity:161][39m Probe: pod-in-conditions
[36m[2021-04-11 13:48:31 DEBUG] [python:34][39m Activity 'pod-in-conditions' loaded from '/home/luisreciomelero/.local/lib/python3.8/site-packages/chaosk8s/pod/probes.py'
[36m[2021-04-11 13:48:31 DEBUG] [__init__:65][39m Using Kubernetes context: default
[36m[2021-04-11 13:48:31 DEBUG] [probes:130][39m Found 1 pods matching label 'app=postgres-dep' in ns 'default'
[36m[2021-04-11 13:48:31 DEBUG] [activity:180][39m   => succeeded with 'True'
[36m[2021-04-11 13:48:31 DEBUG] [__init__:355][39m No controls to apply on 'activity'
[36m[2021-04-11 13:48:31 DEBUG] [hypothesis:211][39m allowed tolerance is True
[32m[2021-04-11 13:48:31 INFO] [hypothesis:221][39m Steady state hypothesis is met!
[36m[2021-04-11 13:48:31 DEBUG] [__init__:355][39m No controls to apply on 'hypothesis'
[32m[2021-04-11 13:48:31 INFO] [run:809][39m Let's rollback...
[36m[2021-04-11 13:48:31 DEBUG] [__init__:355][39m No controls to apply on 'rollback'
[32m[2021-04-11 13:48:31 INFO] [rollback:25][39m No declared rollbacks, let's move on.
[36m[2021-04-11 13:48:31 DEBUG] [__init__:355][39m No controls to apply on 'rollback'
[32m[2021-04-11 13:48:31 INFO] [run:421][39m Experiment ended with status: completed
[36m[2021-04-11 13:48:31 DEBUG] [__init__:355][39m No controls to apply on 'experiment'
[36m[2021-04-11 13:48:31 DEBUG] [__init__:72][39m Cleaning up controls
[36m[2021-04-11 13:48:31 DEBUG] [caching:42][39m Clearing activities cache
[36m[2021-04-11 14:12:31 DEBUG] [cli:73][39m ###############################################################################
[36m[2021-04-11 14:12:31 DEBUG] [cli:74][39m Running command 'run'
[36m[2021-04-11 14:12:31 DEBUG] [cli:78][39m Using settings file '/home/luisreciomelero/.chaostoolkit/settings.yaml'
[36m[2021-04-11 14:12:32 DEBUG] [settings:26][39m The Chaos Toolkit settings file could not be found at '/home/luisreciomelero/.chaostoolkit/settings.yaml'.
[36m[2021-04-11 14:12:32 DEBUG] [__init__:355][39m No controls to apply on 'loader'
[36m[2021-04-11 14:12:32 DEBUG] [__init__:355][39m No controls to apply on 'loader'
[36m[2021-04-11 14:12:32 DEBUG] [caching:25][39m Building activity cache...
[36m[2021-04-11 14:12:32 DEBUG] [caching:35][39m Cached 4 activities
[32m[2021-04-11 14:12:32 INFO] [experiment:47][39m Validating the experiment's syntax
[36m[2021-04-11 14:12:32 DEBUG] [configuration:54][39m Loading configuration...
[36m[2021-04-11 14:12:32 DEBUG] [secret:75][39m Loading secrets...
[36m[2021-04-11 14:12:32 DEBUG] [secret:92][39m Secrets loaded
[32m[2021-04-11 14:12:32 INFO] [experiment:96][39m Experiment looks valid
[36m[2021-04-11 14:12:32 DEBUG] [caching:42][39m Clearing activities cache
[36m[2021-04-11 14:12:32 DEBUG] [caching:25][39m Building activity cache...
[36m[2021-04-11 14:12:32 DEBUG] [caching:35][39m Cached 4 activities
[36m[2021-04-11 14:12:32 DEBUG] [configuration:54][39m Loading configuration...
[36m[2021-04-11 14:12:32 DEBUG] [secret:75][39m Loading secrets...
[36m[2021-04-11 14:12:32 DEBUG] [secret:92][39m Secrets loaded
[32m[2021-04-11 14:12:32 INFO] [run:323][39m Running experiment: ¿Qué ocurre cuando eliminamos el pod donde se ejecuta el zookeeper?
[36m[2021-04-11 14:12:32 DEBUG] [__init__:39][39m Initializing controls
[32m[2021-04-11 14:12:32 INFO] [run:342][39m Steady-state strategy: default
[32m[2021-04-11 14:12:32 INFO] [run:345][39m Rollbacks strategy: default
[36m[2021-04-11 14:12:32 DEBUG] [__init__:355][39m No controls to apply on 'experiment'
[36m[2021-04-11 14:12:32 DEBUG] [run:466][39m Running steady-state hypothesis before the method
[32m[2021-04-11 14:12:32 INFO] [hypothesis:183][39m Steady state hypothesis: Pod exists
[36m[2021-04-11 14:12:32 DEBUG] [__init__:355][39m No controls to apply on 'hypothesis'
[36m[2021-04-11 14:12:32 DEBUG] [__init__:355][39m No controls to apply on 'activity'
[32m[2021-04-11 14:12:32 INFO] [activity:161][39m Probe: pod-exists
[36m[2021-04-11 14:12:32 DEBUG] [python:34][39m Activity 'pod-exists' loaded from '/home/luisreciomelero/.local/lib/python3.8/site-packages/chaosk8s/pod/probes.py'
[36m[2021-04-11 14:12:32 DEBUG] [__init__:65][39m Using Kubernetes context: default
[36m[2021-04-11 14:12:32 DEBUG] [probes:202][39m Found 1 pods matching label 'app=kafka, component=zookeeper' in ns 'default'
[36m[2021-04-11 14:12:32 DEBUG] [activity:180][39m   => succeeded with '1'
[36m[2021-04-11 14:12:32 DEBUG] [__init__:355][39m No controls to apply on 'activity'
[36m[2021-04-11 14:12:32 DEBUG] [hypothesis:211][39m allowed tolerance is 1
[36m[2021-04-11 14:12:32 DEBUG] [__init__:355][39m No controls to apply on 'activity'
[32m[2021-04-11 14:12:32 INFO] [activity:161][39m Probe: pod-in-phase
[36m[2021-04-11 14:12:32 DEBUG] [python:34][39m Activity 'pod-in-phase' loaded from '/home/luisreciomelero/.local/lib/python3.8/site-packages/chaosk8s/pod/probes.py'
[36m[2021-04-11 14:12:32 DEBUG] [__init__:65][39m Using Kubernetes context: default
[36m[2021-04-11 14:12:32 DEBUG] [probes:97][39m Found 1 pods matching label 'app=kafka, component=zookeeper' in ns 'default'
[36m[2021-04-11 14:12:32 DEBUG] [activity:180][39m   => succeeded with 'True'
[36m[2021-04-11 14:12:32 DEBUG] [__init__:355][39m No controls to apply on 'activity'
[36m[2021-04-11 14:12:32 DEBUG] [hypothesis:211][39m allowed tolerance is True
[36m[2021-04-11 14:12:32 DEBUG] [__init__:355][39m No controls to apply on 'activity'
[32m[2021-04-11 14:12:32 INFO] [activity:161][39m Probe: pod-in-conditions
[36m[2021-04-11 14:12:32 DEBUG] [python:34][39m Activity 'pod-in-conditions' loaded from '/home/luisreciomelero/.local/lib/python3.8/site-packages/chaosk8s/pod/probes.py'
[36m[2021-04-11 14:12:32 DEBUG] [__init__:65][39m Using Kubernetes context: default
[36m[2021-04-11 14:12:33 DEBUG] [probes:130][39m Found 1 pods matching label 'app=kafka, component=zookeeper' in ns 'default'
[36m[2021-04-11 14:12:33 DEBUG] [activity:180][39m   => succeeded with 'True'
[36m[2021-04-11 14:12:33 DEBUG] [__init__:355][39m No controls to apply on 'activity'
[36m[2021-04-11 14:12:33 DEBUG] [hypothesis:211][39m allowed tolerance is True
[32m[2021-04-11 14:12:33 INFO] [hypothesis:221][39m Steady state hypothesis is met!
[36m[2021-04-11 14:12:33 DEBUG] [__init__:355][39m No controls to apply on 'hypothesis'
[32m[2021-04-11 14:12:33 INFO] [run:553][39m Playing your experiment's method now...
[36m[2021-04-11 14:12:33 DEBUG] [__init__:355][39m No controls to apply on 'method'
[36m[2021-04-11 14:12:33 DEBUG] [__init__:355][39m No controls to apply on 'activity'
[32m[2021-04-11 14:12:33 INFO] [activity:161][39m Action: terminate-pod
[36m[2021-04-11 14:12:33 DEBUG] [python:34][39m Activity 'terminate-pod' loaded from '/home/luisreciomelero/.local/lib/python3.8/site-packages/chaosk8s/pod/actions.py'
[36m[2021-04-11 14:12:33 DEBUG] [__init__:65][39m Using Kubernetes context: default
[36m[2021-04-11 14:12:33 DEBUG] [actions:193][39m Found 1 pods labelled 'app=kafka, component=zookeeper' in ns default
[36m[2021-04-11 14:12:33 DEBUG] [activity:182][39m   => succeeded without any result value
[32m[2021-04-11 14:12:33 INFO] [activity:198][39m Pausing after activity for 200s...
[36m[2021-04-11 14:15:53 DEBUG] [__init__:355][39m No controls to apply on 'activity'
[36m[2021-04-11 14:15:53 DEBUG] [__init__:355][39m No controls to apply on 'method'
[36m[2021-04-11 14:15:53 DEBUG] [run:496][39m Running steady-state hypothesis after the method
[32m[2021-04-11 14:15:53 INFO] [hypothesis:183][39m Steady state hypothesis: Pod exists
[36m[2021-04-11 14:15:53 DEBUG] [__init__:355][39m No controls to apply on 'hypothesis'
[36m[2021-04-11 14:15:53 DEBUG] [__init__:355][39m No controls to apply on 'activity'
[32m[2021-04-11 14:15:53 INFO] [activity:161][39m Probe: pod-exists
[36m[2021-04-11 14:15:53 DEBUG] [python:34][39m Activity 'pod-exists' loaded from '/home/luisreciomelero/.local/lib/python3.8/site-packages/chaosk8s/pod/probes.py'
[36m[2021-04-11 14:15:53 DEBUG] [__init__:65][39m Using Kubernetes context: default
[36m[2021-04-11 14:15:53 DEBUG] [probes:202][39m Found 1 pods matching label 'app=kafka, component=zookeeper' in ns 'default'
[36m[2021-04-11 14:15:53 DEBUG] [activity:180][39m   => succeeded with '1'
[36m[2021-04-11 14:15:53 DEBUG] [__init__:355][39m No controls to apply on 'activity'
[36m[2021-04-11 14:15:53 DEBUG] [hypothesis:211][39m allowed tolerance is 1
[36m[2021-04-11 14:15:53 DEBUG] [__init__:355][39m No controls to apply on 'activity'
[32m[2021-04-11 14:15:53 INFO] [activity:161][39m Probe: pod-in-phase
[36m[2021-04-11 14:15:53 DEBUG] [python:34][39m Activity 'pod-in-phase' loaded from '/home/luisreciomelero/.local/lib/python3.8/site-packages/chaosk8s/pod/probes.py'
[36m[2021-04-11 14:15:53 DEBUG] [__init__:65][39m Using Kubernetes context: default
[36m[2021-04-11 14:15:53 DEBUG] [probes:97][39m Found 1 pods matching label 'app=kafka, component=zookeeper' in ns 'default'
[36m[2021-04-11 14:15:53 DEBUG] [activity:180][39m   => succeeded with 'True'
[36m[2021-04-11 14:15:53 DEBUG] [__init__:355][39m No controls to apply on 'activity'
[36m[2021-04-11 14:15:53 DEBUG] [hypothesis:211][39m allowed tolerance is True
[36m[2021-04-11 14:15:53 DEBUG] [__init__:355][39m No controls to apply on 'activity'
[32m[2021-04-11 14:15:53 INFO] [activity:161][39m Probe: pod-in-conditions
[36m[2021-04-11 14:15:53 DEBUG] [python:34][39m Activity 'pod-in-conditions' loaded from '/home/luisreciomelero/.local/lib/python3.8/site-packages/chaosk8s/pod/probes.py'
[36m[2021-04-11 14:15:53 DEBUG] [__init__:65][39m Using Kubernetes context: default
[36m[2021-04-11 14:15:53 DEBUG] [probes:130][39m Found 1 pods matching label 'app=kafka, component=zookeeper' in ns 'default'
[36m[2021-04-11 14:15:53 DEBUG] [activity:180][39m   => succeeded with 'True'
[36m[2021-04-11 14:15:53 DEBUG] [__init__:355][39m No controls to apply on 'activity'
[36m[2021-04-11 14:15:53 DEBUG] [hypothesis:211][39m allowed tolerance is True
[32m[2021-04-11 14:15:53 INFO] [hypothesis:221][39m Steady state hypothesis is met!
[36m[2021-04-11 14:15:53 DEBUG] [__init__:355][39m No controls to apply on 'hypothesis'
[32m[2021-04-11 14:15:53 INFO] [run:809][39m Let's rollback...
[36m[2021-04-11 14:15:53 DEBUG] [__init__:355][39m No controls to apply on 'rollback'
[32m[2021-04-11 14:15:53 INFO] [rollback:25][39m No declared rollbacks, let's move on.
[36m[2021-04-11 14:15:53 DEBUG] [__init__:355][39m No controls to apply on 'rollback'
[32m[2021-04-11 14:15:53 INFO] [run:421][39m Experiment ended with status: completed
[36m[2021-04-11 14:15:53 DEBUG] [__init__:355][39m No controls to apply on 'experiment'
[36m[2021-04-11 14:15:53 DEBUG] [__init__:72][39m Cleaning up controls
[36m[2021-04-11 14:15:53 DEBUG] [caching:42][39m Clearing activities cache
[36m[2021-04-11 14:27:09 DEBUG] [cli:73][39m ###############################################################################
[36m[2021-04-11 14:27:09 DEBUG] [cli:74][39m Running command 'run'
[36m[2021-04-11 14:27:09 DEBUG] [cli:78][39m Using settings file '/home/luisreciomelero/.chaostoolkit/settings.yaml'
[36m[2021-04-11 14:27:11 DEBUG] [settings:26][39m The Chaos Toolkit settings file could not be found at '/home/luisreciomelero/.chaostoolkit/settings.yaml'.
[36m[2021-04-11 14:27:11 DEBUG] [__init__:355][39m No controls to apply on 'loader'
[36m[2021-04-11 14:27:11 DEBUG] [__init__:355][39m No controls to apply on 'loader'
[36m[2021-04-11 14:27:11 DEBUG] [caching:25][39m Building activity cache...
[36m[2021-04-11 14:27:11 DEBUG] [caching:35][39m Cached 4 activities
[32m[2021-04-11 14:27:11 INFO] [experiment:47][39m Validating the experiment's syntax
[36m[2021-04-11 14:27:11 DEBUG] [configuration:54][39m Loading configuration...
[36m[2021-04-11 14:27:11 DEBUG] [secret:75][39m Loading secrets...
[36m[2021-04-11 14:27:11 DEBUG] [secret:92][39m Secrets loaded
[32m[2021-04-11 14:27:11 INFO] [experiment:96][39m Experiment looks valid
[36m[2021-04-11 14:27:11 DEBUG] [caching:42][39m Clearing activities cache
[36m[2021-04-11 14:27:11 DEBUG] [caching:25][39m Building activity cache...
[36m[2021-04-11 14:27:11 DEBUG] [caching:35][39m Cached 4 activities
[36m[2021-04-11 14:27:11 DEBUG] [configuration:54][39m Loading configuration...
[36m[2021-04-11 14:27:11 DEBUG] [secret:75][39m Loading secrets...
[36m[2021-04-11 14:27:11 DEBUG] [secret:92][39m Secrets loaded
[32m[2021-04-11 14:27:11 INFO] [run:323][39m Running experiment: ¿Qué ocurre cuando eliminamos el pod en el que se ejecuta el contenedor de Kafka?
[36m[2021-04-11 14:27:11 DEBUG] [__init__:39][39m Initializing controls
[32m[2021-04-11 14:27:11 INFO] [run:342][39m Steady-state strategy: default
[32m[2021-04-11 14:27:11 INFO] [run:345][39m Rollbacks strategy: default
[36m[2021-04-11 14:27:11 DEBUG] [__init__:355][39m No controls to apply on 'experiment'
[36m[2021-04-11 14:27:11 DEBUG] [run:466][39m Running steady-state hypothesis before the method
[32m[2021-04-11 14:27:11 INFO] [hypothesis:183][39m Steady state hypothesis: Pod exists
[36m[2021-04-11 14:27:11 DEBUG] [__init__:355][39m No controls to apply on 'hypothesis'
[36m[2021-04-11 14:27:11 DEBUG] [__init__:355][39m No controls to apply on 'activity'
[32m[2021-04-11 14:27:11 INFO] [activity:161][39m Probe: pod-exists
[36m[2021-04-11 14:27:11 DEBUG] [python:34][39m Activity 'pod-exists' loaded from '/home/luisreciomelero/.local/lib/python3.8/site-packages/chaosk8s/pod/probes.py'
[36m[2021-04-11 14:27:11 DEBUG] [__init__:65][39m Using Kubernetes context: default
[36m[2021-04-11 14:27:11 DEBUG] [probes:202][39m Found 1 pods matching label 'app=kafka, component=kafka-broker' in ns 'default'
[36m[2021-04-11 14:27:11 DEBUG] [activity:180][39m   => succeeded with '1'
[36m[2021-04-11 14:27:11 DEBUG] [__init__:355][39m No controls to apply on 'activity'
[36m[2021-04-11 14:27:11 DEBUG] [hypothesis:211][39m allowed tolerance is 1
[36m[2021-04-11 14:27:11 DEBUG] [__init__:355][39m No controls to apply on 'activity'
[32m[2021-04-11 14:27:11 INFO] [activity:161][39m Probe: pod-in-phase
[36m[2021-04-11 14:27:11 DEBUG] [python:34][39m Activity 'pod-in-phase' loaded from '/home/luisreciomelero/.local/lib/python3.8/site-packages/chaosk8s/pod/probes.py'
[36m[2021-04-11 14:27:11 DEBUG] [__init__:65][39m Using Kubernetes context: default
[36m[2021-04-11 14:27:11 DEBUG] [probes:97][39m Found 1 pods matching label 'app=kafka, component=kafka-broker' in ns 'default'
[36m[2021-04-11 14:27:11 DEBUG] [activity:180][39m   => succeeded with 'True'
[36m[2021-04-11 14:27:11 DEBUG] [__init__:355][39m No controls to apply on 'activity'
[36m[2021-04-11 14:27:11 DEBUG] [hypothesis:211][39m allowed tolerance is True
[36m[2021-04-11 14:27:11 DEBUG] [__init__:355][39m No controls to apply on 'activity'
[32m[2021-04-11 14:27:11 INFO] [activity:161][39m Probe: pod-in-conditions
[36m[2021-04-11 14:27:11 DEBUG] [python:34][39m Activity 'pod-in-conditions' loaded from '/home/luisreciomelero/.local/lib/python3.8/site-packages/chaosk8s/pod/probes.py'
[36m[2021-04-11 14:27:11 DEBUG] [__init__:65][39m Using Kubernetes context: default
[36m[2021-04-11 14:27:11 DEBUG] [probes:130][39m Found 1 pods matching label 'app=kafka, component=kafka-broker' in ns 'default'
[36m[2021-04-11 14:27:11 DEBUG] [activity:180][39m   => succeeded with 'True'
[36m[2021-04-11 14:27:11 DEBUG] [__init__:355][39m No controls to apply on 'activity'
[36m[2021-04-11 14:27:11 DEBUG] [hypothesis:211][39m allowed tolerance is True
[32m[2021-04-11 14:27:11 INFO] [hypothesis:221][39m Steady state hypothesis is met!
[36m[2021-04-11 14:27:11 DEBUG] [__init__:355][39m No controls to apply on 'hypothesis'
[32m[2021-04-11 14:27:11 INFO] [run:553][39m Playing your experiment's method now...
[36m[2021-04-11 14:27:11 DEBUG] [__init__:355][39m No controls to apply on 'method'
[36m[2021-04-11 14:27:11 DEBUG] [__init__:355][39m No controls to apply on 'activity'
[32m[2021-04-11 14:27:11 INFO] [activity:161][39m Action: terminate-pod
[36m[2021-04-11 14:27:11 DEBUG] [python:34][39m Activity 'terminate-pod' loaded from '/home/luisreciomelero/.local/lib/python3.8/site-packages/chaosk8s/pod/actions.py'
[36m[2021-04-11 14:27:11 DEBUG] [__init__:65][39m Using Kubernetes context: default
[36m[2021-04-11 14:27:11 DEBUG] [actions:193][39m Found 1 pods labelled 'app=kafka, component=kafka-broker' in ns default
[36m[2021-04-11 14:27:11 DEBUG] [activity:182][39m   => succeeded without any result value
[32m[2021-04-11 14:27:11 INFO] [activity:198][39m Pausing after activity for 200s...
[36m[2021-04-11 14:30:32 DEBUG] [__init__:355][39m No controls to apply on 'activity'
[36m[2021-04-11 14:30:32 DEBUG] [__init__:355][39m No controls to apply on 'method'
[36m[2021-04-11 14:30:32 DEBUG] [run:496][39m Running steady-state hypothesis after the method
[32m[2021-04-11 14:30:32 INFO] [hypothesis:183][39m Steady state hypothesis: Pod exists
[36m[2021-04-11 14:30:32 DEBUG] [__init__:355][39m No controls to apply on 'hypothesis'
[36m[2021-04-11 14:30:32 DEBUG] [__init__:355][39m No controls to apply on 'activity'
[32m[2021-04-11 14:30:32 INFO] [activity:161][39m Probe: pod-exists
[36m[2021-04-11 14:30:32 DEBUG] [python:34][39m Activity 'pod-exists' loaded from '/home/luisreciomelero/.local/lib/python3.8/site-packages/chaosk8s/pod/probes.py'
[36m[2021-04-11 14:30:32 DEBUG] [__init__:65][39m Using Kubernetes context: default
[36m[2021-04-11 14:30:32 DEBUG] [probes:202][39m Found 1 pods matching label 'app=kafka, component=kafka-broker' in ns 'default'
[36m[2021-04-11 14:30:32 DEBUG] [activity:180][39m   => succeeded with '1'
[36m[2021-04-11 14:30:32 DEBUG] [__init__:355][39m No controls to apply on 'activity'
[36m[2021-04-11 14:30:32 DEBUG] [hypothesis:211][39m allowed tolerance is 1
[36m[2021-04-11 14:30:32 DEBUG] [__init__:355][39m No controls to apply on 'activity'
[32m[2021-04-11 14:30:32 INFO] [activity:161][39m Probe: pod-in-phase
[36m[2021-04-11 14:30:32 DEBUG] [python:34][39m Activity 'pod-in-phase' loaded from '/home/luisreciomelero/.local/lib/python3.8/site-packages/chaosk8s/pod/probes.py'
[36m[2021-04-11 14:30:32 DEBUG] [__init__:65][39m Using Kubernetes context: default
[36m[2021-04-11 14:30:32 DEBUG] [probes:97][39m Found 1 pods matching label 'app=kafka, component=kafka-broker' in ns 'default'
[36m[2021-04-11 14:30:32 DEBUG] [activity:180][39m   => succeeded with 'True'
[36m[2021-04-11 14:30:32 DEBUG] [__init__:355][39m No controls to apply on 'activity'
[36m[2021-04-11 14:30:32 DEBUG] [hypothesis:211][39m allowed tolerance is True
[36m[2021-04-11 14:30:32 DEBUG] [__init__:355][39m No controls to apply on 'activity'
[32m[2021-04-11 14:30:32 INFO] [activity:161][39m Probe: pod-in-conditions
[36m[2021-04-11 14:30:32 DEBUG] [python:34][39m Activity 'pod-in-conditions' loaded from '/home/luisreciomelero/.local/lib/python3.8/site-packages/chaosk8s/pod/probes.py'
[36m[2021-04-11 14:30:32 DEBUG] [__init__:65][39m Using Kubernetes context: default
[36m[2021-04-11 14:30:32 DEBUG] [probes:130][39m Found 1 pods matching label 'app=kafka, component=kafka-broker' in ns 'default'
[36m[2021-04-11 14:30:32 DEBUG] [activity:180][39m   => succeeded with 'True'
[36m[2021-04-11 14:30:32 DEBUG] [__init__:355][39m No controls to apply on 'activity'
[36m[2021-04-11 14:30:32 DEBUG] [hypothesis:211][39m allowed tolerance is True
[32m[2021-04-11 14:30:32 INFO] [hypothesis:221][39m Steady state hypothesis is met!
[36m[2021-04-11 14:30:32 DEBUG] [__init__:355][39m No controls to apply on 'hypothesis'
[32m[2021-04-11 14:30:32 INFO] [run:809][39m Let's rollback...
[36m[2021-04-11 14:30:32 DEBUG] [__init__:355][39m No controls to apply on 'rollback'
[32m[2021-04-11 14:30:32 INFO] [rollback:25][39m No declared rollbacks, let's move on.
[36m[2021-04-11 14:30:32 DEBUG] [__init__:355][39m No controls to apply on 'rollback'
[32m[2021-04-11 14:30:32 INFO] [run:421][39m Experiment ended with status: completed
[36m[2021-04-11 14:30:32 DEBUG] [__init__:355][39m No controls to apply on 'experiment'
[36m[2021-04-11 14:30:32 DEBUG] [__init__:72][39m Cleaning up controls
[36m[2021-04-11 14:30:32 DEBUG] [caching:42][39m Clearing activities cache
[36m[2021-04-12 19:01:07 DEBUG] [cli:73][39m ###############################################################################
[36m[2021-04-12 19:01:07 DEBUG] [cli:74][39m Running command 'run'
[36m[2021-04-12 19:01:07 DEBUG] [cli:78][39m Using settings file '/home/luisreciomelero/.chaostoolkit/settings.yaml'
[36m[2021-04-12 19:01:17 DEBUG] [cli:73][39m ###############################################################################
[36m[2021-04-12 19:01:17 DEBUG] [cli:74][39m Running command 'run'
[36m[2021-04-12 19:01:17 DEBUG] [cli:78][39m Using settings file '/home/luisreciomelero/.chaostoolkit/settings.yaml'
[36m[2021-04-12 19:01:18 DEBUG] [__init__:167][39m Loading global control 'chaosiq-cloud'
[36m[2021-04-12 19:01:18 DEBUG] [__init__:365][39m Applying before-control 'chaosiq-cloud' on 'loader'
[36m[2021-04-12 19:01:18 DEBUG] [python:166][39m Control 'before_loading_experiment_control' loaded from '/home/luisreciomelero/.local/lib/python3.8/site-packages/chaoscloud/controls.py'
[36m[2021-04-12 19:01:18 DEBUG] [workspace:85][39m The ChaosIQ workspace file could not be found at '.chaosiq'.
[36m[2021-04-12 19:01:18 DEBUG] [__init__:365][39m Applying after-control 'chaosiq-cloud' on 'loader'
[36m[2021-04-12 19:01:18 DEBUG] [python:166][39m Control 'after_loading_experiment_control' loaded from '/home/luisreciomelero/.local/lib/python3.8/site-packages/chaoscloud/controls.py'
[36m[2021-04-12 19:01:18 DEBUG] [caching:25][39m Building activity cache...
[36m[2021-04-12 19:01:18 DEBUG] [caching:35][39m Cached 5 activities
[32m[2021-04-12 19:01:18 INFO] [experiment:47][39m Validating the experiment's syntax
[36m[2021-04-12 19:01:18 DEBUG] [configuration:54][39m Loading configuration...
[36m[2021-04-12 19:01:18 DEBUG] [secret:75][39m Loading secrets...
[36m[2021-04-12 19:01:18 DEBUG] [secret:92][39m Secrets loaded
[32m[2021-04-12 19:01:22 INFO] [experiment:96][39m Experiment looks valid
[36m[2021-04-12 19:01:22 DEBUG] [caching:42][39m Clearing activities cache
[36m[2021-04-12 19:01:22 DEBUG] [caching:25][39m Building activity cache...
[36m[2021-04-12 19:01:22 DEBUG] [caching:35][39m Cached 5 activities
[36m[2021-04-12 19:01:22 DEBUG] [configuration:54][39m Loading configuration...
[36m[2021-04-12 19:01:22 DEBUG] [secret:75][39m Loading secrets...
[36m[2021-04-12 19:01:22 DEBUG] [secret:92][39m Secrets loaded
[32m[2021-04-12 19:01:22 INFO] [run:323][39m Running experiment: ¿Qué ocurre cuando eliminamos el pod donde se ejecuta el microgateway?
[36m[2021-04-12 19:01:22 DEBUG] [__init__:136][39m Initializing global control 'chaosiq-cloud'
[36m[2021-04-12 19:01:22 DEBUG] [python:166][39m Control 'configure_control' loaded from '/home/luisreciomelero/.local/lib/python3.8/site-packages/chaoscloud/controls.py'
[33m[2021-04-12 19:01:24 WARNING] [execution:62][39m Execution failed to be published: Internal Server Error
[36m[2021-04-12 19:01:24 DEBUG] [workspace:147][39m Registering experiment 'terminate-mg-pod-ssh-running-and-ready.yaml' with ID 'b421c2e8-6bc4-4a69-b2a1-7e0f4673f763' for organization '846e69e0-c776-46c9-a431-a7de0487556e' and team 'ad7ea2e6-37e0-4421-b763-73bb5a55dd9f'
[36m[2021-04-12 19:01:24 DEBUG] [workspace:108][39m Saving workspace at .chaosiq
[36m[2021-04-12 19:01:24 DEBUG] [__init__:39][39m Initializing controls
[32m[2021-04-12 19:01:24 INFO] [run:342][39m Steady-state strategy: default
[32m[2021-04-12 19:01:24 INFO] [run:345][39m Rollbacks strategy: default
[36m[2021-04-12 19:01:24 DEBUG] [__init__:365][39m Applying before-control 'chaosiq-cloud' on 'experiment'
[36m[2021-04-12 19:01:24 DEBUG] [python:166][39m Control 'before_experiment_control' loaded from '/home/luisreciomelero/.local/lib/python3.8/site-packages/chaoscloud/controls.py'
[36m[2021-04-12 19:01:24 DEBUG] [execution:148][39m Cannot send event to ChaosIQ because execution identifier was not found in the experiment's extensions block.
[36m[2021-04-12 19:01:24 DEBUG] [run:466][39m Running steady-state hypothesis before the method
[32m[2021-04-12 19:01:24 INFO] [hypothesis:183][39m Steady state hypothesis: Pod exists
[36m[2021-04-12 19:01:24 DEBUG] [__init__:365][39m Applying before-control 'chaosiq-cloud' on 'hypothesis'
[36m[2021-04-12 19:01:24 DEBUG] [python:166][39m Control 'before_hypothesis_control' loaded from '/home/luisreciomelero/.local/lib/python3.8/site-packages/chaoscloud/controls.py'
[36m[2021-04-12 19:01:24 DEBUG] [execution:148][39m Cannot send event to ChaosIQ because execution identifier was not found in the experiment's extensions block.
[36m[2021-04-12 19:01:24 DEBUG] [__init__:365][39m Applying before-control 'chaosiq-cloud' on 'activity'
[36m[2021-04-12 19:01:24 DEBUG] [python:166][39m Control 'before_activity_control' loaded from '/home/luisreciomelero/.local/lib/python3.8/site-packages/chaoscloud/controls.py'
[36m[2021-04-12 19:01:24 DEBUG] [execution:148][39m Cannot send event to ChaosIQ because execution identifier was not found in the experiment's extensions block.
[32m[2021-04-12 19:01:24 INFO] [activity:161][39m Probe: pod-exists
[36m[2021-04-12 19:01:24 DEBUG] [python:34][39m Activity 'pod-exists' loaded from '/home/luisreciomelero/.local/lib/python3.8/site-packages/chaosk8s/pod/probes.py'
[36m[2021-04-12 19:01:24 DEBUG] [__init__:65][39m Using Kubernetes context: default
[36m[2021-04-12 19:01:25 DEBUG] [probes:202][39m Found 1 pods matching label 'app=mg-backend' in ns 'default'
[36m[2021-04-12 19:01:25 DEBUG] [activity:180][39m   => succeeded with '1'
[36m[2021-04-12 19:01:25 DEBUG] [__init__:365][39m Applying after-control 'chaosiq-cloud' on 'activity'
[36m[2021-04-12 19:01:25 DEBUG] [python:166][39m Control 'after_activity_control' loaded from '/home/luisreciomelero/.local/lib/python3.8/site-packages/chaoscloud/controls.py'
[36m[2021-04-12 19:01:25 DEBUG] [execution:148][39m Cannot send event to ChaosIQ because execution identifier was not found in the experiment's extensions block.
[36m[2021-04-12 19:01:25 DEBUG] [hypothesis:211][39m allowed tolerance is 1
[36m[2021-04-12 19:01:25 DEBUG] [__init__:365][39m Applying before-control 'chaosiq-cloud' on 'activity'
[36m[2021-04-12 19:01:25 DEBUG] [python:166][39m Control 'before_activity_control' loaded from '/home/luisreciomelero/.local/lib/python3.8/site-packages/chaoscloud/controls.py'
[36m[2021-04-12 19:01:25 DEBUG] [execution:148][39m Cannot send event to ChaosIQ because execution identifier was not found in the experiment's extensions block.
[32m[2021-04-12 19:01:25 INFO] [activity:161][39m Probe: pod-in-phase
[36m[2021-04-12 19:01:25 DEBUG] [python:34][39m Activity 'pod-in-phase' loaded from '/home/luisreciomelero/.local/lib/python3.8/site-packages/chaosk8s/pod/probes.py'
[36m[2021-04-12 19:01:25 DEBUG] [__init__:65][39m Using Kubernetes context: default
[36m[2021-04-12 19:01:25 DEBUG] [probes:97][39m Found 1 pods matching label 'app=mg-backend' in ns 'default'
[36m[2021-04-12 19:01:25 DEBUG] [activity:180][39m   => succeeded with 'True'
[36m[2021-04-12 19:01:25 DEBUG] [__init__:365][39m Applying after-control 'chaosiq-cloud' on 'activity'
[36m[2021-04-12 19:01:25 DEBUG] [python:166][39m Control 'after_activity_control' loaded from '/home/luisreciomelero/.local/lib/python3.8/site-packages/chaoscloud/controls.py'
[36m[2021-04-12 19:01:25 DEBUG] [execution:148][39m Cannot send event to ChaosIQ because execution identifier was not found in the experiment's extensions block.
[36m[2021-04-12 19:01:25 DEBUG] [hypothesis:211][39m allowed tolerance is True
[36m[2021-04-12 19:01:25 DEBUG] [__init__:365][39m Applying before-control 'chaosiq-cloud' on 'activity'
[36m[2021-04-12 19:01:25 DEBUG] [python:166][39m Control 'before_activity_control' loaded from '/home/luisreciomelero/.local/lib/python3.8/site-packages/chaoscloud/controls.py'
[36m[2021-04-12 19:01:25 DEBUG] [execution:148][39m Cannot send event to ChaosIQ because execution identifier was not found in the experiment's extensions block.
[32m[2021-04-12 19:01:25 INFO] [activity:161][39m Probe: pod-in-conditions
[36m[2021-04-12 19:01:25 DEBUG] [python:34][39m Activity 'pod-in-conditions' loaded from '/home/luisreciomelero/.local/lib/python3.8/site-packages/chaosk8s/pod/probes.py'
[36m[2021-04-12 19:01:25 DEBUG] [__init__:65][39m Using Kubernetes context: default
[36m[2021-04-12 19:01:25 DEBUG] [probes:130][39m Found 1 pods matching label 'app=mg-backend' in ns 'default'
[36m[2021-04-12 19:01:25 DEBUG] [activity:180][39m   => succeeded with 'True'
[36m[2021-04-12 19:01:25 DEBUG] [__init__:365][39m Applying after-control 'chaosiq-cloud' on 'activity'
[36m[2021-04-12 19:01:25 DEBUG] [python:166][39m Control 'after_activity_control' loaded from '/home/luisreciomelero/.local/lib/python3.8/site-packages/chaoscloud/controls.py'
[36m[2021-04-12 19:01:25 DEBUG] [execution:148][39m Cannot send event to ChaosIQ because execution identifier was not found in the experiment's extensions block.
[36m[2021-04-12 19:01:25 DEBUG] [hypothesis:211][39m allowed tolerance is True
[36m[2021-04-12 19:01:25 DEBUG] [__init__:365][39m Applying before-control 'chaosiq-cloud' on 'activity'
[36m[2021-04-12 19:01:25 DEBUG] [python:166][39m Control 'before_activity_control' loaded from '/home/luisreciomelero/.local/lib/python3.8/site-packages/chaoscloud/controls.py'
[36m[2021-04-12 19:01:25 DEBUG] [execution:148][39m Cannot send event to ChaosIQ because execution identifier was not found in the experiment's extensions block.
[32m[2021-04-12 19:01:25 INFO] [activity:161][39m Probe: app-responds-to-requests
[36m[2021-04-12 19:01:25 DEBUG] [activity:180][39m   => succeeded with '{'status': 200, 'headers': {'content-type': 'application/json; charset=UTF-8', 'content-length': '1284', 'x-envoy-upstream-service-time': '7', 'date': 'Mon, 12 Apr 2021 17:01:25 GMT', 'server': 'istio-envoy'}, 'body': '\n{\n    "status": "UP",\n    "checks": [\n        {\n            "name": "Liveness check",\n            "status": "UP"\n        },\n        {\n            "name": "SmallRye Reactive Messaging - liveness check",\n            "status": "UP",\n            "data": {\n                "usuarios-delete": "[OK]",\n                "usuarios-sendemail": "[OK]",\n                "usuarios-sendnotification": "[OK]",\n                "usuarios-create": "[OK]",\n                "handlednotification-usuarios": "[OK]",\n                "usuarios-update": "[OK]",\n                "usuarios-sendsms": "[OK]"\n            }\n        },\n        {\n            "name": "Database connections health check",\n            "status": "UP"\n        },\n        {\n            "name": "Readiness check",\n            "status": "UP"\n        },\n        {\n            "name": "SmallRye Reactive Messaging - readiness check",\n            "status": "UP",\n            "data": {\n                "usuarios-delete": "[OK]",\n                "usuarios-sendemail": "[OK]",\n                "usuarios-sendnotification": "[OK]",\n                "usuarios-create": "[OK]",\n                "handlednotification-usuarios": "[OK]",\n                "usuarios-update": "[OK]",\n                "usuarios-sendsms": "[OK]"\n            }\n        }\n    ]\n}'}'
[36m[2021-04-12 19:01:25 DEBUG] [__init__:365][39m Applying after-control 'chaosiq-cloud' on 'activity'
[36m[2021-04-12 19:01:25 DEBUG] [python:166][39m Control 'after_activity_control' loaded from '/home/luisreciomelero/.local/lib/python3.8/site-packages/chaoscloud/controls.py'
[36m[2021-04-12 19:01:25 DEBUG] [execution:148][39m Cannot send event to ChaosIQ because execution identifier was not found in the experiment's extensions block.
[36m[2021-04-12 19:01:25 DEBUG] [hypothesis:211][39m allowed tolerance is 200
[32m[2021-04-12 19:01:25 INFO] [hypothesis:221][39m Steady state hypothesis is met!
[36m[2021-04-12 19:01:25 DEBUG] [__init__:365][39m Applying after-control 'chaosiq-cloud' on 'hypothesis'
[36m[2021-04-12 19:01:25 DEBUG] [python:166][39m Control 'after_hypothesis_control' loaded from '/home/luisreciomelero/.local/lib/python3.8/site-packages/chaoscloud/controls.py'
[36m[2021-04-12 19:01:25 DEBUG] [execution:148][39m Cannot send event to ChaosIQ because execution identifier was not found in the experiment's extensions block.
[32m[2021-04-12 19:01:25 INFO] [run:553][39m Playing your experiment's method now...
[36m[2021-04-12 19:01:25 DEBUG] [__init__:365][39m Applying before-control 'chaosiq-cloud' on 'method'
[36m[2021-04-12 19:01:25 DEBUG] [python:166][39m Control 'before_method_control' loaded from '/home/luisreciomelero/.local/lib/python3.8/site-packages/chaoscloud/controls.py'
[36m[2021-04-12 19:01:25 DEBUG] [execution:148][39m Cannot send event to ChaosIQ because execution identifier was not found in the experiment's extensions block.
[36m[2021-04-12 19:01:25 DEBUG] [__init__:365][39m Applying before-control 'chaosiq-cloud' on 'activity'
[36m[2021-04-12 19:01:25 DEBUG] [python:166][39m Control 'before_activity_control' loaded from '/home/luisreciomelero/.local/lib/python3.8/site-packages/chaoscloud/controls.py'
[36m[2021-04-12 19:01:25 DEBUG] [execution:148][39m Cannot send event to ChaosIQ because execution identifier was not found in the experiment's extensions block.
[32m[2021-04-12 19:01:25 INFO] [activity:161][39m Action: terminate-pod
[36m[2021-04-12 19:01:25 DEBUG] [python:34][39m Activity 'terminate-pod' loaded from '/home/luisreciomelero/.local/lib/python3.8/site-packages/chaosk8s/pod/actions.py'
[36m[2021-04-12 19:01:25 DEBUG] [__init__:65][39m Using Kubernetes context: default
[36m[2021-04-12 19:01:25 DEBUG] [actions:193][39m Found 1 pods labelled 'app=mg-backend' in ns default
[36m[2021-04-12 19:01:25 DEBUG] [activity:182][39m   => succeeded without any result value
[32m[2021-04-12 19:01:25 INFO] [activity:198][39m Pausing after activity for 200s...
[36m[2021-04-12 19:04:45 DEBUG] [__init__:365][39m Applying after-control 'chaosiq-cloud' on 'activity'
[36m[2021-04-12 19:04:45 DEBUG] [python:166][39m Control 'after_activity_control' loaded from '/home/luisreciomelero/.local/lib/python3.8/site-packages/chaoscloud/controls.py'
[36m[2021-04-12 19:04:45 DEBUG] [execution:148][39m Cannot send event to ChaosIQ because execution identifier was not found in the experiment's extensions block.
[36m[2021-04-12 19:04:45 DEBUG] [__init__:365][39m Applying after-control 'chaosiq-cloud' on 'method'
[36m[2021-04-12 19:04:45 DEBUG] [python:166][39m Control 'after_method_control' loaded from '/home/luisreciomelero/.local/lib/python3.8/site-packages/chaoscloud/controls.py'
[36m[2021-04-12 19:04:45 DEBUG] [execution:148][39m Cannot send event to ChaosIQ because execution identifier was not found in the experiment's extensions block.
[36m[2021-04-12 19:04:45 DEBUG] [run:496][39m Running steady-state hypothesis after the method
[32m[2021-04-12 19:04:45 INFO] [hypothesis:183][39m Steady state hypothesis: Pod exists
[36m[2021-04-12 19:04:45 DEBUG] [__init__:365][39m Applying before-control 'chaosiq-cloud' on 'hypothesis'
[36m[2021-04-12 19:04:45 DEBUG] [python:166][39m Control 'before_hypothesis_control' loaded from '/home/luisreciomelero/.local/lib/python3.8/site-packages/chaoscloud/controls.py'
[36m[2021-04-12 19:04:45 DEBUG] [execution:148][39m Cannot send event to ChaosIQ because execution identifier was not found in the experiment's extensions block.
[36m[2021-04-12 19:04:45 DEBUG] [__init__:365][39m Applying before-control 'chaosiq-cloud' on 'activity'
[36m[2021-04-12 19:04:45 DEBUG] [python:166][39m Control 'before_activity_control' loaded from '/home/luisreciomelero/.local/lib/python3.8/site-packages/chaoscloud/controls.py'
[36m[2021-04-12 19:04:45 DEBUG] [execution:148][39m Cannot send event to ChaosIQ because execution identifier was not found in the experiment's extensions block.
[32m[2021-04-12 19:04:45 INFO] [activity:161][39m Probe: pod-exists
[36m[2021-04-12 19:04:45 DEBUG] [python:34][39m Activity 'pod-exists' loaded from '/home/luisreciomelero/.local/lib/python3.8/site-packages/chaosk8s/pod/probes.py'
[36m[2021-04-12 19:04:45 DEBUG] [__init__:65][39m Using Kubernetes context: default
[36m[2021-04-12 19:04:45 DEBUG] [probes:202][39m Found 1 pods matching label 'app=mg-backend' in ns 'default'
[36m[2021-04-12 19:04:45 DEBUG] [activity:180][39m   => succeeded with '1'
[36m[2021-04-12 19:04:45 DEBUG] [__init__:365][39m Applying after-control 'chaosiq-cloud' on 'activity'
[36m[2021-04-12 19:04:45 DEBUG] [python:166][39m Control 'after_activity_control' loaded from '/home/luisreciomelero/.local/lib/python3.8/site-packages/chaoscloud/controls.py'
[36m[2021-04-12 19:04:45 DEBUG] [execution:148][39m Cannot send event to ChaosIQ because execution identifier was not found in the experiment's extensions block.
[36m[2021-04-12 19:04:45 DEBUG] [hypothesis:211][39m allowed tolerance is 1
[36m[2021-04-12 19:04:45 DEBUG] [__init__:365][39m Applying before-control 'chaosiq-cloud' on 'activity'
[36m[2021-04-12 19:04:45 DEBUG] [python:166][39m Control 'before_activity_control' loaded from '/home/luisreciomelero/.local/lib/python3.8/site-packages/chaoscloud/controls.py'
[36m[2021-04-12 19:04:45 DEBUG] [execution:148][39m Cannot send event to ChaosIQ because execution identifier was not found in the experiment's extensions block.
[32m[2021-04-12 19:04:45 INFO] [activity:161][39m Probe: pod-in-phase
[36m[2021-04-12 19:04:45 DEBUG] [python:34][39m Activity 'pod-in-phase' loaded from '/home/luisreciomelero/.local/lib/python3.8/site-packages/chaosk8s/pod/probes.py'
[36m[2021-04-12 19:04:45 DEBUG] [__init__:65][39m Using Kubernetes context: default
[36m[2021-04-12 19:04:45 DEBUG] [probes:97][39m Found 1 pods matching label 'app=mg-backend' in ns 'default'
[36m[2021-04-12 19:04:45 DEBUG] [activity:180][39m   => succeeded with 'True'
[36m[2021-04-12 19:04:45 DEBUG] [__init__:365][39m Applying after-control 'chaosiq-cloud' on 'activity'
[36m[2021-04-12 19:04:45 DEBUG] [python:166][39m Control 'after_activity_control' loaded from '/home/luisreciomelero/.local/lib/python3.8/site-packages/chaoscloud/controls.py'
[36m[2021-04-12 19:04:45 DEBUG] [execution:148][39m Cannot send event to ChaosIQ because execution identifier was not found in the experiment's extensions block.
[36m[2021-04-12 19:04:45 DEBUG] [hypothesis:211][39m allowed tolerance is True
[36m[2021-04-12 19:04:45 DEBUG] [__init__:365][39m Applying before-control 'chaosiq-cloud' on 'activity'
[36m[2021-04-12 19:04:45 DEBUG] [python:166][39m Control 'before_activity_control' loaded from '/home/luisreciomelero/.local/lib/python3.8/site-packages/chaoscloud/controls.py'
[36m[2021-04-12 19:04:45 DEBUG] [execution:148][39m Cannot send event to ChaosIQ because execution identifier was not found in the experiment's extensions block.
[32m[2021-04-12 19:04:45 INFO] [activity:161][39m Probe: pod-in-conditions
[36m[2021-04-12 19:04:45 DEBUG] [python:34][39m Activity 'pod-in-conditions' loaded from '/home/luisreciomelero/.local/lib/python3.8/site-packages/chaosk8s/pod/probes.py'
[36m[2021-04-12 19:04:45 DEBUG] [__init__:65][39m Using Kubernetes context: default
[36m[2021-04-12 19:04:45 DEBUG] [probes:130][39m Found 1 pods matching label 'app=mg-backend' in ns 'default'
[36m[2021-04-12 19:04:45 DEBUG] [activity:180][39m   => succeeded with 'True'
[36m[2021-04-12 19:04:45 DEBUG] [__init__:365][39m Applying after-control 'chaosiq-cloud' on 'activity'
[36m[2021-04-12 19:04:45 DEBUG] [python:166][39m Control 'after_activity_control' loaded from '/home/luisreciomelero/.local/lib/python3.8/site-packages/chaoscloud/controls.py'
[36m[2021-04-12 19:04:45 DEBUG] [execution:148][39m Cannot send event to ChaosIQ because execution identifier was not found in the experiment's extensions block.
[36m[2021-04-12 19:04:45 DEBUG] [hypothesis:211][39m allowed tolerance is True
[36m[2021-04-12 19:04:45 DEBUG] [__init__:365][39m Applying before-control 'chaosiq-cloud' on 'activity'
[36m[2021-04-12 19:04:45 DEBUG] [python:166][39m Control 'before_activity_control' loaded from '/home/luisreciomelero/.local/lib/python3.8/site-packages/chaoscloud/controls.py'
[36m[2021-04-12 19:04:45 DEBUG] [execution:148][39m Cannot send event to ChaosIQ because execution identifier was not found in the experiment's extensions block.
[32m[2021-04-12 19:04:45 INFO] [activity:161][39m Probe: app-responds-to-requests
[36m[2021-04-12 19:04:45 DEBUG] [activity:180][39m   => succeeded with '{'status': 200, 'headers': {'content-type': 'application/json; charset=UTF-8', 'content-length': '1284', 'x-envoy-upstream-service-time': '17', 'date': 'Mon, 12 Apr 2021 17:04:45 GMT', 'server': 'istio-envoy'}, 'body': '\n{\n    "status": "UP",\n    "checks": [\n        {\n            "name": "Liveness check",\n            "status": "UP"\n        },\n        {\n            "name": "SmallRye Reactive Messaging - liveness check",\n            "status": "UP",\n            "data": {\n                "usuarios-delete": "[OK]",\n                "usuarios-sendemail": "[OK]",\n                "usuarios-sendnotification": "[OK]",\n                "usuarios-create": "[OK]",\n                "handlednotification-usuarios": "[OK]",\n                "usuarios-update": "[OK]",\n                "usuarios-sendsms": "[OK]"\n            }\n        },\n        {\n            "name": "Database connections health check",\n            "status": "UP"\n        },\n        {\n            "name": "Readiness check",\n            "status": "UP"\n        },\n        {\n            "name": "SmallRye Reactive Messaging - readiness check",\n            "status": "UP",\n            "data": {\n                "usuarios-delete": "[OK]",\n                "usuarios-sendemail": "[OK]",\n                "usuarios-sendnotification": "[OK]",\n                "usuarios-create": "[OK]",\n                "handlednotification-usuarios": "[OK]",\n                "usuarios-update": "[OK]",\n                "usuarios-sendsms": "[OK]"\n            }\n        }\n    ]\n}'}'
[36m[2021-04-12 19:04:45 DEBUG] [__init__:365][39m Applying after-control 'chaosiq-cloud' on 'activity'
[36m[2021-04-12 19:04:45 DEBUG] [python:166][39m Control 'after_activity_control' loaded from '/home/luisreciomelero/.local/lib/python3.8/site-packages/chaoscloud/controls.py'
[36m[2021-04-12 19:04:45 DEBUG] [execution:148][39m Cannot send event to ChaosIQ because execution identifier was not found in the experiment's extensions block.
[36m[2021-04-12 19:04:45 DEBUG] [hypothesis:211][39m allowed tolerance is 200
[32m[2021-04-12 19:04:45 INFO] [hypothesis:221][39m Steady state hypothesis is met!
[36m[2021-04-12 19:04:45 DEBUG] [__init__:365][39m Applying after-control 'chaosiq-cloud' on 'hypothesis'
[36m[2021-04-12 19:04:45 DEBUG] [python:166][39m Control 'after_hypothesis_control' loaded from '/home/luisreciomelero/.local/lib/python3.8/site-packages/chaoscloud/controls.py'
[36m[2021-04-12 19:04:45 DEBUG] [execution:148][39m Cannot send event to ChaosIQ because execution identifier was not found in the experiment's extensions block.
[32m[2021-04-12 19:04:45 INFO] [run:809][39m Let's rollback...
[36m[2021-04-12 19:04:45 DEBUG] [__init__:365][39m Applying before-control 'chaosiq-cloud' on 'rollback'
[36m[2021-04-12 19:04:45 DEBUG] [python:166][39m Control 'before_rollback_control' loaded from '/home/luisreciomelero/.local/lib/python3.8/site-packages/chaoscloud/controls.py'
[36m[2021-04-12 19:04:45 DEBUG] [execution:148][39m Cannot send event to ChaosIQ because execution identifier was not found in the experiment's extensions block.
[32m[2021-04-12 19:04:45 INFO] [rollback:25][39m No declared rollbacks, let's move on.
[36m[2021-04-12 19:04:45 DEBUG] [__init__:365][39m Applying after-control 'chaosiq-cloud' on 'rollback'
[36m[2021-04-12 19:04:45 DEBUG] [python:166][39m Control 'after_rollback_control' loaded from '/home/luisreciomelero/.local/lib/python3.8/site-packages/chaoscloud/controls.py'
[36m[2021-04-12 19:04:45 DEBUG] [execution:148][39m Cannot send event to ChaosIQ because execution identifier was not found in the experiment's extensions block.
[32m[2021-04-12 19:04:45 INFO] [run:421][39m Experiment ended with status: completed
[36m[2021-04-12 19:04:45 DEBUG] [__init__:365][39m Applying after-control 'chaosiq-cloud' on 'experiment'
[36m[2021-04-12 19:04:45 DEBUG] [python:166][39m Control 'after_experiment_control' loaded from '/home/luisreciomelero/.local/lib/python3.8/site-packages/chaoscloud/controls.py'
[36m[2021-04-12 19:04:45 DEBUG] [execution:148][39m Cannot send event to ChaosIQ because execution identifier was not found in the experiment's extensions block.
[36m[2021-04-12 19:04:45 DEBUG] [execution:82][39m Cannot publish execution to ChaosIQ because execution identifier was not found in the experiment's extensions block.
[36m[2021-04-12 19:04:45 DEBUG] [__init__:72][39m Cleaning up controls
[36m[2021-04-12 19:04:45 DEBUG] [__init__:188][39m Cleaning up global control 'chaosiq-cloud'
[36m[2021-04-12 19:04:45 DEBUG] [python:159][39m Control module '/home/luisreciomelero/.local/lib/python3.8/site-packages/chaoscloud/controls.py' does not declare 'cleanup_control'
[36m[2021-04-12 19:04:45 DEBUG] [caching:42][39m Clearing activities cache
[36m[2021-04-25 20:40:35 DEBUG] [cli:73][39m ###############################################################################
[36m[2021-04-25 20:40:35 DEBUG] [cli:74][39m Running command 'run'
[36m[2021-04-25 20:40:35 DEBUG] [cli:78][39m Using settings file '/home/luisreciomelero/.chaostoolkit/settings.yaml'
[36m[2021-04-25 20:40:36 DEBUG] [__init__:167][39m Loading global control 'chaosiq-cloud'
[36m[2021-04-25 20:40:36 DEBUG] [__init__:365][39m Applying before-control 'chaosiq-cloud' on 'loader'
[36m[2021-04-25 20:40:36 DEBUG] [python:166][39m Control 'before_loading_experiment_control' loaded from '/home/luisreciomelero/.local/lib/python3.8/site-packages/chaoscloud/controls.py'
[36m[2021-04-25 20:40:36 DEBUG] [__init__:365][39m Applying after-control 'chaosiq-cloud' on 'loader'
[36m[2021-04-25 20:40:36 DEBUG] [python:166][39m Control 'after_loading_experiment_control' loaded from '/home/luisreciomelero/.local/lib/python3.8/site-packages/chaoscloud/controls.py'
[36m[2021-04-25 20:40:36 DEBUG] [caching:25][39m Building activity cache...
[36m[2021-04-25 20:40:36 DEBUG] [caching:35][39m Cached 4 activities
[32m[2021-04-25 20:40:36 INFO] [experiment:47][39m Validating the experiment's syntax
[36m[2021-04-25 20:40:36 DEBUG] [configuration:54][39m Loading configuration...
[36m[2021-04-25 20:40:36 DEBUG] [secret:75][39m Loading secrets...
[36m[2021-04-25 20:40:36 DEBUG] [secret:92][39m Secrets loaded
[32m[2021-04-25 20:40:42 INFO] [experiment:96][39m Experiment looks valid
[36m[2021-04-25 20:40:42 DEBUG] [caching:42][39m Clearing activities cache
[36m[2021-04-25 20:40:42 DEBUG] [caching:25][39m Building activity cache...
[36m[2021-04-25 20:40:42 DEBUG] [caching:35][39m Cached 4 activities
[36m[2021-04-25 20:40:42 DEBUG] [configuration:54][39m Loading configuration...
[36m[2021-04-25 20:40:42 DEBUG] [secret:75][39m Loading secrets...
[36m[2021-04-25 20:40:42 DEBUG] [secret:92][39m Secrets loaded
[32m[2021-04-25 20:40:42 INFO] [run:323][39m Running experiment: ¿Qué ocurre cuando eliminamos el pod en el que se ejecuta el contenedor de Kafka?
[36m[2021-04-25 20:40:42 DEBUG] [__init__:136][39m Initializing global control 'chaosiq-cloud'
[36m[2021-04-25 20:40:42 DEBUG] [python:166][39m Control 'configure_control' loaded from '/home/luisreciomelero/.local/lib/python3.8/site-packages/chaoscloud/controls.py'
[33m[2021-04-25 20:40:45 WARNING] [execution:62][39m Execution failed to be published: Internal Server Error
[36m[2021-04-25 20:40:45 DEBUG] [workspace:147][39m Registering experiment 'terminate-kafka-pod-ssh-running-and-ready.yaml' with ID 'ac909764-e844-468e-b429-c6dd688194d3' for organization '846e69e0-c776-46c9-a431-a7de0487556e' and team 'ad7ea2e6-37e0-4421-b763-73bb5a55dd9f'
[36m[2021-04-25 20:40:45 DEBUG] [workspace:108][39m Saving workspace at .chaosiq
[36m[2021-04-25 20:40:45 DEBUG] [__init__:39][39m Initializing controls
[32m[2021-04-25 20:40:45 INFO] [run:342][39m Steady-state strategy: default
[32m[2021-04-25 20:40:45 INFO] [run:345][39m Rollbacks strategy: always
[36m[2021-04-25 20:40:45 DEBUG] [__init__:365][39m Applying before-control 'chaosiq-cloud' on 'experiment'
[36m[2021-04-25 20:40:45 DEBUG] [python:166][39m Control 'before_experiment_control' loaded from '/home/luisreciomelero/.local/lib/python3.8/site-packages/chaoscloud/controls.py'
[36m[2021-04-25 20:40:45 DEBUG] [execution:148][39m Cannot send event to ChaosIQ because execution identifier was not found in the experiment's extensions block.
[36m[2021-04-25 20:40:45 DEBUG] [run:466][39m Running steady-state hypothesis before the method
[32m[2021-04-25 20:40:45 INFO] [hypothesis:183][39m Steady state hypothesis: Pod exists
[36m[2021-04-25 20:40:45 DEBUG] [__init__:365][39m Applying before-control 'chaosiq-cloud' on 'hypothesis'
[36m[2021-04-25 20:40:45 DEBUG] [python:166][39m Control 'before_hypothesis_control' loaded from '/home/luisreciomelero/.local/lib/python3.8/site-packages/chaoscloud/controls.py'
[36m[2021-04-25 20:40:45 DEBUG] [execution:148][39m Cannot send event to ChaosIQ because execution identifier was not found in the experiment's extensions block.
[36m[2021-04-25 20:40:45 DEBUG] [__init__:365][39m Applying before-control 'chaosiq-cloud' on 'activity'
[36m[2021-04-25 20:40:45 DEBUG] [python:166][39m Control 'before_activity_control' loaded from '/home/luisreciomelero/.local/lib/python3.8/site-packages/chaoscloud/controls.py'
[36m[2021-04-25 20:40:45 DEBUG] [execution:148][39m Cannot send event to ChaosIQ because execution identifier was not found in the experiment's extensions block.
[32m[2021-04-25 20:40:45 INFO] [activity:161][39m Probe: pod-exists
[36m[2021-04-25 20:40:45 DEBUG] [python:34][39m Activity 'pod-exists' loaded from '/home/luisreciomelero/.local/lib/python3.8/site-packages/chaosk8s/pod/probes.py'
[36m[2021-04-25 20:40:45 DEBUG] [__init__:65][39m Using Kubernetes context: default
[36m[2021-04-25 20:40:46 DEBUG] [probes:202][39m Found 2 pods matching label 'app=kafka, component=kafka-broker' in ns 'default'
[36m[2021-04-25 20:40:46 DEBUG] [activity:180][39m   => succeeded with '2'
[36m[2021-04-25 20:40:46 DEBUG] [__init__:365][39m Applying after-control 'chaosiq-cloud' on 'activity'
[36m[2021-04-25 20:40:46 DEBUG] [python:166][39m Control 'after_activity_control' loaded from '/home/luisreciomelero/.local/lib/python3.8/site-packages/chaoscloud/controls.py'
[36m[2021-04-25 20:40:46 DEBUG] [execution:148][39m Cannot send event to ChaosIQ because execution identifier was not found in the experiment's extensions block.
[36m[2021-04-25 20:40:46 DEBUG] [hypothesis:211][39m allowed tolerance is 2
[36m[2021-04-25 20:40:46 DEBUG] [__init__:365][39m Applying before-control 'chaosiq-cloud' on 'activity'
[36m[2021-04-25 20:40:46 DEBUG] [python:166][39m Control 'before_activity_control' loaded from '/home/luisreciomelero/.local/lib/python3.8/site-packages/chaoscloud/controls.py'
[36m[2021-04-25 20:40:46 DEBUG] [execution:148][39m Cannot send event to ChaosIQ because execution identifier was not found in the experiment's extensions block.
[32m[2021-04-25 20:40:46 INFO] [activity:161][39m Probe: pod-in-phase
[36m[2021-04-25 20:40:46 DEBUG] [python:34][39m Activity 'pod-in-phase' loaded from '/home/luisreciomelero/.local/lib/python3.8/site-packages/chaosk8s/pod/probes.py'
[36m[2021-04-25 20:40:46 DEBUG] [__init__:65][39m Using Kubernetes context: default
[36m[2021-04-25 20:40:46 DEBUG] [probes:97][39m Found 2 pods matching label 'app=kafka, component=kafka-broker' in ns 'default'
[36m[2021-04-25 20:40:46 DEBUG] [activity:180][39m   => succeeded with 'True'
[36m[2021-04-25 20:40:46 DEBUG] [__init__:365][39m Applying after-control 'chaosiq-cloud' on 'activity'
[36m[2021-04-25 20:40:46 DEBUG] [python:166][39m Control 'after_activity_control' loaded from '/home/luisreciomelero/.local/lib/python3.8/site-packages/chaoscloud/controls.py'
[36m[2021-04-25 20:40:46 DEBUG] [execution:148][39m Cannot send event to ChaosIQ because execution identifier was not found in the experiment's extensions block.
[36m[2021-04-25 20:40:46 DEBUG] [hypothesis:211][39m allowed tolerance is True
[36m[2021-04-25 20:40:46 DEBUG] [__init__:365][39m Applying before-control 'chaosiq-cloud' on 'activity'
[36m[2021-04-25 20:40:46 DEBUG] [python:166][39m Control 'before_activity_control' loaded from '/home/luisreciomelero/.local/lib/python3.8/site-packages/chaoscloud/controls.py'
[36m[2021-04-25 20:40:46 DEBUG] [execution:148][39m Cannot send event to ChaosIQ because execution identifier was not found in the experiment's extensions block.
[32m[2021-04-25 20:40:46 INFO] [activity:161][39m Probe: pod-in-conditions
[36m[2021-04-25 20:40:46 DEBUG] [python:34][39m Activity 'pod-in-conditions' loaded from '/home/luisreciomelero/.local/lib/python3.8/site-packages/chaosk8s/pod/probes.py'
[36m[2021-04-25 20:40:46 DEBUG] [__init__:65][39m Using Kubernetes context: default
[36m[2021-04-25 20:40:46 DEBUG] [probes:130][39m Found 2 pods matching label 'app=kafka, component=kafka-broker' in ns 'default'
[36m[2021-04-25 20:40:46 DEBUG] [activity:180][39m   => succeeded with 'True'
[36m[2021-04-25 20:40:46 DEBUG] [__init__:365][39m Applying after-control 'chaosiq-cloud' on 'activity'
[36m[2021-04-25 20:40:46 DEBUG] [python:166][39m Control 'after_activity_control' loaded from '/home/luisreciomelero/.local/lib/python3.8/site-packages/chaoscloud/controls.py'
[36m[2021-04-25 20:40:46 DEBUG] [execution:148][39m Cannot send event to ChaosIQ because execution identifier was not found in the experiment's extensions block.
[36m[2021-04-25 20:40:46 DEBUG] [hypothesis:211][39m allowed tolerance is True
[32m[2021-04-25 20:40:46 INFO] [hypothesis:221][39m Steady state hypothesis is met!
[36m[2021-04-25 20:40:46 DEBUG] [__init__:365][39m Applying after-control 'chaosiq-cloud' on 'hypothesis'
[36m[2021-04-25 20:40:46 DEBUG] [python:166][39m Control 'after_hypothesis_control' loaded from '/home/luisreciomelero/.local/lib/python3.8/site-packages/chaoscloud/controls.py'
[36m[2021-04-25 20:40:46 DEBUG] [execution:148][39m Cannot send event to ChaosIQ because execution identifier was not found in the experiment's extensions block.
[32m[2021-04-25 20:40:46 INFO] [run:553][39m Playing your experiment's method now...
[36m[2021-04-25 20:40:46 DEBUG] [__init__:365][39m Applying before-control 'chaosiq-cloud' on 'method'
[36m[2021-04-25 20:40:46 DEBUG] [python:166][39m Control 'before_method_control' loaded from '/home/luisreciomelero/.local/lib/python3.8/site-packages/chaoscloud/controls.py'
[36m[2021-04-25 20:40:46 DEBUG] [execution:148][39m Cannot send event to ChaosIQ because execution identifier was not found in the experiment's extensions block.
[36m[2021-04-25 20:40:46 DEBUG] [__init__:365][39m Applying before-control 'chaosiq-cloud' on 'activity'
[36m[2021-04-25 20:40:46 DEBUG] [python:166][39m Control 'before_activity_control' loaded from '/home/luisreciomelero/.local/lib/python3.8/site-packages/chaoscloud/controls.py'
[36m[2021-04-25 20:40:46 DEBUG] [execution:148][39m Cannot send event to ChaosIQ because execution identifier was not found in the experiment's extensions block.
[32m[2021-04-25 20:40:46 INFO] [activity:161][39m Action: terminate-pod
[36m[2021-04-25 20:40:46 DEBUG] [python:34][39m Activity 'terminate-pod' loaded from '/home/luisreciomelero/.local/lib/python3.8/site-packages/chaosk8s/pod/actions.py'
[36m[2021-04-25 20:40:46 DEBUG] [__init__:65][39m Using Kubernetes context: default
[36m[2021-04-25 20:40:46 DEBUG] [actions:193][39m Found 2 pods labelled 'app=kafka, component=kafka-broker' in ns default
[36m[2021-04-25 20:40:46 DEBUG] [activity:182][39m   => succeeded without any result value
[32m[2021-04-25 20:40:46 INFO] [activity:198][39m Pausing after activity for 300s...
[36m[2021-04-25 20:45:46 DEBUG] [__init__:365][39m Applying after-control 'chaosiq-cloud' on 'activity'
[36m[2021-04-25 20:45:46 DEBUG] [python:166][39m Control 'after_activity_control' loaded from '/home/luisreciomelero/.local/lib/python3.8/site-packages/chaoscloud/controls.py'
[36m[2021-04-25 20:45:46 DEBUG] [execution:148][39m Cannot send event to ChaosIQ because execution identifier was not found in the experiment's extensions block.
[36m[2021-04-25 20:45:46 DEBUG] [__init__:365][39m Applying after-control 'chaosiq-cloud' on 'method'
[36m[2021-04-25 20:45:46 DEBUG] [python:166][39m Control 'after_method_control' loaded from '/home/luisreciomelero/.local/lib/python3.8/site-packages/chaoscloud/controls.py'
[36m[2021-04-25 20:45:46 DEBUG] [execution:148][39m Cannot send event to ChaosIQ because execution identifier was not found in the experiment's extensions block.
[36m[2021-04-25 20:45:46 DEBUG] [run:496][39m Running steady-state hypothesis after the method
[32m[2021-04-25 20:45:46 INFO] [hypothesis:183][39m Steady state hypothesis: Pod exists
[36m[2021-04-25 20:45:46 DEBUG] [__init__:365][39m Applying before-control 'chaosiq-cloud' on 'hypothesis'
[36m[2021-04-25 20:45:46 DEBUG] [python:166][39m Control 'before_hypothesis_control' loaded from '/home/luisreciomelero/.local/lib/python3.8/site-packages/chaoscloud/controls.py'
[36m[2021-04-25 20:45:46 DEBUG] [execution:148][39m Cannot send event to ChaosIQ because execution identifier was not found in the experiment's extensions block.
[36m[2021-04-25 20:45:46 DEBUG] [__init__:365][39m Applying before-control 'chaosiq-cloud' on 'activity'
[36m[2021-04-25 20:45:46 DEBUG] [python:166][39m Control 'before_activity_control' loaded from '/home/luisreciomelero/.local/lib/python3.8/site-packages/chaoscloud/controls.py'
[36m[2021-04-25 20:45:46 DEBUG] [execution:148][39m Cannot send event to ChaosIQ because execution identifier was not found in the experiment's extensions block.
[32m[2021-04-25 20:45:46 INFO] [activity:161][39m Probe: pod-exists
[36m[2021-04-25 20:45:46 DEBUG] [python:34][39m Activity 'pod-exists' loaded from '/home/luisreciomelero/.local/lib/python3.8/site-packages/chaosk8s/pod/probes.py'
[36m[2021-04-25 20:45:46 DEBUG] [__init__:65][39m Using Kubernetes context: default
[36m[2021-04-25 20:45:46 DEBUG] [probes:202][39m Found 2 pods matching label 'app=kafka, component=kafka-broker' in ns 'default'
[36m[2021-04-25 20:45:46 DEBUG] [activity:180][39m   => succeeded with '2'
[36m[2021-04-25 20:45:46 DEBUG] [__init__:365][39m Applying after-control 'chaosiq-cloud' on 'activity'
[36m[2021-04-25 20:45:46 DEBUG] [python:166][39m Control 'after_activity_control' loaded from '/home/luisreciomelero/.local/lib/python3.8/site-packages/chaoscloud/controls.py'
[36m[2021-04-25 20:45:46 DEBUG] [execution:148][39m Cannot send event to ChaosIQ because execution identifier was not found in the experiment's extensions block.
[36m[2021-04-25 20:45:46 DEBUG] [hypothesis:211][39m allowed tolerance is 2
[36m[2021-04-25 20:45:46 DEBUG] [__init__:365][39m Applying before-control 'chaosiq-cloud' on 'activity'
[36m[2021-04-25 20:45:46 DEBUG] [python:166][39m Control 'before_activity_control' loaded from '/home/luisreciomelero/.local/lib/python3.8/site-packages/chaoscloud/controls.py'
[36m[2021-04-25 20:45:46 DEBUG] [execution:148][39m Cannot send event to ChaosIQ because execution identifier was not found in the experiment's extensions block.
[32m[2021-04-25 20:45:46 INFO] [activity:161][39m Probe: pod-in-phase
[36m[2021-04-25 20:45:46 DEBUG] [python:34][39m Activity 'pod-in-phase' loaded from '/home/luisreciomelero/.local/lib/python3.8/site-packages/chaosk8s/pod/probes.py'
[36m[2021-04-25 20:45:46 DEBUG] [__init__:65][39m Using Kubernetes context: default
[36m[2021-04-25 20:45:46 DEBUG] [probes:97][39m Found 2 pods matching label 'app=kafka, component=kafka-broker' in ns 'default'
[36m[2021-04-25 20:45:46 DEBUG] [activity:180][39m   => succeeded with 'True'
[36m[2021-04-25 20:45:46 DEBUG] [__init__:365][39m Applying after-control 'chaosiq-cloud' on 'activity'
[36m[2021-04-25 20:45:46 DEBUG] [python:166][39m Control 'after_activity_control' loaded from '/home/luisreciomelero/.local/lib/python3.8/site-packages/chaoscloud/controls.py'
[36m[2021-04-25 20:45:46 DEBUG] [execution:148][39m Cannot send event to ChaosIQ because execution identifier was not found in the experiment's extensions block.
[36m[2021-04-25 20:45:46 DEBUG] [hypothesis:211][39m allowed tolerance is True
[36m[2021-04-25 20:45:46 DEBUG] [__init__:365][39m Applying before-control 'chaosiq-cloud' on 'activity'
[36m[2021-04-25 20:45:46 DEBUG] [python:166][39m Control 'before_activity_control' loaded from '/home/luisreciomelero/.local/lib/python3.8/site-packages/chaoscloud/controls.py'
[36m[2021-04-25 20:45:46 DEBUG] [execution:148][39m Cannot send event to ChaosIQ because execution identifier was not found in the experiment's extensions block.
[32m[2021-04-25 20:45:46 INFO] [activity:161][39m Probe: pod-in-conditions
[36m[2021-04-25 20:45:46 DEBUG] [python:34][39m Activity 'pod-in-conditions' loaded from '/home/luisreciomelero/.local/lib/python3.8/site-packages/chaosk8s/pod/probes.py'
[36m[2021-04-25 20:45:46 DEBUG] [__init__:65][39m Using Kubernetes context: default
[36m[2021-04-25 20:45:46 DEBUG] [probes:130][39m Found 2 pods matching label 'app=kafka, component=kafka-broker' in ns 'default'
[36m[2021-04-25 20:45:46 DEBUG] [activity:180][39m   => succeeded with 'True'
[36m[2021-04-25 20:45:46 DEBUG] [__init__:365][39m Applying after-control 'chaosiq-cloud' on 'activity'
[36m[2021-04-25 20:45:46 DEBUG] [python:166][39m Control 'after_activity_control' loaded from '/home/luisreciomelero/.local/lib/python3.8/site-packages/chaoscloud/controls.py'
[36m[2021-04-25 20:45:46 DEBUG] [execution:148][39m Cannot send event to ChaosIQ because execution identifier was not found in the experiment's extensions block.
[36m[2021-04-25 20:45:46 DEBUG] [hypothesis:211][39m allowed tolerance is True
[32m[2021-04-25 20:45:46 INFO] [hypothesis:221][39m Steady state hypothesis is met!
[36m[2021-04-25 20:45:46 DEBUG] [__init__:365][39m Applying after-control 'chaosiq-cloud' on 'hypothesis'
[36m[2021-04-25 20:45:46 DEBUG] [python:166][39m Control 'after_hypothesis_control' loaded from '/home/luisreciomelero/.local/lib/python3.8/site-packages/chaoscloud/controls.py'
[36m[2021-04-25 20:45:46 DEBUG] [execution:148][39m Cannot send event to ChaosIQ because execution identifier was not found in the experiment's extensions block.
[33m[2021-04-25 20:45:46 WARNING] [run:580][39m Rollbacks were explicitly requested to be played
[32m[2021-04-25 20:45:46 INFO] [run:809][39m Let's rollback...
[36m[2021-04-25 20:45:46 DEBUG] [__init__:365][39m Applying before-control 'chaosiq-cloud' on 'rollback'
[36m[2021-04-25 20:45:46 DEBUG] [python:166][39m Control 'before_rollback_control' loaded from '/home/luisreciomelero/.local/lib/python3.8/site-packages/chaoscloud/controls.py'
[36m[2021-04-25 20:45:46 DEBUG] [execution:148][39m Cannot send event to ChaosIQ because execution identifier was not found in the experiment's extensions block.
[32m[2021-04-25 20:45:46 INFO] [rollback:25][39m No declared rollbacks, let's move on.
[36m[2021-04-25 20:45:46 DEBUG] [__init__:365][39m Applying after-control 'chaosiq-cloud' on 'rollback'
[36m[2021-04-25 20:45:46 DEBUG] [python:166][39m Control 'after_rollback_control' loaded from '/home/luisreciomelero/.local/lib/python3.8/site-packages/chaoscloud/controls.py'
[36m[2021-04-25 20:45:46 DEBUG] [execution:148][39m Cannot send event to ChaosIQ because execution identifier was not found in the experiment's extensions block.
[32m[2021-04-25 20:45:46 INFO] [run:421][39m Experiment ended with status: completed
[36m[2021-04-25 20:45:46 DEBUG] [__init__:365][39m Applying after-control 'chaosiq-cloud' on 'experiment'
[36m[2021-04-25 20:45:46 DEBUG] [python:166][39m Control 'after_experiment_control' loaded from '/home/luisreciomelero/.local/lib/python3.8/site-packages/chaoscloud/controls.py'
[36m[2021-04-25 20:45:46 DEBUG] [execution:148][39m Cannot send event to ChaosIQ because execution identifier was not found in the experiment's extensions block.
[36m[2021-04-25 20:45:46 DEBUG] [execution:82][39m Cannot publish execution to ChaosIQ because execution identifier was not found in the experiment's extensions block.
[36m[2021-04-25 20:45:46 DEBUG] [__init__:72][39m Cleaning up controls
[36m[2021-04-25 20:45:46 DEBUG] [__init__:188][39m Cleaning up global control 'chaosiq-cloud'
[36m[2021-04-25 20:45:46 DEBUG] [python:159][39m Control module '/home/luisreciomelero/.local/lib/python3.8/site-packages/chaoscloud/controls.py' does not declare 'cleanup_control'
[36m[2021-04-25 20:45:46 DEBUG] [caching:42][39m Clearing activities cache
[36m[2021-04-25 22:52:26 DEBUG] [cli:73][39m ###############################################################################
[36m[2021-04-25 22:52:26 DEBUG] [cli:74][39m Running command 'run'
[36m[2021-04-25 22:52:26 DEBUG] [cli:78][39m Using settings file '/home/luisreciomelero/.chaostoolkit/settings.yaml'
[36m[2021-04-25 22:52:46 DEBUG] [cli:73][39m ###############################################################################
[36m[2021-04-25 22:52:46 DEBUG] [cli:74][39m Running command 'run'
[36m[2021-04-25 22:52:46 DEBUG] [cli:78][39m Using settings file '/home/luisreciomelero/.chaostoolkit/settings.yaml'
[36m[2021-04-25 22:52:51 DEBUG] [__init__:167][39m Loading global control 'chaosiq-cloud'
[36m[2021-04-25 22:52:51 DEBUG] [__init__:365][39m Applying before-control 'chaosiq-cloud' on 'loader'
[36m[2021-04-25 22:52:51 DEBUG] [python:166][39m Control 'before_loading_experiment_control' loaded from '/home/luisreciomelero/.local/lib/python3.8/site-packages/chaoscloud/controls.py'
[36m[2021-04-25 22:52:51 DEBUG] [__init__:365][39m Applying after-control 'chaosiq-cloud' on 'loader'
[36m[2021-04-25 22:52:51 DEBUG] [python:166][39m Control 'after_loading_experiment_control' loaded from '/home/luisreciomelero/.local/lib/python3.8/site-packages/chaoscloud/controls.py'
[36m[2021-04-25 22:52:51 DEBUG] [controls:109][39m Using experiment ID ac909764-e844-468e-b429-c6dd688194d3 from workspace for experiment at location terminate-kafka-pod-ssh-running-and-ready.yaml
[36m[2021-04-25 22:52:51 DEBUG] [caching:25][39m Building activity cache...
[36m[2021-04-25 22:52:51 DEBUG] [caching:35][39m Cached 4 activities
[32m[2021-04-25 22:52:51 INFO] [experiment:47][39m Validating the experiment's syntax
[36m[2021-04-25 22:52:51 DEBUG] [configuration:54][39m Loading configuration...
[36m[2021-04-25 22:52:51 DEBUG] [secret:75][39m Loading secrets...
[36m[2021-04-25 22:52:51 DEBUG] [secret:92][39m Secrets loaded
[32m[2021-04-25 22:52:55 INFO] [experiment:96][39m Experiment looks valid
[36m[2021-04-25 22:52:55 DEBUG] [caching:42][39m Clearing activities cache
[36m[2021-04-25 22:52:55 DEBUG] [caching:25][39m Building activity cache...
[36m[2021-04-25 22:52:55 DEBUG] [caching:35][39m Cached 4 activities
[36m[2021-04-25 22:52:55 DEBUG] [configuration:54][39m Loading configuration...
[36m[2021-04-25 22:52:55 DEBUG] [secret:75][39m Loading secrets...
[36m[2021-04-25 22:52:55 DEBUG] [secret:92][39m Secrets loaded
[32m[2021-04-25 22:52:55 INFO] [run:323][39m Running experiment: ¿Qué ocurre cuando eliminamos el pod en el que se ejecuta el contenedor de Kafka?
[36m[2021-04-25 22:52:55 DEBUG] [__init__:136][39m Initializing global control 'chaosiq-cloud'
[36m[2021-04-25 22:52:55 DEBUG] [python:166][39m Control 'configure_control' loaded from '/home/luisreciomelero/.local/lib/python3.8/site-packages/chaoscloud/controls.py'
[33m[2021-04-25 22:52:59 WARNING] [execution:62][39m Execution failed to be published: Internal Server Error
[36m[2021-04-25 22:52:59 DEBUG] [workspace:108][39m Saving workspace at .chaosiq
[36m[2021-04-25 22:52:59 DEBUG] [__init__:39][39m Initializing controls
[32m[2021-04-25 22:52:59 INFO] [run:342][39m Steady-state strategy: default
[32m[2021-04-25 22:52:59 INFO] [run:345][39m Rollbacks strategy: default
[36m[2021-04-25 22:52:59 DEBUG] [__init__:365][39m Applying before-control 'chaosiq-cloud' on 'experiment'
[36m[2021-04-25 22:52:59 DEBUG] [python:166][39m Control 'before_experiment_control' loaded from '/home/luisreciomelero/.local/lib/python3.8/site-packages/chaoscloud/controls.py'
[36m[2021-04-25 22:52:59 DEBUG] [execution:148][39m Cannot send event to ChaosIQ because execution identifier was not found in the experiment's extensions block.
[36m[2021-04-25 22:52:59 DEBUG] [run:466][39m Running steady-state hypothesis before the method
[32m[2021-04-25 22:52:59 INFO] [hypothesis:183][39m Steady state hypothesis: Pod exists
[36m[2021-04-25 22:52:59 DEBUG] [__init__:365][39m Applying before-control 'chaosiq-cloud' on 'hypothesis'
[36m[2021-04-25 22:52:59 DEBUG] [python:166][39m Control 'before_hypothesis_control' loaded from '/home/luisreciomelero/.local/lib/python3.8/site-packages/chaoscloud/controls.py'
[36m[2021-04-25 22:52:59 DEBUG] [execution:148][39m Cannot send event to ChaosIQ because execution identifier was not found in the experiment's extensions block.
[36m[2021-04-25 22:52:59 DEBUG] [__init__:365][39m Applying before-control 'chaosiq-cloud' on 'activity'
[36m[2021-04-25 22:52:59 DEBUG] [python:166][39m Control 'before_activity_control' loaded from '/home/luisreciomelero/.local/lib/python3.8/site-packages/chaoscloud/controls.py'
[36m[2021-04-25 22:52:59 DEBUG] [execution:148][39m Cannot send event to ChaosIQ because execution identifier was not found in the experiment's extensions block.
[32m[2021-04-25 22:52:59 INFO] [activity:161][39m Probe: pod-exists
[36m[2021-04-25 22:52:59 DEBUG] [python:34][39m Activity 'pod-exists' loaded from '/home/luisreciomelero/.local/lib/python3.8/site-packages/chaosk8s/pod/probes.py'
[36m[2021-04-25 22:52:59 DEBUG] [__init__:65][39m Using Kubernetes context: default
[36m[2021-04-25 22:53:01 DEBUG] [probes:202][39m Found 3 pods matching label 'app=kafka, component=kafka-broker' in ns 'default'
[36m[2021-04-25 22:53:01 DEBUG] [activity:180][39m   => succeeded with '3'
[36m[2021-04-25 22:53:01 DEBUG] [__init__:365][39m Applying after-control 'chaosiq-cloud' on 'activity'
[36m[2021-04-25 22:53:01 DEBUG] [python:166][39m Control 'after_activity_control' loaded from '/home/luisreciomelero/.local/lib/python3.8/site-packages/chaoscloud/controls.py'
[36m[2021-04-25 22:53:01 DEBUG] [execution:148][39m Cannot send event to ChaosIQ because execution identifier was not found in the experiment's extensions block.
[36m[2021-04-25 22:53:01 DEBUG] [hypothesis:211][39m allowed tolerance is 3
[36m[2021-04-25 22:53:01 DEBUG] [__init__:365][39m Applying before-control 'chaosiq-cloud' on 'activity'
[36m[2021-04-25 22:53:01 DEBUG] [python:166][39m Control 'before_activity_control' loaded from '/home/luisreciomelero/.local/lib/python3.8/site-packages/chaoscloud/controls.py'
[36m[2021-04-25 22:53:01 DEBUG] [execution:148][39m Cannot send event to ChaosIQ because execution identifier was not found in the experiment's extensions block.
[32m[2021-04-25 22:53:01 INFO] [activity:161][39m Probe: pod-in-phase
[36m[2021-04-25 22:53:01 DEBUG] [python:34][39m Activity 'pod-in-phase' loaded from '/home/luisreciomelero/.local/lib/python3.8/site-packages/chaosk8s/pod/probes.py'
[36m[2021-04-25 22:53:01 DEBUG] [__init__:65][39m Using Kubernetes context: default
[36m[2021-04-25 22:53:02 DEBUG] [probes:97][39m Found 3 pods matching label 'app=kafka, component=kafka-broker' in ns 'default'
[36m[2021-04-25 22:53:02 DEBUG] [activity:180][39m   => succeeded with 'True'
[36m[2021-04-25 22:53:02 DEBUG] [__init__:365][39m Applying after-control 'chaosiq-cloud' on 'activity'
[36m[2021-04-25 22:53:02 DEBUG] [python:166][39m Control 'after_activity_control' loaded from '/home/luisreciomelero/.local/lib/python3.8/site-packages/chaoscloud/controls.py'
[36m[2021-04-25 22:53:02 DEBUG] [execution:148][39m Cannot send event to ChaosIQ because execution identifier was not found in the experiment's extensions block.
[36m[2021-04-25 22:53:02 DEBUG] [hypothesis:211][39m allowed tolerance is True
[36m[2021-04-25 22:53:02 DEBUG] [__init__:365][39m Applying before-control 'chaosiq-cloud' on 'activity'
[36m[2021-04-25 22:53:02 DEBUG] [python:166][39m Control 'before_activity_control' loaded from '/home/luisreciomelero/.local/lib/python3.8/site-packages/chaoscloud/controls.py'
[36m[2021-04-25 22:53:02 DEBUG] [execution:148][39m Cannot send event to ChaosIQ because execution identifier was not found in the experiment's extensions block.
[32m[2021-04-25 22:53:02 INFO] [activity:161][39m Probe: pod-in-conditions
[36m[2021-04-25 22:53:02 DEBUG] [python:34][39m Activity 'pod-in-conditions' loaded from '/home/luisreciomelero/.local/lib/python3.8/site-packages/chaosk8s/pod/probes.py'
[36m[2021-04-25 22:53:02 DEBUG] [__init__:65][39m Using Kubernetes context: default
[36m[2021-04-25 22:53:02 DEBUG] [probes:130][39m Found 3 pods matching label 'app=kafka, component=kafka-broker' in ns 'default'
[36m[2021-04-25 22:53:02 DEBUG] [activity:180][39m   => succeeded with 'True'
[36m[2021-04-25 22:53:02 DEBUG] [__init__:365][39m Applying after-control 'chaosiq-cloud' on 'activity'
[36m[2021-04-25 22:53:02 DEBUG] [python:166][39m Control 'after_activity_control' loaded from '/home/luisreciomelero/.local/lib/python3.8/site-packages/chaoscloud/controls.py'
[36m[2021-04-25 22:53:02 DEBUG] [execution:148][39m Cannot send event to ChaosIQ because execution identifier was not found in the experiment's extensions block.
[36m[2021-04-25 22:53:02 DEBUG] [hypothesis:211][39m allowed tolerance is True
[32m[2021-04-25 22:53:02 INFO] [hypothesis:221][39m Steady state hypothesis is met!
[36m[2021-04-25 22:53:02 DEBUG] [__init__:365][39m Applying after-control 'chaosiq-cloud' on 'hypothesis'
[36m[2021-04-25 22:53:02 DEBUG] [python:166][39m Control 'after_hypothesis_control' loaded from '/home/luisreciomelero/.local/lib/python3.8/site-packages/chaoscloud/controls.py'
[36m[2021-04-25 22:53:02 DEBUG] [execution:148][39m Cannot send event to ChaosIQ because execution identifier was not found in the experiment's extensions block.
[32m[2021-04-25 22:53:02 INFO] [run:553][39m Playing your experiment's method now...
[36m[2021-04-25 22:53:02 DEBUG] [__init__:365][39m Applying before-control 'chaosiq-cloud' on 'method'
[36m[2021-04-25 22:53:02 DEBUG] [python:166][39m Control 'before_method_control' loaded from '/home/luisreciomelero/.local/lib/python3.8/site-packages/chaoscloud/controls.py'
[36m[2021-04-25 22:53:02 DEBUG] [execution:148][39m Cannot send event to ChaosIQ because execution identifier was not found in the experiment's extensions block.
[36m[2021-04-25 22:53:02 DEBUG] [__init__:365][39m Applying before-control 'chaosiq-cloud' on 'activity'
[36m[2021-04-25 22:53:02 DEBUG] [python:166][39m Control 'before_activity_control' loaded from '/home/luisreciomelero/.local/lib/python3.8/site-packages/chaoscloud/controls.py'
[36m[2021-04-25 22:53:02 DEBUG] [execution:148][39m Cannot send event to ChaosIQ because execution identifier was not found in the experiment's extensions block.
[32m[2021-04-25 22:53:02 INFO] [activity:161][39m Action: terminate-pod
[36m[2021-04-25 22:53:02 DEBUG] [python:34][39m Activity 'terminate-pod' loaded from '/home/luisreciomelero/.local/lib/python3.8/site-packages/chaosk8s/pod/actions.py'
[36m[2021-04-25 22:53:02 DEBUG] [__init__:65][39m Using Kubernetes context: default
[36m[2021-04-25 22:53:02 DEBUG] [actions:193][39m Found 3 pods labelled 'app=kafka, component=kafka-broker' in ns default
[36m[2021-04-25 22:53:02 DEBUG] [activity:182][39m   => succeeded without any result value
[32m[2021-04-25 22:53:02 INFO] [activity:198][39m Pausing after activity for 300s...
[36m[2021-04-25 22:58:03 DEBUG] [__init__:365][39m Applying after-control 'chaosiq-cloud' on 'activity'
[36m[2021-04-25 22:58:03 DEBUG] [python:166][39m Control 'after_activity_control' loaded from '/home/luisreciomelero/.local/lib/python3.8/site-packages/chaoscloud/controls.py'
[36m[2021-04-25 22:58:03 DEBUG] [execution:148][39m Cannot send event to ChaosIQ because execution identifier was not found in the experiment's extensions block.
[36m[2021-04-25 22:58:03 DEBUG] [__init__:365][39m Applying after-control 'chaosiq-cloud' on 'method'
[36m[2021-04-25 22:58:03 DEBUG] [python:166][39m Control 'after_method_control' loaded from '/home/luisreciomelero/.local/lib/python3.8/site-packages/chaoscloud/controls.py'
[36m[2021-04-25 22:58:03 DEBUG] [execution:148][39m Cannot send event to ChaosIQ because execution identifier was not found in the experiment's extensions block.
[36m[2021-04-25 22:58:03 DEBUG] [run:496][39m Running steady-state hypothesis after the method
[32m[2021-04-25 22:58:03 INFO] [hypothesis:183][39m Steady state hypothesis: Pod exists
[36m[2021-04-25 22:58:03 DEBUG] [__init__:365][39m Applying before-control 'chaosiq-cloud' on 'hypothesis'
[36m[2021-04-25 22:58:03 DEBUG] [python:166][39m Control 'before_hypothesis_control' loaded from '/home/luisreciomelero/.local/lib/python3.8/site-packages/chaoscloud/controls.py'
[36m[2021-04-25 22:58:03 DEBUG] [execution:148][39m Cannot send event to ChaosIQ because execution identifier was not found in the experiment's extensions block.
[36m[2021-04-25 22:58:03 DEBUG] [__init__:365][39m Applying before-control 'chaosiq-cloud' on 'activity'
[36m[2021-04-25 22:58:03 DEBUG] [python:166][39m Control 'before_activity_control' loaded from '/home/luisreciomelero/.local/lib/python3.8/site-packages/chaoscloud/controls.py'
[36m[2021-04-25 22:58:03 DEBUG] [execution:148][39m Cannot send event to ChaosIQ because execution identifier was not found in the experiment's extensions block.
[32m[2021-04-25 22:58:03 INFO] [activity:161][39m Probe: pod-exists
[36m[2021-04-25 22:58:03 DEBUG] [python:34][39m Activity 'pod-exists' loaded from '/home/luisreciomelero/.local/lib/python3.8/site-packages/chaosk8s/pod/probes.py'
[36m[2021-04-25 22:58:03 DEBUG] [__init__:65][39m Using Kubernetes context: default
[36m[2021-04-25 22:58:03 DEBUG] [probes:202][39m Found 3 pods matching label 'app=kafka, component=kafka-broker' in ns 'default'
[36m[2021-04-25 22:58:03 DEBUG] [activity:180][39m   => succeeded with '3'
[36m[2021-04-25 22:58:03 DEBUG] [__init__:365][39m Applying after-control 'chaosiq-cloud' on 'activity'
[36m[2021-04-25 22:58:03 DEBUG] [python:166][39m Control 'after_activity_control' loaded from '/home/luisreciomelero/.local/lib/python3.8/site-packages/chaoscloud/controls.py'
[36m[2021-04-25 22:58:03 DEBUG] [execution:148][39m Cannot send event to ChaosIQ because execution identifier was not found in the experiment's extensions block.
[36m[2021-04-25 22:58:03 DEBUG] [hypothesis:211][39m allowed tolerance is 3
[36m[2021-04-25 22:58:03 DEBUG] [__init__:365][39m Applying before-control 'chaosiq-cloud' on 'activity'
[36m[2021-04-25 22:58:03 DEBUG] [python:166][39m Control 'before_activity_control' loaded from '/home/luisreciomelero/.local/lib/python3.8/site-packages/chaoscloud/controls.py'
[36m[2021-04-25 22:58:03 DEBUG] [execution:148][39m Cannot send event to ChaosIQ because execution identifier was not found in the experiment's extensions block.
[32m[2021-04-25 22:58:03 INFO] [activity:161][39m Probe: pod-in-phase
[36m[2021-04-25 22:58:03 DEBUG] [python:34][39m Activity 'pod-in-phase' loaded from '/home/luisreciomelero/.local/lib/python3.8/site-packages/chaosk8s/pod/probes.py'
[36m[2021-04-25 22:58:03 DEBUG] [__init__:65][39m Using Kubernetes context: default
[36m[2021-04-25 22:58:03 DEBUG] [probes:97][39m Found 3 pods matching label 'app=kafka, component=kafka-broker' in ns 'default'
[36m[2021-04-25 22:58:03 DEBUG] [activity:180][39m   => succeeded with 'True'
[36m[2021-04-25 22:58:03 DEBUG] [__init__:365][39m Applying after-control 'chaosiq-cloud' on 'activity'
[36m[2021-04-25 22:58:03 DEBUG] [python:166][39m Control 'after_activity_control' loaded from '/home/luisreciomelero/.local/lib/python3.8/site-packages/chaoscloud/controls.py'
[36m[2021-04-25 22:58:03 DEBUG] [execution:148][39m Cannot send event to ChaosIQ because execution identifier was not found in the experiment's extensions block.
[36m[2021-04-25 22:58:03 DEBUG] [hypothesis:211][39m allowed tolerance is True
[36m[2021-04-25 22:58:03 DEBUG] [__init__:365][39m Applying before-control 'chaosiq-cloud' on 'activity'
[36m[2021-04-25 22:58:03 DEBUG] [python:166][39m Control 'before_activity_control' loaded from '/home/luisreciomelero/.local/lib/python3.8/site-packages/chaoscloud/controls.py'
[36m[2021-04-25 22:58:03 DEBUG] [execution:148][39m Cannot send event to ChaosIQ because execution identifier was not found in the experiment's extensions block.
[32m[2021-04-25 22:58:03 INFO] [activity:161][39m Probe: pod-in-conditions
[36m[2021-04-25 22:58:03 DEBUG] [python:34][39m Activity 'pod-in-conditions' loaded from '/home/luisreciomelero/.local/lib/python3.8/site-packages/chaosk8s/pod/probes.py'
[36m[2021-04-25 22:58:03 DEBUG] [__init__:65][39m Using Kubernetes context: default
[36m[2021-04-25 22:58:03 DEBUG] [probes:130][39m Found 3 pods matching label 'app=kafka, component=kafka-broker' in ns 'default'
[36m[2021-04-25 22:58:03 DEBUG] [activity:180][39m   => succeeded with 'True'
[36m[2021-04-25 22:58:03 DEBUG] [__init__:365][39m Applying after-control 'chaosiq-cloud' on 'activity'
[36m[2021-04-25 22:58:03 DEBUG] [python:166][39m Control 'after_activity_control' loaded from '/home/luisreciomelero/.local/lib/python3.8/site-packages/chaoscloud/controls.py'
[36m[2021-04-25 22:58:03 DEBUG] [execution:148][39m Cannot send event to ChaosIQ because execution identifier was not found in the experiment's extensions block.
[36m[2021-04-25 22:58:03 DEBUG] [hypothesis:211][39m allowed tolerance is True
[32m[2021-04-25 22:58:03 INFO] [hypothesis:221][39m Steady state hypothesis is met!
[36m[2021-04-25 22:58:03 DEBUG] [__init__:365][39m Applying after-control 'chaosiq-cloud' on 'hypothesis'
[36m[2021-04-25 22:58:03 DEBUG] [python:166][39m Control 'after_hypothesis_control' loaded from '/home/luisreciomelero/.local/lib/python3.8/site-packages/chaoscloud/controls.py'
[36m[2021-04-25 22:58:03 DEBUG] [execution:148][39m Cannot send event to ChaosIQ because execution identifier was not found in the experiment's extensions block.
[32m[2021-04-25 22:58:03 INFO] [run:809][39m Let's rollback...
[36m[2021-04-25 22:58:03 DEBUG] [__init__:365][39m Applying before-control 'chaosiq-cloud' on 'rollback'
[36m[2021-04-25 22:58:03 DEBUG] [python:166][39m Control 'before_rollback_control' loaded from '/home/luisreciomelero/.local/lib/python3.8/site-packages/chaoscloud/controls.py'
[36m[2021-04-25 22:58:03 DEBUG] [execution:148][39m Cannot send event to ChaosIQ because execution identifier was not found in the experiment's extensions block.
[32m[2021-04-25 22:58:03 INFO] [rollback:25][39m No declared rollbacks, let's move on.
[36m[2021-04-25 22:58:03 DEBUG] [__init__:365][39m Applying after-control 'chaosiq-cloud' on 'rollback'
[36m[2021-04-25 22:58:03 DEBUG] [python:166][39m Control 'after_rollback_control' loaded from '/home/luisreciomelero/.local/lib/python3.8/site-packages/chaoscloud/controls.py'
[36m[2021-04-25 22:58:03 DEBUG] [execution:148][39m Cannot send event to ChaosIQ because execution identifier was not found in the experiment's extensions block.
[32m[2021-04-25 22:58:03 INFO] [run:421][39m Experiment ended with status: completed
[36m[2021-04-25 22:58:03 DEBUG] [__init__:365][39m Applying after-control 'chaosiq-cloud' on 'experiment'
[36m[2021-04-25 22:58:03 DEBUG] [python:166][39m Control 'after_experiment_control' loaded from '/home/luisreciomelero/.local/lib/python3.8/site-packages/chaoscloud/controls.py'
[36m[2021-04-25 22:58:03 DEBUG] [execution:148][39m Cannot send event to ChaosIQ because execution identifier was not found in the experiment's extensions block.
[36m[2021-04-25 22:58:03 DEBUG] [execution:82][39m Cannot publish execution to ChaosIQ because execution identifier was not found in the experiment's extensions block.
[36m[2021-04-25 22:58:03 DEBUG] [__init__:72][39m Cleaning up controls
[36m[2021-04-25 22:58:03 DEBUG] [__init__:188][39m Cleaning up global control 'chaosiq-cloud'
[36m[2021-04-25 22:58:03 DEBUG] [python:159][39m Control module '/home/luisreciomelero/.local/lib/python3.8/site-packages/chaoscloud/controls.py' does not declare 'cleanup_control'
[36m[2021-04-25 22:58:03 DEBUG] [caching:42][39m Clearing activities cache
